{"C:\\Users\\Michael\\Desktop\\Projects\\AFODABO\\afodabo-housing-mobile\\src\\App.tsx": {"path":"C:\\Users\\Michael\\Desktop\\Projects\\AFODABO\\afodabo-housing-mobile\\src\\App.tsx","statementMap":{"0":{"start":{"line":19,"column":20},"end":{"line":19,"column":37}},"1":{"start":{"line":22,"column":24},"end":{"line":29,"column":4}},"2":{"start":{"line":31,"column":2},"end":{"line":33,"column":3}},"3":{"start":{"line":32,"column":4},"end":{"line":32,"column":16}},"4":{"start":{"line":35,"column":2},"end":{"line":46,"column":4}},"5":{"start":{"line":49,"column":15},"end":{"line":53,"column":2}}},"fnMap":{"0":{"name":"App","decl":{"start":{"line":21,"column":24},"end":{"line":21,"column":27}},"loc":{"start":{"line":21,"column":30},"end":{"line":47,"column":1}},"line":21}},"branchMap":{"0":{"loc":{"start":{"line":31,"column":2},"end":{"line":33,"column":3}},"type":"if","locations":[{"start":{"line":31,"column":2},"end":{"line":33,"column":3}},{"start":{},"end":{}}],"line":31}},"s":{"0":0,"1":0,"2":0,"3":0,"4":0,"5":0},"f":{"0":0},"b":{"0":[0,0]}}
,"C:\\Users\\Michael\\Desktop\\Projects\\AFODABO\\afodabo-housing-mobile\\src\\jest-setup.ts": {"path":"C:\\Users\\Michael\\Desktop\\Projects\\AFODABO\\afodabo-housing-mobile\\src\\jest-setup.ts","statementMap":{},"fnMap":{},"branchMap":{},"s":{},"f":{},"b":{}}
,"C:\\Users\\Michael\\Desktop\\Projects\\AFODABO\\afodabo-housing-mobile\\src\\components\\badge.tsx": {"path":"C:\\Users\\Michael\\Desktop\\Projects\\AFODABO\\afodabo-housing-mobile\\src\\components\\badge.tsx","statementMap":{"0":{"start":{"line":11,"column":18},"end":{"line":18,"column":9}},"1":{"start":{"line":20,"column":2},"end":{"line":24,"column":4}},"2":{"start":{"line":27,"column":15},"end":{"line":38,"column":2}}},"fnMap":{"0":{"name":"Badge","decl":{"start":{"line":10,"column":16},"end":{"line":10,"column":21}},"loc":{"start":{"line":10,"column":66},"end":{"line":25,"column":1}},"line":10}},"branchMap":{"0":{"loc":{"start":{"line":10,"column":34},"end":{"line":10,"column":50}},"type":"default-arg","locations":[{"start":{"line":10,"column":41},"end":{"line":10,"column":50}}],"line":10}},"s":{"0":0,"1":0,"2":0},"f":{"0":0},"b":{"0":[0]}}
,"C:\\Users\\Michael\\Desktop\\Projects\\AFODABO\\afodabo-housing-mobile\\src\\components\\button.tsx": {"path":"C:\\Users\\Michael\\Desktop\\Projects\\AFODABO\\afodabo-housing-mobile\\src\\components\\button.tsx","statementMap":{"0":{"start":{"line":15,"column":18},"end":{"line":41,"column":12}},"1":{"start":{"line":43,"column":2},"end":{"line":62,"column":4}},"2":{"start":{"line":47,"column":30},"end":{"line":52,"column":7}},"3":{"start":{"line":65,"column":15},"end":{"line":88,"column":2}}},"fnMap":{"0":{"name":"Button","decl":{"start":{"line":14,"column":16},"end":{"line":14,"column":22}},"loc":{"start":{"line":14,"column":90},"end":{"line":63,"column":1}},"line":14},"1":{"name":"(anonymous_1)","decl":{"start":{"line":47,"column":13},"end":{"line":47,"column":14}},"loc":{"start":{"line":47,"column":30},"end":{"line":52,"column":7}},"line":47}},"branchMap":{"0":{"loc":{"start":{"line":14,"column":54},"end":{"line":14,"column":73}},"type":"default-arg","locations":[{"start":{"line":14,"column":64},"end":{"line":14,"column":73}}],"line":14},"1":{"loc":{"start":{"line":50,"column":8},"end":{"line":50,"column":41}},"type":"cond-expr","locations":[{"start":{"line":50,"column":19},"end":{"line":50,"column":34}},{"start":{"line":50,"column":37},"end":{"line":50,"column":41}}],"line":50},"2":{"loc":{"start":{"line":51,"column":8},"end":{"line":51,"column":52}},"type":"cond-expr","locations":[{"start":{"line":51,"column":31},"end":{"line":51,"column":45}},{"start":{"line":51,"column":48},"end":{"line":51,"column":52}}],"line":51},"3":{"loc":{"start":{"line":51,"column":8},"end":{"line":51,"column":28}},"type":"binary-expr","locations":[{"start":{"line":51,"column":8},"end":{"line":51,"column":15}},{"start":{"line":51,"column":19},"end":{"line":51,"column":28}}],"line":51},"4":{"loc":{"start":{"line":54,"column":7},"end":{"line":60,"column":7}},"type":"cond-expr","locations":[{"start":{"line":55,"column":8},"end":{"line":55,"column":80}},{"start":{"line":56,"column":10},"end":{"line":60,"column":7}}],"line":54},"5":{"loc":{"start":{"line":56,"column":10},"end":{"line":60,"column":7}},"type":"cond-expr","locations":[{"start":{"line":57,"column":8},"end":{"line":57,"column":51}},{"start":{"line":59,"column":8},"end":{"line":59,"column":16}}],"line":56}},"s":{"0":0,"1":0,"2":0,"3":0},"f":{"0":0,"1":0},"b":{"0":[0],"1":[0,0],"2":[0,0],"3":[0,0],"4":[0,0],"5":[0,0]}}
,"C:\\Users\\Michael\\Desktop\\Projects\\AFODABO\\afodabo-housing-mobile\\src\\components\\empty-state.tsx": {"path":"C:\\Users\\Michael\\Desktop\\Projects\\AFODABO\\afodabo-housing-mobile\\src\\components\\empty-state.tsx","statementMap":{"0":{"start":{"line":11,"column":2},"end":{"line":16,"column":4}},"1":{"start":{"line":19,"column":15},"end":{"line":42,"column":2}}},"fnMap":{"0":{"name":"EmptyState","decl":{"start":{"line":10,"column":16},"end":{"line":10,"column":26}},"loc":{"start":{"line":10,"column":68},"end":{"line":17,"column":1}},"line":10}},"branchMap":{},"s":{"0":0,"1":0},"f":{"0":0},"b":{}}
,"C:\\Users\\Michael\\Desktop\\Projects\\AFODABO\\afodabo-housing-mobile\\src\\components\\error-state.tsx": {"path":"C:\\Users\\Michael\\Desktop\\Projects\\AFODABO\\afodabo-housing-mobile\\src\\components\\error-state.tsx","statementMap":{"0":{"start":{"line":13,"column":2},"end":{"line":23,"column":4}},"1":{"start":{"line":26,"column":15},"end":{"line":46,"column":2}}},"fnMap":{"0":{"name":"ErrorState","decl":{"start":{"line":12,"column":16},"end":{"line":12,"column":26}},"loc":{"start":{"line":12,"column":77},"end":{"line":24,"column":1}},"line":12}},"branchMap":{"0":{"loc":{"start":{"line":17,"column":7},"end":{"line":21,"column":14}},"type":"cond-expr","locations":[{"start":{"line":18,"column":8},"end":{"line":20,"column":17}},{"start":{"line":21,"column":10},"end":{"line":21,"column":14}}],"line":17}},"s":{"0":0,"1":0},"f":{"0":0},"b":{"0":[0,0]}}
,"C:\\Users\\Michael\\Desktop\\Projects\\AFODABO\\afodabo-housing-mobile\\src\\components\\input-field.tsx": {"path":"C:\\Users\\Michael\\Desktop\\Projects\\AFODABO\\afodabo-housing-mobile\\src\\components\\input-field.tsx","statementMap":{"0":{"start":{"line":26,"column":2},"end":{"line":41,"column":4}},"1":{"start":{"line":44,"column":15},"end":{"line":70,"column":2}}},"fnMap":{"0":{"name":"InputField","decl":{"start":{"line":16,"column":16},"end":{"line":16,"column":26}},"loc":{"start":{"line":25,"column":20},"end":{"line":42,"column":1}},"line":25}},"branchMap":{"0":{"loc":{"start":{"line":17,"column":2},"end":{"line":17,"column":30}},"type":"default-arg","locations":[{"start":{"line":17,"column":19},"end":{"line":17,"column":30}}],"line":17},"1":{"loc":{"start":{"line":18,"column":2},"end":{"line":18,"column":26}},"type":"default-arg","locations":[{"start":{"line":18,"column":17},"end":{"line":18,"column":26}}],"line":18},"2":{"loc":{"start":{"line":37,"column":30},"end":{"line":37,"column":65}},"type":"cond-expr","locations":[{"start":{"line":37,"column":42},"end":{"line":37,"column":58}},{"start":{"line":37,"column":61},"end":{"line":37,"column":65}}],"line":37}},"s":{"0":0,"1":0},"f":{"0":0},"b":{"0":[0],"1":[0],"2":[0,0]}}
,"C:\\Users\\Michael\\Desktop\\Projects\\AFODABO\\afodabo-housing-mobile\\src\\components\\loading-state.tsx": {"path":"C:\\Users\\Michael\\Desktop\\Projects\\AFODABO\\afodabo-housing-mobile\\src\\components\\loading-state.tsx","statementMap":{"0":{"start":{"line":10,"column":2},"end":{"line":15,"column":4}},"1":{"start":{"line":18,"column":15},"end":{"line":33,"column":2}}},"fnMap":{"0":{"name":"LoadingState","decl":{"start":{"line":9,"column":16},"end":{"line":9,"column":28}},"loc":{"start":{"line":9,"column":76},"end":{"line":16,"column":1}},"line":9}},"branchMap":{"0":{"loc":{"start":{"line":9,"column":31},"end":{"line":9,"column":53}},"type":"default-arg","locations":[{"start":{"line":9,"column":41},"end":{"line":9,"column":53}}],"line":9}},"s":{"0":0,"1":0},"f":{"0":0},"b":{"0":[0]}}
,"C:\\Users\\Michael\\Desktop\\Projects\\AFODABO\\afodabo-housing-mobile\\src\\components\\message-bubble.tsx": {"path":"C:\\Users\\Michael\\Desktop\\Projects\\AFODABO\\afodabo-housing-mobile\\src\\components\\message-bubble.tsx","statementMap":{"0":{"start":{"line":18,"column":19},"end":{"line":18,"column":47}},"1":{"start":{"line":20,"column":2},"end":{"line":26,"column":4}},"2":{"start":{"line":29,"column":15},"end":{"line":61,"column":2}}},"fnMap":{"0":{"name":"MessageBubble","decl":{"start":{"line":17,"column":16},"end":{"line":17,"column":29}},"loc":{"start":{"line":17,"column":71},"end":{"line":27,"column":1}},"line":17}},"branchMap":{"0":{"loc":{"start":{"line":21,"column":31},"end":{"line":21,"column":75}},"type":"cond-expr","locations":[{"start":{"line":21,"column":42},"end":{"line":21,"column":57}},{"start":{"line":21,"column":60},"end":{"line":21,"column":75}}],"line":21},"1":{"loc":{"start":{"line":22,"column":34},"end":{"line":22,"column":91}},"type":"cond-expr","locations":[{"start":{"line":22,"column":45},"end":{"line":22,"column":50}},{"start":{"line":22,"column":53},"end":{"line":22,"column":91}}],"line":22},"2":{"loc":{"start":{"line":22,"column":53},"end":{"line":22,"column":91}},"type":"binary-expr","locations":[{"start":{"line":22,"column":53},"end":{"line":22,"column":72}},{"start":{"line":22,"column":76},"end":{"line":22,"column":91}}],"line":22}},"s":{"0":0,"1":0,"2":0},"f":{"0":0},"b":{"0":[0,0],"1":[0,0],"2":[0,0]}}
,"C:\\Users\\Michael\\Desktop\\Projects\\AFODABO\\afodabo-housing-mobile\\src\\components\\message-composer.tsx": {"path":"C:\\Users\\Michael\\Desktop\\Projects\\AFODABO\\afodabo-housing-mobile\\src\\components\\message-composer.tsx","statementMap":{"0":{"start":{"line":20,"column":32},"end":{"line":20,"column":44}},"1":{"start":{"line":22,"column":2},"end":{"line":48,"column":4}},"2":{"start":{"line":36,"column":24},"end":{"line":36,"column":38}},"3":{"start":{"line":37,"column":10},"end":{"line":39,"column":11}},"4":{"start":{"line":38,"column":12},"end":{"line":38,"column":19}},"5":{"start":{"line":41,"column":10},"end":{"line":41,"column":30}},"6":{"start":{"line":42,"column":10},"end":{"line":42,"column":25}},"7":{"start":{"line":51,"column":15},"end":{"line":71,"column":2}}},"fnMap":{"0":{"name":"MessageComposer","decl":{"start":{"line":14,"column":16},"end":{"line":14,"column":31}},"loc":{"start":{"line":19,"column":25},"end":{"line":49,"column":1}},"line":19},"1":{"name":"(anonymous_1)","decl":{"start":{"line":35,"column":17},"end":{"line":35,"column":18}},"loc":{"start":{"line":35,"column":29},"end":{"line":43,"column":9}},"line":35}},"branchMap":{"0":{"loc":{"start":{"line":15,"column":2},"end":{"line":15,"column":18}},"type":"default-arg","locations":[{"start":{"line":15,"column":13},"end":{"line":15,"column":18}}],"line":15},"1":{"loc":{"start":{"line":17,"column":2},"end":{"line":17,"column":17}},"type":"default-arg","locations":[{"start":{"line":17,"column":12},"end":{"line":17,"column":17}}],"line":17},"2":{"loc":{"start":{"line":25,"column":7},"end":{"line":25,"column":74}},"type":"cond-expr","locations":[{"start":{"line":25,"column":20},"end":{"line":25,"column":67}},{"start":{"line":25,"column":70},"end":{"line":25,"column":74}}],"line":25},"3":{"loc":{"start":{"line":34,"column":18},"end":{"line":34,"column":56}},"type":"binary-expr","locations":[{"start":{"line":34,"column":18},"end":{"line":34,"column":26}},{"start":{"line":34,"column":30},"end":{"line":34,"column":37}},{"start":{"line":34,"column":41},"end":{"line":34,"column":56}}],"line":34},"4":{"loc":{"start":{"line":37,"column":10},"end":{"line":39,"column":11}},"type":"if","locations":[{"start":{"line":37,"column":10},"end":{"line":39,"column":11}},{"start":{},"end":{}}],"line":37},"5":{"loc":{"start":{"line":45,"column":9},"end":{"line":45,"column":48}},"type":"cond-expr","locations":[{"start":{"line":45,"column":19},"end":{"line":45,"column":31}},{"start":{"line":45,"column":34},"end":{"line":45,"column":48}}],"line":45}},"s":{"0":0,"1":0,"2":0,"3":0,"4":0,"5":0,"6":0,"7":0},"f":{"0":0,"1":0},"b":{"0":[0],"1":[0],"2":[0,0],"3":[0,0,0],"4":[0,0],"5":[0,0]}}
,"C:\\Users\\Michael\\Desktop\\Projects\\AFODABO\\afodabo-housing-mobile\\src\\components\\page-header.tsx": {"path":"C:\\Users\\Michael\\Desktop\\Projects\\AFODABO\\afodabo-housing-mobile\\src\\components\\page-header.tsx","statementMap":{"0":{"start":{"line":12,"column":2},"end":{"line":18,"column":4}},"1":{"start":{"line":21,"column":15},"end":{"line":44,"column":2}}},"fnMap":{"0":{"name":"PageHeader","decl":{"start":{"line":11,"column":16},"end":{"line":11,"column":26}},"loc":{"start":{"line":11,"column":72},"end":{"line":19,"column":1}},"line":11}},"branchMap":{"0":{"loc":{"start":{"line":14,"column":7},"end":{"line":14,"column":63}},"type":"cond-expr","locations":[{"start":{"line":14,"column":15},"end":{"line":14,"column":56}},{"start":{"line":14,"column":59},"end":{"line":14,"column":63}}],"line":14},"1":{"loc":{"start":{"line":16,"column":7},"end":{"line":16,"column":72}},"type":"cond-expr","locations":[{"start":{"line":16,"column":18},"end":{"line":16,"column":65}},{"start":{"line":16,"column":68},"end":{"line":16,"column":72}}],"line":16}},"s":{"0":0,"1":0},"f":{"0":0},"b":{"0":[0,0],"1":[0,0]}}
,"C:\\Users\\Michael\\Desktop\\Projects\\AFODABO\\afodabo-housing-mobile\\src\\components\\property-card.tsx": {"path":"C:\\Users\\Michael\\Desktop\\Projects\\AFODABO\\afodabo-housing-mobile\\src\\components\\property-card.tsx","statementMap":{"0":{"start":{"line":7,"column":23},"end":{"line":11,"column":1}},"1":{"start":{"line":20,"column":19},"end":{"line":20,"column":39}},"2":{"start":{"line":22,"column":2},"end":{"line":74,"column":4}},"3":{"start":{"line":25,"column":30},"end":{"line":25,"column":80}},"4":{"start":{"line":77,"column":28},"end":{"line":77,"column":55}},"5":{"start":{"line":79,"column":15},"end":{"line":163,"column":2}}},"fnMap":{"0":{"name":"PropertyCardComponent","decl":{"start":{"line":19,"column":9},"end":{"line":19,"column":30}},"loc":{"start":{"line":19,"column":84},"end":{"line":75,"column":1}},"line":19},"1":{"name":"(anonymous_1)","decl":{"start":{"line":25,"column":13},"end":{"line":25,"column":14}},"loc":{"start":{"line":25,"column":30},"end":{"line":25,"column":80}},"line":25}},"branchMap":{"0":{"loc":{"start":{"line":19,"column":33},"end":{"line":19,"column":42}},"type":"default-arg","locations":[{"start":{"line":19,"column":41},"end":{"line":19,"column":42}}],"line":19},"1":{"loc":{"start":{"line":25,"column":44},"end":{"line":25,"column":79}},"type":"cond-expr","locations":[{"start":{"line":25,"column":54},"end":{"line":25,"column":72}},{"start":{"line":25,"column":75},"end":{"line":25,"column":79}}],"line":25},"2":{"loc":{"start":{"line":27,"column":7},"end":{"line":31,"column":7}},"type":"cond-expr","locations":[{"start":{"line":28,"column":8},"end":{"line":28,"column":65}},{"start":{"line":30,"column":8},"end":{"line":30,"column":93}}],"line":27},"3":{"loc":{"start":{"line":41,"column":14},"end":{"line":41,"column":89}},"type":"cond-expr","locations":[{"start":{"line":41,"column":48},"end":{"line":41,"column":68}},{"start":{"line":41,"column":71},"end":{"line":41,"column":89}}],"line":41},"4":{"loc":{"start":{"line":47,"column":16},"end":{"line":47,"column":91}},"type":"cond-expr","locations":[{"start":{"line":47,"column":50},"end":{"line":47,"column":70}},{"start":{"line":47,"column":73},"end":{"line":47,"column":91}}],"line":47},"5":{"loc":{"start":{"line":50,"column":15},"end":{"line":50,"column":78}},"type":"cond-expr","locations":[{"start":{"line":50,"column":49},"end":{"line":50,"column":60}},{"start":{"line":50,"column":63},"end":{"line":50,"column":78}}],"line":50}},"s":{"0":0,"1":0,"2":0,"3":0,"4":0,"5":0},"f":{"0":0,"1":0},"b":{"0":[0],"1":[0,0],"2":[0,0],"3":[0,0],"4":[0,0],"5":[0,0]}}
,"C:\\Users\\Michael\\Desktop\\Projects\\AFODABO\\afodabo-housing-mobile\\src\\components\\screen.tsx": {"path":"C:\\Users\\Michael\\Desktop\\Projects\\AFODABO\\afodabo-housing-mobile\\src\\components\\screen.tsx","statementMap":{"0":{"start":{"line":13,"column":18},"end":{"line":13,"column":97}},"1":{"start":{"line":15,"column":2},"end":{"line":28,"column":4}},"2":{"start":{"line":31,"column":15},"end":{"line":47,"column":2}}},"fnMap":{"0":{"name":"Screen","decl":{"start":{"line":12,"column":16},"end":{"line":12,"column":22}},"loc":{"start":{"line":12,"column":84},"end":{"line":29,"column":1}},"line":12}},"branchMap":{"0":{"loc":{"start":{"line":12,"column":35},"end":{"line":12,"column":48}},"type":"default-arg","locations":[{"start":{"line":12,"column":44},"end":{"line":12,"column":48}}],"line":12},"1":{"loc":{"start":{"line":12,"column":50},"end":{"line":12,"column":67}},"type":"default-arg","locations":[{"start":{"line":12,"column":63},"end":{"line":12,"column":67}}],"line":12},"2":{"loc":{"start":{"line":13,"column":48},"end":{"line":13,"column":77}},"type":"cond-expr","locations":[{"start":{"line":13,"column":57},"end":{"line":13,"column":70}},{"start":{"line":13,"column":73},"end":{"line":13,"column":77}}],"line":13},"3":{"loc":{"start":{"line":17,"column":7},"end":{"line":26,"column":7}},"type":"cond-expr","locations":[{"start":{"line":18,"column":8},"end":{"line":23,"column":21}},{"start":{"line":25,"column":8},"end":{"line":25,"column":15}}],"line":17}},"s":{"0":0,"1":0,"2":0},"f":{"0":0},"b":{"0":[0],"1":[0],"2":[0,0],"3":[0,0]}}
,"C:\\Users\\Michael\\Desktop\\Projects\\AFODABO\\afodabo-housing-mobile\\src\\components\\scrollable-screen-container.tsx": {"path":"C:\\Users\\Michael\\Desktop\\Projects\\AFODABO\\afodabo-housing-mobile\\src\\components\\scrollable-screen-container.tsx","statementMap":{"0":{"start":{"line":30,"column":17},"end":{"line":30,"column":36}},"1":{"start":{"line":32,"column":2},"end":{"line":48,"column":4}},"2":{"start":{"line":51,"column":15},"end":{"line":64,"column":2}}},"fnMap":{"0":{"name":"ScrollableScreenContainer","decl":{"start":{"line":22,"column":16},"end":{"line":22,"column":41}},"loc":{"start":{"line":29,"column":35},"end":{"line":49,"column":1}},"line":29}},"branchMap":{"0":{"loc":{"start":{"line":23,"column":2},"end":{"line":23,"column":28}},"type":"default-arg","locations":[{"start":{"line":23,"column":18},"end":{"line":23,"column":28}}],"line":23},"1":{"loc":{"start":{"line":26,"column":2},"end":{"line":26,"column":27}},"type":"default-arg","locations":[{"start":{"line":26,"column":10},"end":{"line":26,"column":27}}],"line":26},"2":{"loc":{"start":{"line":27,"column":2},"end":{"line":27,"column":15}},"type":"default-arg","locations":[{"start":{"line":27,"column":11},"end":{"line":27,"column":15}}],"line":27},"3":{"loc":{"start":{"line":37,"column":10},"end":{"line":37,"column":39}},"type":"cond-expr","locations":[{"start":{"line":37,"column":19},"end":{"line":37,"column":32}},{"start":{"line":37,"column":35},"end":{"line":37,"column":39}}],"line":37}},"s":{"0":0,"1":0,"2":0},"f":{"0":0},"b":{"0":[0],"1":[0],"2":[0],"3":[0,0]}}
,"C:\\Users\\Michael\\Desktop\\Projects\\AFODABO\\afodabo-housing-mobile\\src\\components\\segmented-control.tsx": {"path":"C:\\Users\\Michael\\Desktop\\Projects\\AFODABO\\afodabo-housing-mobile\\src\\components\\segmented-control.tsx","statementMap":{"0":{"start":{"line":16,"column":2},"end":{"line":39,"column":4}},"1":{"start":{"line":25,"column":25},"end":{"line":25,"column":47}},"2":{"start":{"line":27,"column":10},"end":{"line":35,"column":12}},"3":{"start":{"line":30,"column":29},"end":{"line":30,"column":51}},"4":{"start":{"line":42,"column":15},"end":{"line":76,"column":2}}},"fnMap":{"0":{"name":"SegmentedControl","decl":{"start":{"line":11,"column":16},"end":{"line":11,"column":32}},"loc":{"start":{"line":15,"column":29},"end":{"line":40,"column":1}},"line":15},"1":{"name":"(anonymous_1)","decl":{"start":{"line":24,"column":21},"end":{"line":24,"column":22}},"loc":{"start":{"line":24,"column":33},"end":{"line":36,"column":9}},"line":24},"2":{"name":"(anonymous_2)","decl":{"start":{"line":30,"column":23},"end":{"line":30,"column":24}},"loc":{"start":{"line":30,"column":29},"end":{"line":30,"column":51}},"line":30}},"branchMap":{"0":{"loc":{"start":{"line":31,"column":38},"end":{"line":31,"column":74}},"type":"cond-expr","locations":[{"start":{"line":31,"column":47},"end":{"line":31,"column":67}},{"start":{"line":31,"column":70},"end":{"line":31,"column":74}}],"line":31},"1":{"loc":{"start":{"line":33,"column":41},"end":{"line":33,"column":74}},"type":"cond-expr","locations":[{"start":{"line":33,"column":50},"end":{"line":33,"column":67}},{"start":{"line":33,"column":70},"end":{"line":33,"column":74}}],"line":33}},"s":{"0":0,"1":0,"2":0,"3":0,"4":0},"f":{"0":0,"1":0,"2":0},"b":{"0":[0,0],"1":[0,0]}}
,"C:\\Users\\Michael\\Desktop\\Projects\\AFODABO\\afodabo-housing-mobile\\src\\components\\select-field.tsx": {"path":"C:\\Users\\Michael\\Desktop\\Projects\\AFODABO\\afodabo-housing-mobile\\src\\components\\select-field.tsx","statementMap":{"0":{"start":{"line":43,"column":21},"end":{"line":43,"column":39}},"1":{"start":{"line":44,"column":26},"end":{"line":44,"column":41}},"2":{"start":{"line":45,"column":46},"end":{"line":50,"column":4}},"3":{"start":{"line":51,"column":55},"end":{"line":51,"column":76}},"4":{"start":{"line":52,"column":24},"end":{"line":55,"column":3}},"5":{"start":{"line":53,"column":10},"end":{"line":53,"column":80}},"6":{"start":{"line":53,"column":35},"end":{"line":53,"column":57}},"7":{"start":{"line":56,"column":24},"end":{"line":56,"column":61}},"8":{"start":{"line":56,"column":42},"end":{"line":56,"column":56}},"9":{"start":{"line":57,"column":23},"end":{"line":86,"column":33}},"10":{"start":{"line":58,"column":4},"end":{"line":85,"column":7}},"11":{"start":{"line":59,"column":31},"end":{"line":59,"column":41}},"12":{"start":{"line":60,"column":29},"end":{"line":60,"column":39}},"13":{"start":{"line":61,"column":30},"end":{"line":61,"column":33}},"14":{"start":{"line":62,"column":30},"end":{"line":62,"column":92}},"15":{"start":{"line":63,"column":19},"end":{"line":63,"column":98}},"16":{"start":{"line":64,"column":29},"end":{"line":64,"column":39}},"17":{"start":{"line":65,"column":25},"end":{"line":65,"column":70}},"18":{"start":{"line":66,"column":28},"end":{"line":66,"column":47}},"19":{"start":{"line":67,"column":25},"end":{"line":67,"column":70}},"20":{"start":{"line":68,"column":25},"end":{"line":68,"column":52}},"21":{"start":{"line":69,"column":27},"end":{"line":69,"column":70}},"22":{"start":{"line":70,"column":24},"end":{"line":73,"column":7}},"23":{"start":{"line":74,"column":18},"end":{"line":76,"column":40}},"24":{"start":{"line":78,"column":6},"end":{"line":83,"column":9}},"25":{"start":{"line":84,"column":6},"end":{"line":84,"column":20}},"26":{"start":{"line":88,"column":2},"end":{"line":150,"column":4}},"27":{"start":{"line":92,"column":35},"end":{"line":92,"column":74}},"28":{"start":{"line":127,"column":33},"end":{"line":127,"column":55}},"29":{"start":{"line":129,"column":16},"end":{"line":143,"column":18}},"30":{"start":{"line":133,"column":22},"end":{"line":133,"column":45}},"31":{"start":{"line":134,"column":22},"end":{"line":134,"column":38}},"32":{"start":{"line":153,"column":15},"end":{"line":231,"column":2}}},"fnMap":{"0":{"name":"SelectField","decl":{"start":{"line":36,"column":16},"end":{"line":36,"column":27}},"loc":{"start":{"line":42,"column":24},"end":{"line":151,"column":1}},"line":42},"1":{"name":"(anonymous_1)","decl":{"start":{"line":53,"column":4},"end":{"line":53,"column":5}},"loc":{"start":{"line":53,"column":10},"end":{"line":53,"column":80}},"line":53},"2":{"name":"(anonymous_2)","decl":{"start":{"line":53,"column":23},"end":{"line":53,"column":24}},"loc":{"start":{"line":53,"column":35},"end":{"line":53,"column":57}},"line":53},"3":{"name":"(anonymous_3)","decl":{"start":{"line":56,"column":36},"end":{"line":56,"column":37}},"loc":{"start":{"line":56,"column":42},"end":{"line":56,"column":56}},"line":56},"4":{"name":"(anonymous_4)","decl":{"start":{"line":57,"column":35},"end":{"line":57,"column":36}},"loc":{"start":{"line":57,"column":41},"end":{"line":86,"column":3}},"line":57},"5":{"name":"(anonymous_5)","decl":{"start":{"line":58,"column":40},"end":{"line":58,"column":41}},"loc":{"start":{"line":58,"column":65},"end":{"line":85,"column":5}},"line":58},"6":{"name":"(anonymous_6)","decl":{"start":{"line":92,"column":28},"end":{"line":92,"column":29}},"loc":{"start":{"line":92,"column":35},"end":{"line":92,"column":74}},"line":92},"7":{"name":"(anonymous_7)","decl":{"start":{"line":126,"column":27},"end":{"line":126,"column":28}},"loc":{"start":{"line":126,"column":39},"end":{"line":144,"column":15}},"line":126},"8":{"name":"(anonymous_8)","decl":{"start":{"line":132,"column":29},"end":{"line":132,"column":30}},"loc":{"start":{"line":132,"column":35},"end":{"line":135,"column":21}},"line":132}},"branchMap":{"0":{"loc":{"start":{"line":53,"column":10},"end":{"line":53,"column":80}},"type":"binary-expr","locations":[{"start":{"line":53,"column":10},"end":{"line":53,"column":65}},{"start":{"line":53,"column":69},"end":{"line":53,"column":80}}],"line":53},"1":{"loc":{"start":{"line":62,"column":30},"end":{"line":62,"column":92}},"type":"cond-expr","locations":[{"start":{"line":62,"column":59},"end":{"line":62,"column":87}},{"start":{"line":62,"column":91},"end":{"line":62,"column":92}}],"line":62},"2":{"loc":{"start":{"line":62,"column":59},"end":{"line":62,"column":87}},"type":"binary-expr","locations":[{"start":{"line":62,"column":59},"end":{"line":62,"column":82}},{"start":{"line":62,"column":86},"end":{"line":62,"column":87}}],"line":62},"3":{"loc":{"start":{"line":69,"column":27},"end":{"line":69,"column":70}},"type":"binary-expr","locations":[{"start":{"line":69,"column":27},"end":{"line":69,"column":43}},{"start":{"line":69,"column":47},"end":{"line":69,"column":70}}],"line":69},"4":{"loc":{"start":{"line":72,"column":34},"end":{"line":72,"column":72}},"type":"cond-expr","locations":[{"start":{"line":72,"column":49},"end":{"line":72,"column":59}},{"start":{"line":72,"column":62},"end":{"line":72,"column":72}}],"line":72},"5":{"loc":{"start":{"line":74,"column":18},"end":{"line":76,"column":40}},"type":"cond-expr","locations":[{"start":{"line":75,"column":10},"end":{"line":75,"column":75}},{"start":{"line":76,"column":10},"end":{"line":76,"column":40}}],"line":74},"6":{"loc":{"start":{"line":92,"column":35},"end":{"line":92,"column":74}},"type":"cond-expr","locations":[{"start":{"line":92,"column":42},"end":{"line":92,"column":57}},{"start":{"line":92,"column":60},"end":{"line":92,"column":74}}],"line":92},"7":{"loc":{"start":{"line":93,"column":44},"end":{"line":93,"column":93}},"type":"cond-expr","locations":[{"start":{"line":93,"column":52},"end":{"line":93,"column":68}},{"start":{"line":93,"column":71},"end":{"line":93,"column":93}}],"line":93},"8":{"loc":{"start":{"line":96,"column":50},"end":{"line":96,"column":86}},"type":"cond-expr","locations":[{"start":{"line":96,"column":57},"end":{"line":96,"column":69}},{"start":{"line":96,"column":72},"end":{"line":96,"column":86}}],"line":96},"9":{"loc":{"start":{"line":136,"column":46},"end":{"line":136,"column":88}},"type":"cond-expr","locations":[{"start":{"line":136,"column":57},"end":{"line":136,"column":81}},{"start":{"line":136,"column":84},"end":{"line":136,"column":88}}],"line":136},"10":{"loc":{"start":{"line":138,"column":53},"end":{"line":138,"column":96}},"type":"cond-expr","locations":[{"start":{"line":138,"column":64},"end":{"line":138,"column":89}},{"start":{"line":138,"column":92},"end":{"line":138,"column":96}}],"line":138},"11":{"loc":{"start":{"line":141,"column":21},"end":{"line":141,"column":96}},"type":"cond-expr","locations":[{"start":{"line":141,"column":32},"end":{"line":141,"column":89}},{"start":{"line":141,"column":92},"end":{"line":141,"column":96}}],"line":141}},"s":{"0":0,"1":0,"2":0,"3":0,"4":0,"5":0,"6":0,"7":0,"8":0,"9":0,"10":0,"11":0,"12":0,"13":0,"14":0,"15":0,"16":0,"17":0,"18":0,"19":0,"20":0,"21":0,"22":0,"23":0,"24":0,"25":0,"26":0,"27":0,"28":0,"29":0,"30":0,"31":0,"32":0},"f":{"0":0,"1":0,"2":0,"3":0,"4":0,"5":0,"6":0,"7":0,"8":0},"b":{"0":[0,0],"1":[0,0],"2":[0,0],"3":[0,0],"4":[0,0],"5":[0,0],"6":[0,0],"7":[0,0],"8":[0,0],"9":[0,0],"10":[0,0],"11":[0,0]}}
,"C:\\Users\\Michael\\Desktop\\Projects\\AFODABO\\afodabo-housing-mobile\\src\\components\\stat-card.tsx": {"path":"C:\\Users\\Michael\\Desktop\\Projects\\AFODABO\\afodabo-housing-mobile\\src\\components\\stat-card.tsx","statementMap":{"0":{"start":{"line":12,"column":2},"end":{"line":18,"column":4}},"1":{"start":{"line":21,"column":15},"end":{"line":47,"column":2}}},"fnMap":{"0":{"name":"StatCard","decl":{"start":{"line":11,"column":16},"end":{"line":11,"column":24}},"loc":{"start":{"line":11,"column":68},"end":{"line":19,"column":1}},"line":11}},"branchMap":{},"s":{"0":0,"1":0},"f":{"0":0},"b":{}}
,"C:\\Users\\Michael\\Desktop\\Projects\\AFODABO\\afodabo-housing-mobile\\src\\context\\auth-context.tsx": {"path":"C:\\Users\\Michael\\Desktop\\Projects\\AFODABO\\afodabo-housing-mobile\\src\\context\\auth-context.tsx","statementMap":{"0":{"start":{"line":17,"column":20},"end":{"line":17,"column":74}},"1":{"start":{"line":20,"column":32},"end":{"line":20,"column":46}},"2":{"start":{"line":21,"column":32},"end":{"line":21,"column":65}},"3":{"start":{"line":22,"column":26},"end":{"line":22,"column":50}},"4":{"start":{"line":23,"column":32},"end":{"line":23,"column":66}},"5":{"start":{"line":24,"column":26},"end":{"line":24,"column":57}},"6":{"start":{"line":26,"column":18},"end":{"line":49,"column":3}},"7":{"start":{"line":27,"column":4},"end":{"line":48,"column":5}},"8":{"start":{"line":28,"column":23},"end":{"line":28,"column":59}},"9":{"start":{"line":29,"column":6},"end":{"line":29,"column":35}},"10":{"start":{"line":30,"column":6},"end":{"line":30,"column":29}},"11":{"start":{"line":31,"column":6},"end":{"line":31,"column":35}},"12":{"start":{"line":32,"column":6},"end":{"line":32,"column":29}},"13":{"start":{"line":34,"column":6},"end":{"line":40,"column":7}},"14":{"start":{"line":35,"column":8},"end":{"line":35,"column":25}},"15":{"start":{"line":36,"column":8},"end":{"line":36,"column":22}},"16":{"start":{"line":37,"column":8},"end":{"line":37,"column":25}},"17":{"start":{"line":38,"column":8},"end":{"line":38,"column":22}},"18":{"start":{"line":39,"column":8},"end":{"line":39,"column":15}},"19":{"start":{"line":42,"column":6},"end":{"line":42,"column":23}},"20":{"start":{"line":43,"column":6},"end":{"line":43,"column":74}},"21":{"start":{"line":44,"column":6},"end":{"line":44,"column":30}},"22":{"start":{"line":45,"column":6},"end":{"line":45,"column":41}},"23":{"start":{"line":47,"column":6},"end":{"line":47,"column":24}},"24":{"start":{"line":51,"column":2},"end":{"line":70,"column":9}},"25":{"start":{"line":52,"column":18},"end":{"line":52,"column":22}},"26":{"start":{"line":54,"column":4},"end":{"line":60,"column":7}},"27":{"start":{"line":55,"column":6},"end":{"line":57,"column":7}},"28":{"start":{"line":56,"column":8},"end":{"line":56,"column":15}},"29":{"start":{"line":59,"column":6},"end":{"line":59,"column":34}},"30":{"start":{"line":62,"column":24},"end":{"line":64,"column":6}},"31":{"start":{"line":63,"column":6},"end":{"line":63,"column":32}},"32":{"start":{"line":66,"column":4},"end":{"line":69,"column":6}},"33":{"start":{"line":67,"column":6},"end":{"line":67,"column":22}},"34":{"start":{"line":68,"column":6},"end":{"line":68,"column":20}},"35":{"start":{"line":72,"column":16},"end":{"line":92,"column":3}},"36":{"start":{"line":73,"column":11},"end":{"line":90,"column":5}},"37":{"start":{"line":77,"column":30},"end":{"line":77,"column":58}},"38":{"start":{"line":78,"column":8},"end":{"line":78,"column":37}},"39":{"start":{"line":83,"column":8},"end":{"line":83,"column":28}},"40":{"start":{"line":84,"column":8},"end":{"line":84,"column":25}},"41":{"start":{"line":85,"column":8},"end":{"line":85,"column":22}},"42":{"start":{"line":86,"column":8},"end":{"line":86,"column":25}},"43":{"start":{"line":87,"column":8},"end":{"line":87,"column":22}},"44":{"start":{"line":94,"column":2},"end":{"line":94,"column":79}},"45":{"start":{"line":98,"column":18},"end":{"line":98,"column":41}},"46":{"start":{"line":100,"column":2},"end":{"line":102,"column":3}},"47":{"start":{"line":101,"column":4},"end":{"line":101,"column":65}},"48":{"start":{"line":104,"column":2},"end":{"line":104,"column":17}}},"fnMap":{"0":{"name":"AuthProvider","decl":{"start":{"line":19,"column":16},"end":{"line":19,"column":28}},"loc":{"start":{"line":19,"column":74},"end":{"line":95,"column":1}},"line":19},"1":{"name":"(anonymous_1)","decl":{"start":{"line":26,"column":18},"end":{"line":26,"column":19}},"loc":{"start":{"line":26,"column":61},"end":{"line":49,"column":3}},"line":26},"2":{"name":"(anonymous_2)","decl":{"start":{"line":51,"column":12},"end":{"line":51,"column":13}},"loc":{"start":{"line":51,"column":18},"end":{"line":70,"column":3}},"line":51},"3":{"name":"(anonymous_3)","decl":{"start":{"line":54,"column":32},"end":{"line":54,"column":33}},"loc":{"start":{"line":54,"column":51},"end":{"line":60,"column":5}},"line":54},"4":{"name":"(anonymous_4)","decl":{"start":{"line":62,"column":47},"end":{"line":62,"column":48}},"loc":{"start":{"line":62,"column":64},"end":{"line":64,"column":5}},"line":62},"5":{"name":"(anonymous_5)","decl":{"start":{"line":66,"column":11},"end":{"line":66,"column":12}},"loc":{"start":{"line":66,"column":17},"end":{"line":69,"column":5}},"line":66},"6":{"name":"(anonymous_6)","decl":{"start":{"line":73,"column":4},"end":{"line":73,"column":5}},"loc":{"start":{"line":73,"column":11},"end":{"line":90,"column":5}},"line":73},"7":{"name":"(anonymous_7)","decl":{"start":{"line":76,"column":15},"end":{"line":76,"column":16}},"loc":{"start":{"line":76,"column":27},"end":{"line":79,"column":7}},"line":76},"8":{"name":"(anonymous_8)","decl":{"start":{"line":82,"column":15},"end":{"line":82,"column":16}},"loc":{"start":{"line":82,"column":27},"end":{"line":88,"column":7}},"line":82},"9":{"name":"useAuth","decl":{"start":{"line":97,"column":16},"end":{"line":97,"column":23}},"loc":{"start":{"line":97,"column":26},"end":{"line":105,"column":1}},"line":97}},"branchMap":{"0":{"loc":{"start":{"line":34,"column":6},"end":{"line":40,"column":7}},"type":"if","locations":[{"start":{"line":34,"column":6},"end":{"line":40,"column":7}},{"start":{},"end":{}}],"line":34},"1":{"loc":{"start":{"line":34,"column":10},"end":{"line":34,"column":48}},"type":"binary-expr","locations":[{"start":{"line":34,"column":10},"end":{"line":34,"column":27}},{"start":{"line":34,"column":31},"end":{"line":34,"column":48}}],"line":34},"2":{"loc":{"start":{"line":43,"column":14},"end":{"line":43,"column":72}},"type":"binary-expr","locations":[{"start":{"line":43,"column":14},"end":{"line":43,"column":31}},{"start":{"line":43,"column":36},"end":{"line":43,"column":71}}],"line":43},"3":{"loc":{"start":{"line":43,"column":36},"end":{"line":43,"column":71}},"type":"cond-expr","locations":[{"start":{"line":43,"column":56},"end":{"line":43,"column":64}},{"start":{"line":43,"column":67},"end":{"line":43,"column":71}}],"line":43},"4":{"loc":{"start":{"line":45,"column":14},"end":{"line":45,"column":39}},"type":"binary-expr","locations":[{"start":{"line":45,"column":14},"end":{"line":45,"column":31}},{"start":{"line":45,"column":35},"end":{"line":45,"column":39}}],"line":45},"5":{"loc":{"start":{"line":55,"column":6},"end":{"line":57,"column":7}},"type":"if","locations":[{"start":{"line":55,"column":6},"end":{"line":57,"column":7}},{"start":{},"end":{}}],"line":55},"6":{"loc":{"start":{"line":100,"column":2},"end":{"line":102,"column":3}},"type":"if","locations":[{"start":{"line":100,"column":2},"end":{"line":102,"column":3}},{"start":{},"end":{}}],"line":100}},"s":{"0":0,"1":0,"2":0,"3":0,"4":0,"5":0,"6":0,"7":0,"8":0,"9":0,"10":0,"11":0,"12":0,"13":0,"14":0,"15":0,"16":0,"17":0,"18":0,"19":0,"20":0,"21":0,"22":0,"23":0,"24":0,"25":0,"26":0,"27":0,"28":0,"29":0,"30":0,"31":0,"32":0,"33":0,"34":0,"35":0,"36":0,"37":0,"38":0,"39":0,"40":0,"41":0,"42":0,"43":0,"44":0,"45":0,"46":0,"47":0,"48":0},"f":{"0":0,"1":0,"2":0,"3":0,"4":0,"5":0,"6":0,"7":0,"8":0,"9":0},"b":{"0":[0,0],"1":[0,0],"2":[0,0],"3":[0,0],"4":[0,0],"5":[0,0],"6":[0,0]}}
,"C:\\Users\\Michael\\Desktop\\Projects\\AFODABO\\afodabo-housing-mobile\\src\\hooks\\admin\\use-admin-dashboard.ts": {"path":"C:\\Users\\Michael\\Desktop\\Projects\\AFODABO\\afodabo-housing-mobile\\src\\hooks\\admin\\use-admin-dashboard.ts","statementMap":{"0":{"start":{"line":5,"column":2},"end":{"line":9,"column":5}}},"fnMap":{"0":{"name":"useAdminDashboard","decl":{"start":{"line":4,"column":16},"end":{"line":4,"column":33}},"loc":{"start":{"line":4,"column":52},"end":{"line":10,"column":1}},"line":4}},"branchMap":{},"s":{"0":0},"f":{"0":0},"b":{}}
,"C:\\Users\\Michael\\Desktop\\Projects\\AFODABO\\afodabo-housing-mobile\\src\\hooks\\manager\\use-manager-dashboard.ts": {"path":"C:\\Users\\Michael\\Desktop\\Projects\\AFODABO\\afodabo-housing-mobile\\src\\hooks\\manager\\use-manager-dashboard.ts","statementMap":{"0":{"start":{"line":5,"column":2},"end":{"line":9,"column":5}},"1":{"start":{"line":7,"column":19},"end":{"line":7,"column":58}}},"fnMap":{"0":{"name":"useManagerDashboard","decl":{"start":{"line":4,"column":16},"end":{"line":4,"column":35}},"loc":{"start":{"line":4,"column":53},"end":{"line":10,"column":1}},"line":4},"1":{"name":"(anonymous_1)","decl":{"start":{"line":7,"column":13},"end":{"line":7,"column":14}},"loc":{"start":{"line":7,"column":19},"end":{"line":7,"column":58}},"line":7}},"branchMap":{},"s":{"0":0,"1":0},"f":{"0":0,"1":0},"b":{}}
,"C:\\Users\\Michael\\Desktop\\Projects\\AFODABO\\afodabo-housing-mobile\\src\\hooks\\manager\\use-manager-messages.ts": {"path":"C:\\Users\\Michael\\Desktop\\Projects\\AFODABO\\afodabo-housing-mobile\\src\\hooks\\manager\\use-manager-messages.ts","statementMap":{"0":{"start":{"line":22,"column":26},"end":{"line":22,"column":64}},"1":{"start":{"line":24,"column":2},"end":{"line":57,"column":5}},"2":{"start":{"line":25,"column":21},"end":{"line":25,"column":52}},"3":{"start":{"line":26,"column":26},"end":{"line":26,"column":76}},"4":{"start":{"line":27,"column":28},"end":{"line":29,"column":41}},"5":{"start":{"line":30,"column":21},"end":{"line":30,"column":55}},"6":{"start":{"line":32,"column":4},"end":{"line":44,"column":5}},"7":{"start":{"line":33,"column":6},"end":{"line":42,"column":9}},"8":{"start":{"line":43,"column":6},"end":{"line":43,"column":13}},"9":{"start":{"line":46,"column":4},"end":{"line":46,"column":36}},"10":{"start":{"line":47,"column":4},"end":{"line":53,"column":5}},"11":{"start":{"line":50,"column":6},"end":{"line":50,"column":39}},"12":{"start":{"line":51,"column":6},"end":{"line":51,"column":71}},"13":{"start":{"line":52,"column":6},"end":{"line":52,"column":80}},"14":{"start":{"line":54,"column":4},"end":{"line":56,"column":5}},"15":{"start":{"line":55,"column":6},"end":{"line":55,"column":32}},"16":{"start":{"line":59,"column":2},"end":{"line":73,"column":6}},"17":{"start":{"line":60,"column":28},"end":{"line":68,"column":5}},"18":{"start":{"line":66,"column":12},"end":{"line":66,"column":86}},"19":{"start":{"line":71,"column":8},"end":{"line":72,"column":57}},"20":{"start":{"line":77,"column":16},"end":{"line":81,"column":4}},"21":{"start":{"line":79,"column":19},"end":{"line":79,"column":58}},"22":{"start":{"line":83,"column":24},"end":{"line":86,"column":3}},"23":{"start":{"line":84,"column":11},"end":{"line":84,"column":79}},"24":{"start":{"line":88,"column":2},"end":{"line":92,"column":4}},"25":{"start":{"line":96,"column":22},"end":{"line":96,"column":38}},"26":{"start":{"line":98,"column":2},"end":{"line":111,"column":5}},"27":{"start":{"line":100,"column":6},"end":{"line":105,"column":8}},"28":{"start":{"line":107,"column":6},"end":{"line":109,"column":9}},"29":{"start":{"line":115,"column":22},"end":{"line":115,"column":38}},"30":{"start":{"line":117,"column":2},"end":{"line":126,"column":5}},"31":{"start":{"line":119,"column":6},"end":{"line":119,"column":90}},"32":{"start":{"line":119,"column":54},"end":{"line":119,"column":87}},"33":{"start":{"line":122,"column":6},"end":{"line":124,"column":9}}},"fnMap":{"0":{"name":"buildConversations","decl":{"start":{"line":21,"column":9},"end":{"line":21,"column":27}},"loc":{"start":{"line":21,"column":98},"end":{"line":74,"column":1}},"line":21},"1":{"name":"(anonymous_1)","decl":{"start":{"line":24,"column":19},"end":{"line":24,"column":20}},"loc":{"start":{"line":24,"column":32},"end":{"line":57,"column":3}},"line":24},"2":{"name":"(anonymous_2)","decl":{"start":{"line":60,"column":9},"end":{"line":60,"column":10}},"loc":{"start":{"line":60,"column":28},"end":{"line":68,"column":5}},"line":60},"3":{"name":"(anonymous_3)","decl":{"start":{"line":65,"column":10},"end":{"line":65,"column":11}},"loc":{"start":{"line":66,"column":12},"end":{"line":66,"column":86}},"line":66},"4":{"name":"(anonymous_4)","decl":{"start":{"line":70,"column":6},"end":{"line":70,"column":7}},"loc":{"start":{"line":71,"column":8},"end":{"line":72,"column":57}},"line":71},"5":{"name":"useManagerMessages","decl":{"start":{"line":76,"column":16},"end":{"line":76,"column":34}},"loc":{"start":{"line":76,"column":52},"end":{"line":93,"column":1}},"line":76},"6":{"name":"(anonymous_6)","decl":{"start":{"line":79,"column":13},"end":{"line":79,"column":14}},"loc":{"start":{"line":79,"column":19},"end":{"line":79,"column":58}},"line":79},"7":{"name":"(anonymous_7)","decl":{"start":{"line":84,"column":4},"end":{"line":84,"column":5}},"loc":{"start":{"line":84,"column":11},"end":{"line":84,"column":79}},"line":84},"8":{"name":"useSendManagerMessage","decl":{"start":{"line":95,"column":16},"end":{"line":95,"column":37}},"loc":{"start":{"line":95,"column":55},"end":{"line":112,"column":1}},"line":95},"9":{"name":"(anonymous_9)","decl":{"start":{"line":99,"column":16},"end":{"line":99,"column":17}},"loc":{"start":{"line":100,"column":6},"end":{"line":105,"column":8}},"line":100},"10":{"name":"(anonymous_10)","decl":{"start":{"line":106,"column":15},"end":{"line":106,"column":16}},"loc":{"start":{"line":106,"column":27},"end":{"line":110,"column":5}},"line":106},"11":{"name":"useMarkManagerMessagesRead","decl":{"start":{"line":114,"column":16},"end":{"line":114,"column":42}},"loc":{"start":{"line":114,"column":60},"end":{"line":127,"column":1}},"line":114},"12":{"name":"(anonymous_12)","decl":{"start":{"line":118,"column":16},"end":{"line":118,"column":17}},"loc":{"start":{"line":118,"column":48},"end":{"line":120,"column":5}},"line":118},"13":{"name":"(anonymous_13)","decl":{"start":{"line":119,"column":39},"end":{"line":119,"column":40}},"loc":{"start":{"line":119,"column":54},"end":{"line":119,"column":87}},"line":119},"14":{"name":"(anonymous_14)","decl":{"start":{"line":121,"column":15},"end":{"line":121,"column":16}},"loc":{"start":{"line":121,"column":27},"end":{"line":125,"column":5}},"line":121}},"branchMap":{"0":{"loc":{"start":{"line":26,"column":26},"end":{"line":26,"column":76}},"type":"cond-expr","locations":[{"start":{"line":26,"column":37},"end":{"line":26,"column":54}},{"start":{"line":26,"column":57},"end":{"line":26,"column":76}}],"line":26},"1":{"loc":{"start":{"line":27,"column":28},"end":{"line":29,"column":41}},"type":"cond-expr","locations":[{"start":{"line":28,"column":8},"end":{"line":28,"column":39}},{"start":{"line":29,"column":8},"end":{"line":29,"column":41}}],"line":27},"2":{"loc":{"start":{"line":28,"column":8},"end":{"line":28,"column":39}},"type":"binary-expr","locations":[{"start":{"line":28,"column":8},"end":{"line":28,"column":27}},{"start":{"line":28,"column":31},"end":{"line":28,"column":39}}],"line":28},"3":{"loc":{"start":{"line":29,"column":8},"end":{"line":29,"column":41}},"type":"binary-expr","locations":[{"start":{"line":29,"column":8},"end":{"line":29,"column":29}},{"start":{"line":29,"column":33},"end":{"line":29,"column":41}}],"line":29},"4":{"loc":{"start":{"line":32,"column":4},"end":{"line":44,"column":5}},"type":"if","locations":[{"start":{"line":32,"column":4},"end":{"line":44,"column":5}},{"start":{},"end":{}}],"line":32},"5":{"loc":{"start":{"line":39,"column":20},"end":{"line":39,"column":52}},"type":"binary-expr","locations":[{"start":{"line":39,"column":20},"end":{"line":39,"column":39}},{"start":{"line":39,"column":43},"end":{"line":39,"column":52}}],"line":39},"6":{"loc":{"start":{"line":40,"column":23},"end":{"line":40,"column":58}},"type":"binary-expr","locations":[{"start":{"line":40,"column":23},"end":{"line":40,"column":45}},{"start":{"line":40,"column":49},"end":{"line":40,"column":58}}],"line":40},"7":{"loc":{"start":{"line":41,"column":21},"end":{"line":41,"column":57}},"type":"cond-expr","locations":[{"start":{"line":41,"column":52},"end":{"line":41,"column":53}},{"start":{"line":41,"column":56},"end":{"line":41,"column":57}}],"line":41},"8":{"loc":{"start":{"line":41,"column":21},"end":{"line":41,"column":49}},"type":"binary-expr","locations":[{"start":{"line":41,"column":21},"end":{"line":41,"column":37}},{"start":{"line":41,"column":41},"end":{"line":41,"column":49}}],"line":41},"9":{"loc":{"start":{"line":47,"column":4},"end":{"line":53,"column":5}},"type":"if","locations":[{"start":{"line":47,"column":4},"end":{"line":53,"column":5}},{"start":{},"end":{}}],"line":47},"10":{"loc":{"start":{"line":51,"column":28},"end":{"line":51,"column":70}},"type":"binary-expr","locations":[{"start":{"line":51,"column":28},"end":{"line":51,"column":47}},{"start":{"line":51,"column":51},"end":{"line":51,"column":70}}],"line":51},"11":{"loc":{"start":{"line":52,"column":31},"end":{"line":52,"column":79}},"type":"binary-expr","locations":[{"start":{"line":52,"column":31},"end":{"line":52,"column":53}},{"start":{"line":52,"column":57},"end":{"line":52,"column":79}}],"line":52},"12":{"loc":{"start":{"line":54,"column":4},"end":{"line":56,"column":5}},"type":"if","locations":[{"start":{"line":54,"column":4},"end":{"line":56,"column":5}},{"start":{},"end":{}}],"line":54},"13":{"loc":{"start":{"line":54,"column":8},"end":{"line":54,"column":36}},"type":"binary-expr","locations":[{"start":{"line":54,"column":8},"end":{"line":54,"column":24}},{"start":{"line":54,"column":28},"end":{"line":54,"column":36}}],"line":54},"14":{"loc":{"start":{"line":84,"column":11},"end":{"line":84,"column":79}},"type":"cond-expr","locations":[{"start":{"line":84,"column":20},"end":{"line":84,"column":74}},{"start":{"line":84,"column":77},"end":{"line":84,"column":79}}],"line":84},"15":{"loc":{"start":{"line":84,"column":39},"end":{"line":84,"column":65}},"type":"binary-expr","locations":[{"start":{"line":84,"column":39},"end":{"line":84,"column":59}},{"start":{"line":84,"column":63},"end":{"line":84,"column":65}}],"line":84},"16":{"loc":{"start":{"line":91,"column":14},"end":{"line":91,"column":40}},"type":"binary-expr","locations":[{"start":{"line":91,"column":14},"end":{"line":91,"column":34}},{"start":{"line":91,"column":38},"end":{"line":91,"column":40}}],"line":91},"17":{"loc":{"start":{"line":102,"column":21},"end":{"line":102,"column":47}},"type":"binary-expr","locations":[{"start":{"line":102,"column":21},"end":{"line":102,"column":39}},{"start":{"line":102,"column":43},"end":{"line":102,"column":47}}],"line":102}},"s":{"0":0,"1":0,"2":0,"3":0,"4":0,"5":0,"6":0,"7":0,"8":0,"9":0,"10":0,"11":0,"12":0,"13":0,"14":0,"15":0,"16":0,"17":0,"18":0,"19":0,"20":0,"21":0,"22":0,"23":0,"24":0,"25":0,"26":0,"27":0,"28":0,"29":0,"30":0,"31":0,"32":0,"33":0},"f":{"0":0,"1":0,"2":0,"3":0,"4":0,"5":0,"6":0,"7":0,"8":0,"9":0,"10":0,"11":0,"12":0,"13":0,"14":0},"b":{"0":[0,0],"1":[0,0],"2":[0,0],"3":[0,0],"4":[0,0],"5":[0,0],"6":[0,0],"7":[0,0],"8":[0,0],"9":[0,0],"10":[0,0],"11":[0,0],"12":[0,0],"13":[0,0],"14":[0,0],"15":[0,0],"16":[0,0],"17":[0,0]}}
,"C:\\Users\\Michael\\Desktop\\Projects\\AFODABO\\afodabo-housing-mobile\\src\\hooks\\manager\\use-manager-properties.ts": {"path":"C:\\Users\\Michael\\Desktop\\Projects\\AFODABO\\afodabo-housing-mobile\\src\\hooks\\manager\\use-manager-properties.ts","statementMap":{"0":{"start":{"line":6,"column":16},"end":{"line":10,"column":4}},"1":{"start":{"line":8,"column":19},"end":{"line":8,"column":58}},"2":{"start":{"line":12,"column":21},"end":{"line":12,"column":49}},"3":{"start":{"line":14,"column":2},"end":{"line":17,"column":4}},"4":{"start":{"line":21,"column":16},"end":{"line":21,"column":44}},"5":{"start":{"line":23,"column":19},"end":{"line":26,"column":3}},"6":{"start":{"line":24,"column":10},"end":{"line":24,"column":73}},"7":{"start":{"line":24,"column":42},"end":{"line":24,"column":64}},"8":{"start":{"line":28,"column":2},"end":{"line":31,"column":4}}},"fnMap":{"0":{"name":"useManagerProperties","decl":{"start":{"line":5,"column":16},"end":{"line":5,"column":36}},"loc":{"start":{"line":5,"column":54},"end":{"line":18,"column":1}},"line":5},"1":{"name":"(anonymous_1)","decl":{"start":{"line":8,"column":13},"end":{"line":8,"column":14}},"loc":{"start":{"line":8,"column":19},"end":{"line":8,"column":58}},"line":8},"2":{"name":"useManagerProperty","decl":{"start":{"line":20,"column":16},"end":{"line":20,"column":34}},"loc":{"start":{"line":20,"column":83},"end":{"line":32,"column":1}},"line":20},"3":{"name":"(anonymous_3)","decl":{"start":{"line":24,"column":4},"end":{"line":24,"column":5}},"loc":{"start":{"line":24,"column":10},"end":{"line":24,"column":73}},"line":24},"4":{"name":"(anonymous_4)","decl":{"start":{"line":24,"column":32},"end":{"line":24,"column":33}},"loc":{"start":{"line":24,"column":42},"end":{"line":24,"column":64}},"line":24}},"branchMap":{"0":{"loc":{"start":{"line":12,"column":21},"end":{"line":12,"column":49}},"type":"binary-expr","locations":[{"start":{"line":12,"column":21},"end":{"line":12,"column":43}},{"start":{"line":12,"column":47},"end":{"line":12,"column":49}}],"line":12},"1":{"loc":{"start":{"line":24,"column":10},"end":{"line":24,"column":73}},"type":"binary-expr","locations":[{"start":{"line":24,"column":10},"end":{"line":24,"column":65}},{"start":{"line":24,"column":69},"end":{"line":24,"column":73}}],"line":24}},"s":{"0":0,"1":0,"2":0,"3":0,"4":0,"5":0,"6":0,"7":0,"8":0},"f":{"0":0,"1":0,"2":0,"3":0,"4":0},"b":{"0":[0,0],"1":[0,0]}}
,"C:\\Users\\Michael\\Desktop\\Projects\\AFODABO\\afodabo-housing-mobile\\src\\hooks\\manager\\use-manager-tenancies.ts": {"path":"C:\\Users\\Michael\\Desktop\\Projects\\AFODABO\\afodabo-housing-mobile\\src\\hooks\\manager\\use-manager-tenancies.ts","statementMap":{"0":{"start":{"line":6,"column":16},"end":{"line":10,"column":4}},"1":{"start":{"line":8,"column":19},"end":{"line":8,"column":58}},"2":{"start":{"line":12,"column":20},"end":{"line":12,"column":47}},"3":{"start":{"line":14,"column":2},"end":{"line":17,"column":4}},"4":{"start":{"line":21,"column":16},"end":{"line":21,"column":43}},"5":{"start":{"line":23,"column":18},"end":{"line":26,"column":3}},"6":{"start":{"line":24,"column":10},"end":{"line":24,"column":71}},"7":{"start":{"line":24,"column":41},"end":{"line":24,"column":62}},"8":{"start":{"line":28,"column":2},"end":{"line":31,"column":4}}},"fnMap":{"0":{"name":"useManagerTenancies","decl":{"start":{"line":5,"column":16},"end":{"line":5,"column":35}},"loc":{"start":{"line":5,"column":53},"end":{"line":18,"column":1}},"line":5},"1":{"name":"(anonymous_1)","decl":{"start":{"line":8,"column":13},"end":{"line":8,"column":14}},"loc":{"start":{"line":8,"column":19},"end":{"line":8,"column":58}},"line":8},"2":{"name":"useManagerTenancy","decl":{"start":{"line":20,"column":16},"end":{"line":20,"column":33}},"loc":{"start":{"line":20,"column":81},"end":{"line":32,"column":1}},"line":20},"3":{"name":"(anonymous_3)","decl":{"start":{"line":24,"column":4},"end":{"line":24,"column":5}},"loc":{"start":{"line":24,"column":10},"end":{"line":24,"column":71}},"line":24},"4":{"name":"(anonymous_4)","decl":{"start":{"line":24,"column":31},"end":{"line":24,"column":32}},"loc":{"start":{"line":24,"column":41},"end":{"line":24,"column":62}},"line":24}},"branchMap":{"0":{"loc":{"start":{"line":12,"column":20},"end":{"line":12,"column":47}},"type":"binary-expr","locations":[{"start":{"line":12,"column":20},"end":{"line":12,"column":41}},{"start":{"line":12,"column":45},"end":{"line":12,"column":47}}],"line":12},"1":{"loc":{"start":{"line":24,"column":10},"end":{"line":24,"column":71}},"type":"binary-expr","locations":[{"start":{"line":24,"column":10},"end":{"line":24,"column":63}},{"start":{"line":24,"column":67},"end":{"line":24,"column":71}}],"line":24}},"s":{"0":0,"1":0,"2":0,"3":0,"4":0,"5":0,"6":0,"7":0,"8":0},"f":{"0":0,"1":0,"2":0,"3":0,"4":0},"b":{"0":[0,0],"1":[0,0]}}
,"C:\\Users\\Michael\\Desktop\\Projects\\AFODABO\\afodabo-housing-mobile\\src\\hooks\\tenant\\use-tenant-dashboard.ts": {"path":"C:\\Users\\Michael\\Desktop\\Projects\\AFODABO\\afodabo-housing-mobile\\src\\hooks\\tenant\\use-tenant-dashboard.ts","statementMap":{"0":{"start":{"line":5,"column":2},"end":{"line":9,"column":5}},"1":{"start":{"line":7,"column":19},"end":{"line":7,"column":57}}},"fnMap":{"0":{"name":"useTenantDashboard","decl":{"start":{"line":4,"column":16},"end":{"line":4,"column":34}},"loc":{"start":{"line":4,"column":52},"end":{"line":10,"column":1}},"line":4},"1":{"name":"(anonymous_1)","decl":{"start":{"line":7,"column":13},"end":{"line":7,"column":14}},"loc":{"start":{"line":7,"column":19},"end":{"line":7,"column":57}},"line":7}},"branchMap":{},"s":{"0":0,"1":0},"f":{"0":0,"1":0},"b":{}}
,"C:\\Users\\Michael\\Desktop\\Projects\\AFODABO\\afodabo-housing-mobile\\src\\hooks\\tenant\\use-tenant-messages.ts": {"path":"C:\\Users\\Michael\\Desktop\\Projects\\AFODABO\\afodabo-housing-mobile\\src\\hooks\\tenant\\use-tenant-messages.ts","statementMap":{"0":{"start":{"line":5,"column":2},"end":{"line":9,"column":5}},"1":{"start":{"line":7,"column":19},"end":{"line":7,"column":57}},"2":{"start":{"line":13,"column":22},"end":{"line":13,"column":38}},"3":{"start":{"line":15,"column":2},"end":{"line":28,"column":5}},"4":{"start":{"line":22,"column":6},"end":{"line":22,"column":98}},"5":{"start":{"line":24,"column":6},"end":{"line":26,"column":9}},"6":{"start":{"line":32,"column":22},"end":{"line":32,"column":38}},"7":{"start":{"line":34,"column":2},"end":{"line":41,"column":5}},"8":{"start":{"line":37,"column":6},"end":{"line":39,"column":9}}},"fnMap":{"0":{"name":"useTenantMessages","decl":{"start":{"line":4,"column":16},"end":{"line":4,"column":33}},"loc":{"start":{"line":4,"column":51},"end":{"line":10,"column":1}},"line":4},"1":{"name":"(anonymous_1)","decl":{"start":{"line":7,"column":13},"end":{"line":7,"column":14}},"loc":{"start":{"line":7,"column":19},"end":{"line":7,"column":57}},"line":7},"2":{"name":"useSendTenantMessage","decl":{"start":{"line":12,"column":16},"end":{"line":12,"column":36}},"loc":{"start":{"line":12,"column":54},"end":{"line":29,"column":1}},"line":12},"3":{"name":"(anonymous_3)","decl":{"start":{"line":16,"column":16},"end":{"line":16,"column":17}},"loc":{"start":{"line":22,"column":6},"end":{"line":22,"column":98}},"line":22},"4":{"name":"(anonymous_4)","decl":{"start":{"line":23,"column":15},"end":{"line":23,"column":16}},"loc":{"start":{"line":23,"column":27},"end":{"line":27,"column":5}},"line":23},"5":{"name":"useMarkTenantMessageRead","decl":{"start":{"line":31,"column":16},"end":{"line":31,"column":40}},"loc":{"start":{"line":31,"column":58},"end":{"line":42,"column":1}},"line":31},"6":{"name":"(anonymous_6)","decl":{"start":{"line":36,"column":15},"end":{"line":36,"column":16}},"loc":{"start":{"line":36,"column":27},"end":{"line":40,"column":5}},"line":36}},"branchMap":{},"s":{"0":0,"1":0,"2":0,"3":0,"4":0,"5":0,"6":0,"7":0,"8":0},"f":{"0":0,"1":0,"2":0,"3":0,"4":0,"5":0,"6":0},"b":{}}
,"C:\\Users\\Michael\\Desktop\\Projects\\AFODABO\\afodabo-housing-mobile\\src\\hooks\\tenant\\use-tenant-payments.ts": {"path":"C:\\Users\\Michael\\Desktop\\Projects\\AFODABO\\afodabo-housing-mobile\\src\\hooks\\tenant\\use-tenant-payments.ts","statementMap":{"0":{"start":{"line":9,"column":42},"end":{"line":9,"column":78}},"1":{"start":{"line":10,"column":16},"end":{"line":14,"column":4}},"2":{"start":{"line":12,"column":19},"end":{"line":12,"column":57}},"3":{"start":{"line":16,"column":19},"end":{"line":16,"column":84}},"4":{"start":{"line":16,"column":33},"end":{"line":16,"column":59}},"5":{"start":{"line":17,"column":27},"end":{"line":23,"column":30}},"6":{"start":{"line":18,"column":4},"end":{"line":20,"column":5}},"7":{"start":{"line":19,"column":6},"end":{"line":19,"column":22}},"8":{"start":{"line":22,"column":4},"end":{"line":22,"column":73}},"9":{"start":{"line":22,"column":40},"end":{"line":22,"column":71}},"10":{"start":{"line":25,"column":18},"end":{"line":37,"column":16}},"11":{"start":{"line":26,"column":22},"end":{"line":26,"column":82}},"12":{"start":{"line":26,"column":51},"end":{"line":26,"column":81}},"13":{"start":{"line":27,"column":20},"end":{"line":29,"column":5}},"14":{"start":{"line":28,"column":19},"end":{"line":28,"column":80}},"15":{"start":{"line":31,"column":4},"end":{"line":36,"column":6}},"16":{"start":{"line":35,"column":52},"end":{"line":35,"column":72}},"17":{"start":{"line":39,"column":2},"end":{"line":48,"column":4}}},"fnMap":{"0":{"name":"useTenantPayments","decl":{"start":{"line":8,"column":16},"end":{"line":8,"column":33}},"loc":{"start":{"line":8,"column":51},"end":{"line":49,"column":1}},"line":8},"1":{"name":"(anonymous_1)","decl":{"start":{"line":12,"column":13},"end":{"line":12,"column":14}},"loc":{"start":{"line":12,"column":19},"end":{"line":12,"column":57}},"line":12},"2":{"name":"(anonymous_2)","decl":{"start":{"line":16,"column":27},"end":{"line":16,"column":28}},"loc":{"start":{"line":16,"column":33},"end":{"line":16,"column":59}},"line":16},"3":{"name":"(anonymous_3)","decl":{"start":{"line":17,"column":35},"end":{"line":17,"column":36}},"loc":{"start":{"line":17,"column":41},"end":{"line":23,"column":3}},"line":17},"4":{"name":"(anonymous_4)","decl":{"start":{"line":22,"column":27},"end":{"line":22,"column":28}},"loc":{"start":{"line":22,"column":40},"end":{"line":22,"column":71}},"line":22},"5":{"name":"(anonymous_5)","decl":{"start":{"line":25,"column":26},"end":{"line":25,"column":27}},"loc":{"start":{"line":25,"column":32},"end":{"line":37,"column":3}},"line":25},"6":{"name":"(anonymous_6)","decl":{"start":{"line":26,"column":38},"end":{"line":26,"column":39}},"loc":{"start":{"line":26,"column":51},"end":{"line":26,"column":81}},"line":26},"7":{"name":"(anonymous_7)","decl":{"start":{"line":28,"column":6},"end":{"line":28,"column":7}},"loc":{"start":{"line":28,"column":19},"end":{"line":28,"column":80}},"line":28},"8":{"name":"(anonymous_8)","decl":{"start":{"line":35,"column":34},"end":{"line":35,"column":35}},"loc":{"start":{"line":35,"column":52},"end":{"line":35,"column":72}},"line":35}},"branchMap":{"0":{"loc":{"start":{"line":16,"column":33},"end":{"line":16,"column":59}},"type":"binary-expr","locations":[{"start":{"line":16,"column":33},"end":{"line":16,"column":53}},{"start":{"line":16,"column":57},"end":{"line":16,"column":59}}],"line":16},"1":{"loc":{"start":{"line":18,"column":4},"end":{"line":20,"column":5}},"type":"if","locations":[{"start":{"line":18,"column":4},"end":{"line":20,"column":5}},{"start":{},"end":{}}],"line":18},"2":{"loc":{"start":{"line":28,"column":19},"end":{"line":28,"column":80}},"type":"binary-expr","locations":[{"start":{"line":28,"column":19},"end":{"line":28,"column":47}},{"start":{"line":28,"column":51},"end":{"line":28,"column":80}}],"line":28},"3":{"loc":{"start":{"line":33,"column":18},"end":{"line":33,"column":49}},"type":"binary-expr","locations":[{"start":{"line":33,"column":18},"end":{"line":33,"column":41}},{"start":{"line":33,"column":45},"end":{"line":33,"column":49}}],"line":33},"4":{"loc":{"start":{"line":42,"column":19},"end":{"line":42,"column":38}},"type":"binary-expr","locations":[{"start":{"line":42,"column":19},"end":{"line":42,"column":30}},{"start":{"line":42,"column":34},"end":{"line":42,"column":38}}],"line":42},"5":{"loc":{"start":{"line":46,"column":15},"end":{"line":46,"column":42}},"type":"binary-expr","locations":[{"start":{"line":46,"column":15},"end":{"line":46,"column":36}},{"start":{"line":46,"column":40},"end":{"line":46,"column":42}}],"line":46}},"s":{"0":0,"1":0,"2":0,"3":0,"4":0,"5":0,"6":0,"7":0,"8":0,"9":0,"10":0,"11":0,"12":0,"13":0,"14":0,"15":0,"16":0,"17":0},"f":{"0":0,"1":0,"2":0,"3":0,"4":0,"5":0,"6":0,"7":0,"8":0},"b":{"0":[0,0],"1":[0,0],"2":[0,0],"3":[0,0],"4":[0,0],"5":[0,0]}}
,"C:\\Users\\Michael\\Desktop\\Projects\\AFODABO\\afodabo-housing-mobile\\src\\navigation\\AppNavigator.tsx": {"path":"C:\\Users\\Michael\\Desktop\\Projects\\AFODABO\\afodabo-housing-mobile\\src\\navigation\\AppNavigator.tsx","statementMap":{"0":{"start":{"line":41,"column":18},"end":{"line":41,"column":60}},"1":{"start":{"line":42,"column":12},"end":{"line":42,"column":38}},"2":{"start":{"line":45,"column":2},"end":{"line":52,"column":4}},"3":{"start":{"line":56,"column":17},"end":{"line":56,"column":36}},"4":{"start":{"line":58,"column":2},"end":{"line":94,"column":4}},"5":{"start":{"line":98,"column":27},"end":{"line":98,"column":48}},"6":{"start":{"line":100,"column":2},"end":{"line":123,"column":4}},"7":{"start":{"line":108,"column":12},"end":{"line":108,"column":72}},"8":{"start":{"line":118,"column":12},"end":{"line":118,"column":72}},"9":{"start":{"line":127,"column":27},"end":{"line":127,"column":48}},"10":{"start":{"line":129,"column":2},"end":{"line":183,"column":4}},"11":{"start":{"line":138,"column":12},"end":{"line":138,"column":70}},"12":{"start":{"line":148,"column":12},"end":{"line":148,"column":72}},"13":{"start":{"line":158,"column":12},"end":{"line":158,"column":70}},"14":{"start":{"line":168,"column":12},"end":{"line":168,"column":85}},"15":{"start":{"line":178,"column":12},"end":{"line":178,"column":72}},"16":{"start":{"line":187,"column":27},"end":{"line":187,"column":48}},"17":{"start":{"line":189,"column":2},"end":{"line":242,"column":4}},"18":{"start":{"line":197,"column":12},"end":{"line":197,"column":74}},"19":{"start":{"line":207,"column":12},"end":{"line":207,"column":74}},"20":{"start":{"line":217,"column":12},"end":{"line":217,"column":69}},"21":{"start":{"line":227,"column":12},"end":{"line":227,"column":85}},"22":{"start":{"line":237,"column":12},"end":{"line":237,"column":72}},"23":{"start":{"line":246,"column":27},"end":{"line":246,"column":48}},"24":{"start":{"line":248,"column":2},"end":{"line":281,"column":4}},"25":{"start":{"line":256,"column":12},"end":{"line":256,"column":82}},"26":{"start":{"line":266,"column":12},"end":{"line":266,"column":72}},"27":{"start":{"line":276,"column":12},"end":{"line":276,"column":72}},"28":{"start":{"line":285,"column":25},"end":{"line":285,"column":34}},"29":{"start":{"line":286,"column":18},"end":{"line":286,"column":37}},"30":{"start":{"line":288,"column":2},"end":{"line":290,"column":3}},"31":{"start":{"line":289,"column":4},"end":{"line":289,"column":52}},"32":{"start":{"line":292,"column":2},"end":{"line":294,"column":3}},"33":{"start":{"line":293,"column":4},"end":{"line":293,"column":54}},"34":{"start":{"line":296,"column":2},"end":{"line":298,"column":3}},"35":{"start":{"line":297,"column":4},"end":{"line":297,"column":50}},"36":{"start":{"line":300,"column":2},"end":{"line":302,"column":3}},"37":{"start":{"line":301,"column":4},"end":{"line":301,"column":37}},"38":{"start":{"line":304,"column":2},"end":{"line":304,"column":35}},"39":{"start":{"line":308,"column":22},"end":{"line":308,"column":31}},"40":{"start":{"line":309,"column":52},"end":{"line":309,"column":67}},"41":{"start":{"line":310,"column":46},"end":{"line":310,"column":60}},"42":{"start":{"line":312,"column":2},"end":{"line":336,"column":9}},"43":{"start":{"line":313,"column":18},"end":{"line":313,"column":22}},"44":{"start":{"line":315,"column":4},"end":{"line":331,"column":9}},"45":{"start":{"line":317,"column":8},"end":{"line":319,"column":9}},"46":{"start":{"line":318,"column":10},"end":{"line":318,"column":17}},"47":{"start":{"line":321,"column":8},"end":{"line":321,"column":32}},"48":{"start":{"line":322,"column":8},"end":{"line":322,"column":35}},"49":{"start":{"line":325,"column":8},"end":{"line":327,"column":9}},"50":{"start":{"line":326,"column":10},"end":{"line":326,"column":17}},"51":{"start":{"line":329,"column":8},"end":{"line":329,"column":33}},"52":{"start":{"line":330,"column":8},"end":{"line":330,"column":35}},"53":{"start":{"line":333,"column":4},"end":{"line":335,"column":6}},"54":{"start":{"line":334,"column":6},"end":{"line":334,"column":22}},"55":{"start":{"line":338,"column":2},"end":{"line":340,"column":3}},"56":{"start":{"line":339,"column":4},"end":{"line":339,"column":29}},"57":{"start":{"line":342,"column":2},"end":{"line":450,"column":4}},"58":{"start":{"line":453,"column":15},"end":{"line":481,"column":2}}},"fnMap":{"0":{"name":"LoadingScreen","decl":{"start":{"line":44,"column":9},"end":{"line":44,"column":22}},"loc":{"start":{"line":44,"column":25},"end":{"line":53,"column":1}},"line":44},"1":{"name":"useTabScreenOptions","decl":{"start":{"line":55,"column":9},"end":{"line":55,"column":28}},"loc":{"start":{"line":55,"column":59},"end":{"line":95,"column":1}},"line":55},"2":{"name":"GuestTabs","decl":{"start":{"line":97,"column":9},"end":{"line":97,"column":18}},"loc":{"start":{"line":97,"column":21},"end":{"line":124,"column":1}},"line":97},"3":{"name":"(anonymous_3)","decl":{"start":{"line":107,"column":22},"end":{"line":107,"column":23}},"loc":{"start":{"line":108,"column":12},"end":{"line":108,"column":72}},"line":108},"4":{"name":"(anonymous_4)","decl":{"start":{"line":117,"column":22},"end":{"line":117,"column":23}},"loc":{"start":{"line":118,"column":12},"end":{"line":118,"column":72}},"line":118},"5":{"name":"TenantTabs","decl":{"start":{"line":126,"column":9},"end":{"line":126,"column":19}},"loc":{"start":{"line":126,"column":22},"end":{"line":184,"column":1}},"line":126},"6":{"name":"(anonymous_6)","decl":{"start":{"line":137,"column":22},"end":{"line":137,"column":23}},"loc":{"start":{"line":138,"column":12},"end":{"line":138,"column":70}},"line":138},"7":{"name":"(anonymous_7)","decl":{"start":{"line":147,"column":22},"end":{"line":147,"column":23}},"loc":{"start":{"line":148,"column":12},"end":{"line":148,"column":72}},"line":148},"8":{"name":"(anonymous_8)","decl":{"start":{"line":157,"column":22},"end":{"line":157,"column":23}},"loc":{"start":{"line":158,"column":12},"end":{"line":158,"column":70}},"line":158},"9":{"name":"(anonymous_9)","decl":{"start":{"line":167,"column":22},"end":{"line":167,"column":23}},"loc":{"start":{"line":168,"column":12},"end":{"line":168,"column":85}},"line":168},"10":{"name":"(anonymous_10)","decl":{"start":{"line":177,"column":22},"end":{"line":177,"column":23}},"loc":{"start":{"line":178,"column":12},"end":{"line":178,"column":72}},"line":178},"11":{"name":"ManagerTabs","decl":{"start":{"line":186,"column":9},"end":{"line":186,"column":20}},"loc":{"start":{"line":186,"column":23},"end":{"line":243,"column":1}},"line":186},"12":{"name":"(anonymous_12)","decl":{"start":{"line":196,"column":22},"end":{"line":196,"column":23}},"loc":{"start":{"line":197,"column":12},"end":{"line":197,"column":74}},"line":197},"13":{"name":"(anonymous_13)","decl":{"start":{"line":206,"column":22},"end":{"line":206,"column":23}},"loc":{"start":{"line":207,"column":12},"end":{"line":207,"column":74}},"line":207},"14":{"name":"(anonymous_14)","decl":{"start":{"line":216,"column":22},"end":{"line":216,"column":23}},"loc":{"start":{"line":217,"column":12},"end":{"line":217,"column":69}},"line":217},"15":{"name":"(anonymous_15)","decl":{"start":{"line":226,"column":22},"end":{"line":226,"column":23}},"loc":{"start":{"line":227,"column":12},"end":{"line":227,"column":85}},"line":227},"16":{"name":"(anonymous_16)","decl":{"start":{"line":236,"column":22},"end":{"line":236,"column":23}},"loc":{"start":{"line":237,"column":12},"end":{"line":237,"column":72}},"line":237},"17":{"name":"AdminTabs","decl":{"start":{"line":245,"column":9},"end":{"line":245,"column":18}},"loc":{"start":{"line":245,"column":21},"end":{"line":282,"column":1}},"line":245},"18":{"name":"(anonymous_18)","decl":{"start":{"line":255,"column":22},"end":{"line":255,"column":23}},"loc":{"start":{"line":256,"column":12},"end":{"line":256,"column":82}},"line":256},"19":{"name":"(anonymous_19)","decl":{"start":{"line":265,"column":22},"end":{"line":265,"column":23}},"loc":{"start":{"line":266,"column":12},"end":{"line":266,"column":72}},"line":266},"20":{"name":"(anonymous_20)","decl":{"start":{"line":275,"column":22},"end":{"line":275,"column":23}},"loc":{"start":{"line":276,"column":12},"end":{"line":276,"column":72}},"line":276},"21":{"name":"RoleTabs","decl":{"start":{"line":284,"column":9},"end":{"line":284,"column":17}},"loc":{"start":{"line":284,"column":20},"end":{"line":305,"column":1}},"line":284},"22":{"name":"AppNavigator","decl":{"start":{"line":307,"column":16},"end":{"line":307,"column":28}},"loc":{"start":{"line":307,"column":31},"end":{"line":451,"column":1}},"line":307},"23":{"name":"(anonymous_23)","decl":{"start":{"line":312,"column":12},"end":{"line":312,"column":13}},"loc":{"start":{"line":312,"column":18},"end":{"line":336,"column":3}},"line":312},"24":{"name":"(anonymous_24)","decl":{"start":{"line":316,"column":12},"end":{"line":316,"column":13}},"loc":{"start":{"line":316,"column":22},"end":{"line":323,"column":7}},"line":316},"25":{"name":"(anonymous_25)","decl":{"start":{"line":324,"column":13},"end":{"line":324,"column":14}},"loc":{"start":{"line":324,"column":19},"end":{"line":331,"column":7}},"line":324},"26":{"name":"(anonymous_26)","decl":{"start":{"line":333,"column":11},"end":{"line":333,"column":12}},"loc":{"start":{"line":333,"column":17},"end":{"line":335,"column":5}},"line":333}},"branchMap":{"0":{"loc":{"start":{"line":286,"column":18},"end":{"line":286,"column":37}},"type":"binary-expr","locations":[{"start":{"line":286,"column":18},"end":{"line":286,"column":26}},{"start":{"line":286,"column":30},"end":{"line":286,"column":37}}],"line":286},"1":{"loc":{"start":{"line":288,"column":2},"end":{"line":290,"column":3}},"type":"if","locations":[{"start":{"line":288,"column":2},"end":{"line":290,"column":3}},{"start":{},"end":{}}],"line":288},"2":{"loc":{"start":{"line":292,"column":2},"end":{"line":294,"column":3}},"type":"if","locations":[{"start":{"line":292,"column":2},"end":{"line":294,"column":3}},{"start":{},"end":{}}],"line":292},"3":{"loc":{"start":{"line":296,"column":2},"end":{"line":298,"column":3}},"type":"if","locations":[{"start":{"line":296,"column":2},"end":{"line":298,"column":3}},{"start":{},"end":{}}],"line":296},"4":{"loc":{"start":{"line":300,"column":2},"end":{"line":302,"column":3}},"type":"if","locations":[{"start":{"line":300,"column":2},"end":{"line":302,"column":3}},{"start":{},"end":{}}],"line":300},"5":{"loc":{"start":{"line":317,"column":8},"end":{"line":319,"column":9}},"type":"if","locations":[{"start":{"line":317,"column":8},"end":{"line":319,"column":9}},{"start":{},"end":{}}],"line":317},"6":{"loc":{"start":{"line":325,"column":8},"end":{"line":327,"column":9}},"type":"if","locations":[{"start":{"line":325,"column":8},"end":{"line":327,"column":9}},{"start":{},"end":{}}],"line":325},"7":{"loc":{"start":{"line":338,"column":2},"end":{"line":340,"column":3}},"type":"if","locations":[{"start":{"line":338,"column":2},"end":{"line":340,"column":3}},{"start":{},"end":{}}],"line":338},"8":{"loc":{"start":{"line":338,"column":6},"end":{"line":338,"column":35}},"type":"binary-expr","locations":[{"start":{"line":338,"column":6},"end":{"line":338,"column":13}},{"start":{"line":338,"column":17},"end":{"line":338,"column":35}}],"line":338},"9":{"loc":{"start":{"line":345,"column":26},"end":{"line":345,"column":64}},"type":"cond-expr","locations":[{"start":{"line":345,"column":43},"end":{"line":345,"column":49}},{"start":{"line":345,"column":52},"end":{"line":345,"column":64}}],"line":345}},"s":{"0":0,"1":0,"2":0,"3":0,"4":0,"5":0,"6":0,"7":0,"8":0,"9":0,"10":0,"11":0,"12":0,"13":0,"14":0,"15":0,"16":0,"17":0,"18":0,"19":0,"20":0,"21":0,"22":0,"23":0,"24":0,"25":0,"26":0,"27":0,"28":0,"29":0,"30":0,"31":0,"32":0,"33":0,"34":0,"35":0,"36":0,"37":0,"38":0,"39":0,"40":0,"41":0,"42":0,"43":0,"44":0,"45":0,"46":0,"47":0,"48":0,"49":0,"50":0,"51":0,"52":0,"53":0,"54":0,"55":0,"56":0,"57":0,"58":0},"f":{"0":0,"1":0,"2":0,"3":0,"4":0,"5":0,"6":0,"7":0,"8":0,"9":0,"10":0,"11":0,"12":0,"13":0,"14":0,"15":0,"16":0,"17":0,"18":0,"19":0,"20":0,"21":0,"22":0,"23":0,"24":0,"25":0,"26":0},"b":{"0":[0,0],"1":[0,0],"2":[0,0],"3":[0,0],"4":[0,0],"5":[0,0],"6":[0,0],"7":[0,0],"8":[0,0],"9":[0,0]}}
,"C:\\Users\\Michael\\Desktop\\Projects\\AFODABO\\afodabo-housing-mobile\\src\\navigation\\types.ts": {"path":"C:\\Users\\Michael\\Desktop\\Projects\\AFODABO\\afodabo-housing-mobile\\src\\navigation\\types.ts","statementMap":{},"fnMap":{},"branchMap":{},"s":{},"f":{},"b":{}}
,"C:\\Users\\Michael\\Desktop\\Projects\\AFODABO\\afodabo-housing-mobile\\src\\screens\\about-screen.tsx": {"path":"C:\\Users\\Michael\\Desktop\\Projects\\AFODABO\\afodabo-housing-mobile\\src\\screens\\about-screen.tsx","statementMap":{"0":{"start":{"line":7,"column":15},"end":{"line":28,"column":1}},"1":{"start":{"line":30,"column":13},"end":{"line":35,"column":1}},"2":{"start":{"line":38,"column":2},"end":{"line":104,"column":4}},"3":{"start":{"line":82,"column":10},"end":{"line":85,"column":17}},"4":{"start":{"line":93,"column":12},"end":{"line":99,"column":19}},"5":{"start":{"line":107,"column":15},"end":{"line":231,"column":2}}},"fnMap":{"0":{"name":"AboutScreen","decl":{"start":{"line":37,"column":16},"end":{"line":37,"column":27}},"loc":{"start":{"line":37,"column":30},"end":{"line":105,"column":1}},"line":37},"1":{"name":"(anonymous_1)","decl":{"start":{"line":81,"column":20},"end":{"line":81,"column":21}},"loc":{"start":{"line":82,"column":10},"end":{"line":85,"column":17}},"line":82},"2":{"name":"(anonymous_2)","decl":{"start":{"line":92,"column":20},"end":{"line":92,"column":21}},"loc":{"start":{"line":93,"column":12},"end":{"line":99,"column":19}},"line":93}},"branchMap":{},"s":{"0":0,"1":0,"2":0,"3":0,"4":0,"5":0},"f":{"0":0,"1":0,"2":0},"b":{}}
,"C:\\Users\\Michael\\Desktop\\Projects\\AFODABO\\afodabo-housing-mobile\\src\\screens\\account-screen.tsx": {"path":"C:\\Users\\Michael\\Desktop\\Projects\\AFODABO\\afodabo-housing-mobile\\src\\screens\\account-screen.tsx","statementMap":{"0":{"start":{"line":13,"column":21},"end":{"line":13,"column":77}},"1":{"start":{"line":14,"column":43},"end":{"line":14,"column":52}},"2":{"start":{"line":15,"column":23},"end":{"line":15,"column":53}},"3":{"start":{"line":17,"column":2},"end":{"line":52,"column":3}},"4":{"start":{"line":18,"column":4},"end":{"line":51,"column":6}},"5":{"start":{"line":29,"column":33},"end":{"line":29,"column":61}},"6":{"start":{"line":30,"column":33},"end":{"line":30,"column":64}},"7":{"start":{"line":37,"column":33},"end":{"line":37,"column":61}},"8":{"start":{"line":40,"column":33},"end":{"line":40,"column":63}},"9":{"start":{"line":43,"column":33},"end":{"line":43,"column":63}},"10":{"start":{"line":46,"column":33},"end":{"line":46,"column":61}},"11":{"start":{"line":54,"column":2},"end":{"line":119,"column":4}},"12":{"start":{"line":62,"column":31},"end":{"line":62,"column":65}},"13":{"start":{"line":66,"column":33},"end":{"line":66,"column":70}},"14":{"start":{"line":72,"column":35},"end":{"line":72,"column":75}},"15":{"start":{"line":75,"column":35},"end":{"line":75,"column":74}},"16":{"start":{"line":84,"column":31},"end":{"line":84,"column":64}},"17":{"start":{"line":87,"column":31},"end":{"line":87,"column":59}},"18":{"start":{"line":90,"column":31},"end":{"line":90,"column":61}},"19":{"start":{"line":93,"column":31},"end":{"line":93,"column":61}},"20":{"start":{"line":96,"column":31},"end":{"line":96,"column":59}},"21":{"start":{"line":104,"column":12},"end":{"line":111,"column":13}},"22":{"start":{"line":105,"column":14},"end":{"line":105,"column":30}},"23":{"start":{"line":107,"column":14},"end":{"line":110,"column":16}},"24":{"start":{"line":122,"column":15},"end":{"line":169,"column":2}}},"fnMap":{"0":{"name":"AccountScreen","decl":{"start":{"line":12,"column":16},"end":{"line":12,"column":29}},"loc":{"start":{"line":12,"column":32},"end":{"line":120,"column":1}},"line":12},"1":{"name":"(anonymous_1)","decl":{"start":{"line":29,"column":27},"end":{"line":29,"column":28}},"loc":{"start":{"line":29,"column":33},"end":{"line":29,"column":61}},"line":29},"2":{"name":"(anonymous_2)","decl":{"start":{"line":30,"column":27},"end":{"line":30,"column":28}},"loc":{"start":{"line":30,"column":33},"end":{"line":30,"column":64}},"line":30},"3":{"name":"(anonymous_3)","decl":{"start":{"line":37,"column":27},"end":{"line":37,"column":28}},"loc":{"start":{"line":37,"column":33},"end":{"line":37,"column":61}},"line":37},"4":{"name":"(anonymous_4)","decl":{"start":{"line":40,"column":27},"end":{"line":40,"column":28}},"loc":{"start":{"line":40,"column":33},"end":{"line":40,"column":63}},"line":40},"5":{"name":"(anonymous_5)","decl":{"start":{"line":43,"column":27},"end":{"line":43,"column":28}},"loc":{"start":{"line":43,"column":33},"end":{"line":43,"column":63}},"line":43},"6":{"name":"(anonymous_6)","decl":{"start":{"line":46,"column":27},"end":{"line":46,"column":28}},"loc":{"start":{"line":46,"column":33},"end":{"line":46,"column":61}},"line":46},"7":{"name":"(anonymous_7)","decl":{"start":{"line":62,"column":25},"end":{"line":62,"column":26}},"loc":{"start":{"line":62,"column":31},"end":{"line":62,"column":65}},"line":62},"8":{"name":"(anonymous_8)","decl":{"start":{"line":66,"column":27},"end":{"line":66,"column":28}},"loc":{"start":{"line":66,"column":33},"end":{"line":66,"column":70}},"line":66},"9":{"name":"(anonymous_9)","decl":{"start":{"line":72,"column":29},"end":{"line":72,"column":30}},"loc":{"start":{"line":72,"column":35},"end":{"line":72,"column":75}},"line":72},"10":{"name":"(anonymous_10)","decl":{"start":{"line":75,"column":29},"end":{"line":75,"column":30}},"loc":{"start":{"line":75,"column":35},"end":{"line":75,"column":74}},"line":75},"11":{"name":"(anonymous_11)","decl":{"start":{"line":84,"column":25},"end":{"line":84,"column":26}},"loc":{"start":{"line":84,"column":31},"end":{"line":84,"column":64}},"line":84},"12":{"name":"(anonymous_12)","decl":{"start":{"line":87,"column":25},"end":{"line":87,"column":26}},"loc":{"start":{"line":87,"column":31},"end":{"line":87,"column":59}},"line":87},"13":{"name":"(anonymous_13)","decl":{"start":{"line":90,"column":25},"end":{"line":90,"column":26}},"loc":{"start":{"line":90,"column":31},"end":{"line":90,"column":61}},"line":90},"14":{"name":"(anonymous_14)","decl":{"start":{"line":93,"column":25},"end":{"line":93,"column":26}},"loc":{"start":{"line":93,"column":31},"end":{"line":93,"column":61}},"line":93},"15":{"name":"(anonymous_15)","decl":{"start":{"line":96,"column":25},"end":{"line":96,"column":26}},"loc":{"start":{"line":96,"column":31},"end":{"line":96,"column":59}},"line":96},"16":{"name":"(anonymous_16)","decl":{"start":{"line":103,"column":19},"end":{"line":103,"column":20}},"loc":{"start":{"line":103,"column":31},"end":{"line":112,"column":11}},"line":103}},"branchMap":{"0":{"loc":{"start":{"line":15,"column":23},"end":{"line":15,"column":53}},"type":"cond-expr","locations":[{"start":{"line":15,"column":30},"end":{"line":15,"column":46}},{"start":{"line":15,"column":49},"end":{"line":15,"column":53}}],"line":15},"1":{"loc":{"start":{"line":15,"column":30},"end":{"line":15,"column":46}},"type":"binary-expr","locations":[{"start":{"line":15,"column":30},"end":{"line":15,"column
[...]
umn":4},"end":{"line":110,"column":5}},"type":"if","locations":[{"start":{"line":108,"column":4},"end":{"line":110,"column":5}},{"start":{},"end":{}}],"line":108},"8":{"loc":{"start":{"line":114,"column":4},"end":{"line":116,"column":5}},"type":"if","locations":[{"start":{"line":114,"column":4},"end":{"line":116,"column":5}},{"start":{},"end":{}}],"line":114},"9":{"loc":{"start":{"line":121,"column":4},"end":{"line":123,"column":5}},"type":"if","locations":[{"start":{"line":121,"column":4},"end":{"line":123,"column":5}},{"start":{},"end":{}}],"line":121},"10":{"loc":{"start":{"line":121,"column":8},"end":{"line":121,"column":55}},"type":"binary-expr","locations":[{"start":{"line":121,"column":8},"end":{"line":121,"column":37}},{"start":{"line":121,"column":41},"end":{"line":121,"column":55}}],"line":121},"11":{"loc":{"start":{"line":131,"column":4},"end":{"line":133,"column":5}},"type":"if","locations":[{"start":{"line":131,"column":4},"end":{"line":133,"column":5}},{"start":{},"end":{}}],"line":131},"12":{"loc":{"start":{"line":140,"column":4},"end":{"line":143,"column":5}},"type":"if","locations":[{"start":{"line":140,"column":4},"end":{"line":143,"column":5}},{"start":{},"end":{}}],"line":140},"13":{"loc":{"start":{"line":150,"column":4},"end":{"line":153,"column":5}},"type":"if","locations":[{"start":{"line":150,"column":4},"end":{"line":153,"column":5}},{"start":{},"end":{}}],"line":150},"14":{"loc":{"start":{"line":157,"column":4},"end":{"line":160,"column":5}},"type":"if","locations":[{"start":{"line":157,"column":4},"end":{"line":160,"column":5}},{"start":{},"end":{}}],"line":157}},"s":{"0":0,"1":0,"2":0,"3":0,"4":0,"5":0,"6":0,"7":0,"8":0,"9":0,"10":0,"11":0,"12":0,"13":0,"14":0,"15":0,"16":0,"17":0,"18":0,"19":0,"20":0,"21":0,"22":0,"23":0,"24":0,"25":0,"26":0,"27":0,"28":0,"29":0,"30":0,"31":0,"32":0,"33":0,"34":0,"35":0,"36":0,"37":0,"38":0,"39":0,"40":0,"41":0,"42":0,"43":0,"44":0,"45":0,"46":0,"47":0,"48":0,"49":0,"50":0,"51":0,"52":0,"53":0,"54":0,"55":0,"56":0,"57":0,"58":0,"59":0,"60":0,"61":0,"62":0,"63":0,"64":0,"65":0,"66":0,"67":0,"68":0,"69":0,"70":0,"71":0},"f":{"0":0,"1":0,"2":0,"3":0,"4":0,"5":0,"6":0,"7":0,"8":0,"9":0,"10":0,"11":0,"12":0,"13":0,"14":0,"15":0,"16":0,"17":0,"18":0,"19":0},"b":{"0":[0,0],"1":[0,0],"2":[0,0],"3":[0,0],"4":[0,0],"5":[0,0],"6":[0,0],"7":[0,0],"8":[0,0],"9":[0,0],"10":[0,0],"11":[0,0],"12":[0,0],"13":[0,0],"14":[0,0]}}
,"C:\\Users\\Michael\\Desktop\\Projects\\AFODABO\\afodabo-housing-mobile\\src\\services\\tenant.ts": {"path":"C:\\Users\\Michael\\Desktop\\Projects\\AFODABO\\afodabo-housing-mobile\\src\\services\\tenant.ts","statementMap":{"0":{"start":{"line":30,"column":2},"end":{"line":30,"column":14}},"1":{"start":{"line":31,"column":66},"end":{"line":84,"column":4}},"2":{"start":{"line":86,"column":20},"end":{"line":86,"column":76}},"3":{"start":{"line":87,"column":22},"end":{"line":87,"column":77}},"4":{"start":{"line":87,"column":58},"end":{"line":87,"column":74}},"5":{"start":{"line":88,"column":26},"end":{"line":109,"column":3}},"6":{"start":{"line":90,"column":6},"end":{"line":107,"column":44}},"7":{"start":{"line":111,"column":22},"end":{"line":119,"column":8}},"8":{"start":{"line":112,"column":4},"end":{"line":114,"column":5}},"9":{"start":{"line":113,"column":6},"end":{"line":113,"column":25}},"10":{"start":{"line":116,"column":19},"end":{"line":116,"column":64}},"11":{"start":{"line":117,"column":4},"end":{"line":117,"column":42}},"12":{"start":{"line":118,"column":4},"end":{"line":118,"column":23}},"13":{"start":{"line":121,"column":2},"end":{"line":139,"column":4}},"14":{"start":{"line":125,"column":24},"end":{"line":125,"column":65}},"15":{"start":{"line":127,"column":22},"end":{"line":127,"column":84}},"16":{"start":{"line":127,"column":47},"end":{"line":127,"column":75}},"17":{"start":{"line":128,"column":6},"end":{"line":131,"column":9}},"18":{"start":{"line":133,"column":43},"end":{"line":138,"column":5}},"19":{"start":{"line":143,"column":2},"end":{"line":158,"column":5}},"20":{"start":{"line":167,"column":2},"end":{"line":167,"column":16}},"21":{"start":{"line":168,"column":2},"end":{"line":176,"column":5}},"22":{"start":{"line":180,"column":2},"end":{"line":184,"column":5}},"23":{"start":{"line":196,"column":2},"end":{"line":216,"column":5}},"24":{"start":{"line":223,"column":2},"end":{"line":223,"column":42}}},"fnMap":{"0":{"name":"fetchTenantDashboard","decl":{"start":{"line":29,"column":22},"end":{"line":29,"column":42}},"loc":{"start":{"line":29,"column":92},"end":{"line":140,"column":1}},"line":29},"1":{"name":"(anonymous_1)","decl":{"start":{"line":87,"column":48},"end":{"line":87,"column":49}},"loc":{"start":{"line":87,"column":58},"end":{"line":87,"column":74}},"line":87},"2":{"name":"(anonymous_2)","decl":{"start":{"line":89,"column":20},"end":{"line":89,"column":21}},"loc":{"start":{"line":90,"column":6},"end":{"line":107,"column":44}},"line":90},"3":{"name":"(anonymous_3)","decl":{"start":{"line":111,"column":69},"end":{"line":111,"column":70}},"loc":{"start":{"line":111,"column":94},"end":{"line":119,"column":3}},"line":111},"4":{"name":"(anonymous_4)","decl":{"start":{"line":125,"column":11},"end":{"line":125,"column":12}},"loc":{"start":{"line":125,"column":24},"end":{"line":125,"column":65}},"line":125},"5":{"name":"(anonymous_5)","decl":{"start":{"line":126,"column":41},"end":{"line":126,"column":42}},"loc":{"start":{"line":126,"column":54},"end":{"line":132,"column":5}},"line":126},"6":{"name":"(anonymous_6)","decl":{"start":{"line":127,"column":37},"end":{"line":127,"column":38}},"loc":{"start":{"line":127,"column":47},"end":{"line":127,"column":75}},"line":127},"7":{"name":"(anonymous_7)","decl":{"start":{"line":133,"column":29},"end":{"line":133,"column":30}},"loc":{"start":{"line":133,"column":43},"end":{"line":138,"column":5}},"line":133},"8":{"name":"createTenantPayment","decl":{"start":{"line":142,"column":22},"end":{"line":142,"column":41}},"loc":{"start":{"line":142,"column":66},"end":{"line":159,"column":1}},"line":142},"9":{"name":"sendTenantMessage","decl":{"start":{"line":161,"column":22},"end":{"line":161,"column":39}},"loc":{"start":{"line":166,"column":2},"end":{"line":177,"column":1}},"line":166},"10":{"name":"markMessageRead","decl":{"start":{"line":179,"column":22},"end":{"line":179,"column":37}},"loc":{"start":{"line":179,"column":57},"end":{"line":185,"column":1}},"line":179},"11":{"name":"initiatePesapalPayment","decl":{"start":{"line":187,"column":22},"end":{"line":187,"column":44}},"loc":{"start":{"line":195,"column":3},"end":{"line":217,"column":1}},"line":195},"12":{"name":"buildTenantPaymentProofNote","decl":{"start":{"line":219,"column":16},"end":{"line":219,"column":43}},"loc":{"start":{"line":222,"column":2},"end":{"line":224,"column":1}},"line":222}},"branchMap":{"0":{"loc":{"start":{"line":112,"column":4},"end":{"line":114,"column":5}},"type":"if","locations":[{"start":{"line":112,"column":4},"end":{"line":114,"column":5}},{"start":{},"end":{}}],"line":112},"1":{"loc":{"start":{"line":127,"column":22},"end":{"line":127,"column":84}},"type":"binary-expr","locations":[{"start":{"line":127,"column":22},"end":{"line":127,"column":76}},{"start":{"line":127,"column":80},"end":{"line":127,"column":84}}],"line":127},"2":{"loc":{"start":{"line":172,"column":19},"end":{"line":172,"column":37}},"type":"binary-expr","locations":[{"start":{"line":172,"column":19},"end":{"line":172,"column":29}},{"start":{"line":172,"column":33},"end":{"line":172,"column":37}}],"line":172}},"s":{"0":0,"1":0,"2":0,"3":0,"4":0,"5":0,"6":0,"7":0,"8":0,"9":0,"10":0,"11":0,"12":0,"13":0,"14":0,"15":0,"16":0,"17":0,"18":0,"19":0,"20":0,"21":0,"22":0,"23":0,"24":0},"f":{"0":0,"1":0,"2":0,"3":0,"4":0,"5":0,"6":0,"7":0,"8":0,"9":0,"10":0,"11":0,"12":0},"b":{"0":[0,0],"1":[0,0],"2":[0,0]}}
,"C:\\Users\\Michael\\Desktop\\Projects\\AFODABO\\afodabo-housing-mobile\\src\\services\\uploads.ts": {"path":"C:\\Users\\Michael\\Desktop\\Projects\\AFODABO\\afodabo-housing-mobile\\src\\services\\uploads.ts","statementMap":{"0":{"start":{"line":11,"column":2},"end":{"line":11,"column":14}},"1":{"start":{"line":12,"column":22},"end":{"line":12,"column":44}},"2":{"start":{"line":13,"column":2},"end":{"line":15,"column":3}},"3":{"start":{"line":14,"column":4},"end":{"line":14,"column":70}},"4":{"start":{"line":17,"column":25},"end":{"line":17,"column":43}},"5":{"start":{"line":18,"column":19},"end":{"line":18,"column":33}},"6":{"start":{"line":19,"column":2},"end":{"line":23,"column":14}},"7":{"start":{"line":25,"column":19},"end":{"line":31,"column":4}},"8":{"start":{"line":33,"column":18},"end":{"line":33,"column":39}},"9":{"start":{"line":34,"column":2},"end":{"line":36,"column":3}},"10":{"start":{"line":35,"column":4},"end":{"line":35,"column":74}},"11":{"start":{"line":38,"column":2},"end":{"line":38,"column":31}},"12":{"start":{"line":42,"column":2},"end":{"line":42,"column":14}},"13":{"start":{"line":43,"column":22},"end":{"line":43,"column":44}},"14":{"start":{"line":44,"column":2},"end":{"line":46,"column":3}},"15":{"start":{"line":45,"column":4},"end":{"line":45,"column":72}},"16":{"start":{"line":48,"column":25},"end":{"line":48,"column":43}},"17":{"start":{"line":49,"column":33},"end":{"line":49,"column":35}},"18":{"start":{"line":51,"column":2},"end":{"line":73,"column":3}},"19":{"start":{"line":52,"column":21},"end":{"line":52,"column":35}},"20":{"start":{"line":53,"column":4},"end":{"line":57,"column":16}},"21":{"start":{"line":59,"column":21},"end":{"line":65,"column":6}},"22":{"start":{"line":67,"column":20},"end":{"line":67,"column":41}},"23":{"start":{"line":68,"column":4},"end":{"line":70,"column":5}},"24":{"start":{"line":69,"column":6},"end":{"line":69,"column":77}},"25":{"start":{"line":72,"column":4},"end":{"line":72,"column":45}},"26":{"start":{"line":75,"column":2},"end":{"line":75,"column":22}}},"fnMap":{"0":{"name":"uploadPaymentProof","decl":{"start":{"line":10,"column":22},"end":{"line":10,"column":40}},"loc":{"start":{"line":10,"column":77},"end":{"line":39,"column":1}},"line":10},"1":{"name":"uploadPropertyImages","decl":{"start":{"line":41,"column":22},"end":{"line":41,"column":42}},"loc":{"start":{"line":41,"column":82},"end":{"line":76,"column":1}},"line":41}},"branchMap":{"0":{"loc":{"start":{"line":13,"column":2},"end":{"line":15,"column":3}},"type":"if","locations":[{"start":{"line":13,"column":2},"end":{"line":15,"column":3}},{"start":{},"end":{}}],"line":13},"1":{"loc":{"start":{"line":21,"column":10},"end":{"line":21,"column":54}},"type":"binary-expr","locations":[{"start":{"line":21,"column":10},"end":{"line":21,"column":24}},{"start":{"line":21,"column":28},"end":{"line":21,"column":54}}],"line":21},"2":{"loc":{"start":{"line":34,"column":2},"end":{"line":36,"column":3}},"type":"if","locations":[{"start":{"line":34,"column":2},"end":{"line":36,"column":3}},{"start":{},"end":{}}],"line":34},"3":{"loc":{"start":{"line":35,"column":20},"end":{"line":35,"column":72}},"type":"binary-expr","locations":[{"start":{"line":35,"column":20},"end":{"line":35,"column":35}},{"start":{"line":35,"column":39},"end":{"line":35,"column":72}}],"line":35},"4":{"loc":{"start":{"line":44,"column":2},"end":{"line":46,"column":3}},"type":"if","locations":[{"start":{"line":44,"column":2},"end":{"line":46,"column":3}},{"start":{},"end":{}}],"line":44},"5":{"loc":{"start":{"line":55,"column":12},"end":{"line":55,"column":42}},"type":"binary-expr","locations":[{"start":{"line":55,"column":12},"end":{"line":55,"column":26}},{"start":{"line":55,"column":30},"end":{"line":55,"column":42}}],"line":55},"6":{"loc":{"start":{"line":68,"column":4},"end":{"line":70,"column":5}},"type":"if","locations":[{"start":{"line":68,"column":4},"end":{"line":70,"column":5}},{"start":{},"end":{}}],"line":68},"7":{"loc":{"start":{"line":69,"column":22},"end":{"line":69,"column":75}},"type":"binary-expr","locations":[{"start":{"line":69,"column":22},"end":{"line":69,"column":37}},{"start":{"line":69,"column":41},"end":{"line":69,"column":75}}],"line":69}},"s":{"0":0,"1":0,"2":0,"3":0,"4":0,"5":0,"6":0,"7":0,"8":0,"9":0,"10":0,"11":0,"12":0,"13":0,"14":0,"15":0,"16":0,"17":0,"18":0,"19":0,"20":0,"21":0,"22":0,"23":0,"24":0,"25":0,"26":0},"f":{"0":0,"1":0},"b":{"0":[0,0],"1":[0,0],"2":[0,0],"3":[0,0],"4":[0,0],"5":[0,0],"6":[0,0],"7":[0,0]}}
,"C:\\Users\\Michael\\Desktop\\Projects\\AFODABO\\afodabo-housing-mobile\\src\\theme\\tokens.ts": {"path":"C:\\Users\\Michael\\Desktop\\Projects\\AFODABO\\afodabo-housing-mobile\\src\\theme\\tokens.ts","statementMap":{"0":{"start":{"line":1,"column":22},"end":{"line":24,"column":10}},"1":{"start":{"line":26,"column":23},"end":{"line":33,"column":10}},"2":{"start":{"line":35,"column":21},"end":{"line":40,"column":10}},"3":{"start":{"line":42,"column":23},"end":{"line":57,"column":10}},"4":{"start":{"line":59,"column":26},"end":{"line":66,"column":10}}},"fnMap":{},"branchMap":{},"s":{"0":0,"1":0,"2":0,"3":0,"4":0},"f":{},"b":{}}
,"C:\\Users\\Michael\\Desktop\\Projects\\AFODABO\\afodabo-housing-mobile\\src\\types\\auth.ts": {"path":"C:\\Users\\Michael\\Desktop\\Projects\\AFODABO\\afodabo-housing-mobile\\src\\types\\auth.ts","statementMap":{},"fnMap":{},"branchMap":{},"s":{},"f":{},"b":{}}
,"C:\\Users\\Michael\\Desktop\\Projects\\AFODABO\\afodabo-housing-mobile\\src\\types\\supabase.ts": {"path":"C:\\Users\\Michael\\Desktop\\Projects\\AFODABO\\afodabo-housing-mobile\\src\\types\\supabase.ts","statementMap":{},"fnMap":{},"branchMap":{},"s":{},"f":{},"b":{}}
,"C:\\Users\\Michael\\Desktop\\Projects\\AFODABO\\afodabo-housing-mobile\\src\\utils\\constants.ts": {"path":"C:\\Users\\Michael\\Desktop\\Projects\\AFODABO\\afodabo-housing-mobile\\src\\utils\\constants.ts","statementMap":{"0":{"start":{"line":3,"column":25},"end":{"line":21,"column":10}},"1":{"start":{"line":26,"column":6},"end":{"line":33,"column":1}},"2":{"start":{"line":38,"column":6},"end":{"line":42,"column":1}},"3":{"start":{"line":44,"column":25},"end":{"line":55,"column":10}},"4":{"start":{"line":57,"column":29},"end":{"line":61,"column":1}}},"fnMap":{},"branchMap":{},"s":{"0":0,"1":0,"2":0,"3":0,"4":0},"f":{},"b":{}}
,"C:\\Users\\Michael\\Desktop\\Projects\\AFODABO\\afodabo-housing-mobile\\src\\utils\\env.ts": {"path":"C:\\Users\\Michael\\Desktop\\Projects\\AFODABO\\afodabo-housing-mobile\\src\\utils\\env.ts","statementMap":{"0":{"start":{"line":2,"column":21},"end":{"line":2,"column":57}},"1":{"start":{"line":4,"column":2},"end":{"line":8,"column":3}},"2":{"start":{"line":5,"column":4},"end":{"line":7,"column":6}},"3":{"start":{"line":10,"column":2},"end":{"line":14,"column":3}},"4":{"start":{"line":11,"column":4},"end":{"line":13,"column":6}},"5":{"start":{"line":16,"column":2},"end":{"line":18,"column":4}}},"fnMap":{"0":{"name":"getBackendApiEnv","decl":{"start":{"line":1,"column":16},"end":{"line":1,"column":32}},"loc":{"start":{"line":1,"column":35},"end":{"line":19,"column":1}},"line":1}},"branchMap":{"0":{"loc":{"start":{"line":4,"column":2},"end":{"line":8,"column":3}},"type":"if","locations":[{"start":{"line":4,"column":2},"end":{"line":8,"column":3}},{"start":{},"end":{}}],"line":4},"1":{"loc":{"start":{"line":10,"column":2},"end":{"line":14,"column":3}},"type":"if","locations":[{"start":{"line":10,"column":2},"end":{"line":14,"column":3}},{"start":{},"end":{}}],"line":10}},"s":{"0":0,"1":0,"2":0,"3":0,"4":0,"5":0},"f":{"0":0},"b":{"0":[0,0],"1":[0,0]}}
,"C:\\Users\\Michael\\Desktop\\Projects\\AFODABO\\afodabo-housing-mobile\\src\\utils\\format.ts": {"path":"C:\\Users\\Michael\\Desktop\\Projects\\AFODABO\\afodabo-housing-mobile\\src\\utils\\format.ts","statementMap":{"0":{"start":{"line":5,"column":2},"end":{"line":7,"column":3}},"1":{"start":{"line":6,"column":4},"end":{"line":6,"column":51}},"2":{"start":{"line":9,"column":2},"end":{"line":11,"column":3}},"3":{"start":{"line":10,"column":4},"end":{"line":10,"column":48}},"4":{"start":{"line":13,"column":2},"end":{"line":13,"column":42}},"5":{"start":{"line":17,"column":2},"end":{"line":17,"column":42}},"6":{"start":{"line":21,"column":2},"end":{"line":21,"column":49}},"7":{"start":{"line":25,"column":2},"end":{"line":25,"column":60}},"8":{"start":{"line":29,"column":2},"end":{"line":38,"column":4}},"9":{"start":{"line":42,"column":2},"end":{"line":48,"column":4}},"10":{"start":{"line":52,"column":2},"end":{"line":54,"column":3}},"11":{"start":{"line":53,"column":4},"end":{"line":53,"column":19}},"12":{"start":{"line":56,"column":2},"end":{"line":56,"column":79}},"13":{"start":{"line":56,"column":59},"end":{"line":56,"column":77}}},"fnMap":{"0":{"name":"formatUGX","decl":{"start":{"line":4,"column":16},"end":{"line":4,"column":25}},"loc":{"start":{"line":4,"column":42},"end":{"line":14,"column":1}},"line":4},"1":{"name":"formatUGXFull","decl":{"start":{"line":16,"column":16},"end":{"line":16,"column":29}},"loc":{"start":{"line":16,"column":46},"end":{"line":18,"column":1}},"line":16},"2":{"name":"formatDateLabel","decl":{"start":{"line":20,"column":16},"end":{"line":20,"column":31}},"loc":{"start":{"line":20,"column":47},"end":{"line":22,"column":1}},"line":20},"3":{"name":"formatDateTimeLabel","decl":{"start":{"line":24,"column":16},"end":{"line":24,"column":35}},"loc":{"start":{"line":24,"column":51},"end":{"line":26,"column":1}},"line":24},"4":{"name":"propertyTypeLabel","decl":{"start":{"line":28,"column":16},"end":{"line":28,"column":33}},"loc":{"start":{"line":28,"column":87},"end":{"line":39,"column":1}},"line":28},"5":{"name":"rentPeriodSuffix","decl":{"start":{"line":41,"column":16},"end":{"line":41,"column":32}},"loc":{"start":{"line":41,"column":84},"end":{"line":49,"column":1}},"line":41},"6":{"name":"titleCaseRole","decl":{"start":{"line":51,"column":16},"end":{"line":51,"column":29}},"loc":{"start":{"line":51,"column":51},"end":{"line":57,"column":1}},"line":51},"7":{"name":"(anonymous_7)","decl":{"start":{"line":56,"column":49},"end":{"line":56,"column":50}},"loc":{"start":{"line":56,"column":59},"end":{"line":56,"column":77}},"line":56}},"branchMap":{"0":{"loc":{"start":{"line":5,"column":2},"end":{"line":7,"column":3}},"type":"if","locations":[{"start":{"line":5,"column":2},"end":{"line":7,"column":3}},{"start":{},"end":{}}],"line":5},"1":{"loc":{"start":{"line":9,"column":2},"end":{"line":11,"column":3}},"type":"if","locations":[{"start":{"line":9,"column":2},"end":{"line":11,"column":3}},{"start":{},"end":{}}],"line":9},"2":{"loc":{"start":{"line":30,"column":4},"end":{"line":37,"column":21}},"type":"binary-expr","locations":[{"start":{"line":30,"column":4},"end":{"line":37,"column":12}},{"start":{"line":37,"column":16},"end":{"line":37,"column":21}}],"line":30},"3":{"loc":{"start":{"line":43,"column":4},"end":{"line":47,"column":18}},"type":"binary-expr","locations":[{"start":{"line":43,"column":4},"end":{"line":47,"column":12}},{"start":{"line":47,"column":16},"end":{"line":47,"column":18}}],"line":43},"4":{"loc":{"start":{"line":52,"column":2},"end":{"line":54,"column":3}},"type":"if","locations":[{"start":{"line":52,"column":2},"end":{"line":54,"column":3}},{"start":{},"end":{}}],"line":52}},"s":{"0":0,"1":0,"2":0,"3":0,"4":0,"5":0,"6":0,"7":0,"8":0,"9":0,"10":0,"11":0,"12":0,"13":0},"f":{"0":0,"1":0,"2":0,"3":0,"4":0,"5":0,"6":0,"7":0},"b":{"0":[0,0],"1":[0,0],"2":[0,0],"3":[0,0],"4":[0,0]}}
,"C:\\Users\\Michael\\Desktop\\Projects\\AFODABO\\afodabo-housing-mobile\\src\\utils\\math.ts": {"path":"C:\\Users\\Michael\\Desktop\\Projects\\AFODABO\\afodabo-housing-mobile\\src\\utils\\math.ts","statementMap":{"0":{"start":{"line":1,"column":19},"end":{"line":1,"column":58}},"1":{"start":{"line":1,"column":53},"end":{"line":1,"column":58}}},"fnMap":{"0":{"name":"(anonymous_0)","decl":{"start":{"line":1,"column":19},"end":{"line":1,"column":20}},"loc":{"start":{"line":1,"column":53},"end":{"line":1,"column":58}},"line":1}},"branchMap":{},"s":{"0":1,"1":1},"f":{"0":1},"b":{},"_coverageSchema":"1a1c01bbd47fc00a2c39e90264f33305004495a9","hash":"0de2a8c3422c8e792d6d74f1b844c3a1fa3ff20b"}
}
