TN:
SF:src\App.tsx
FN:24,App
FNF:1
FNH:0
FNDA:0,App
DA:20,0
DA:22,0
DA:25,0
DA:34,0
DA:35,0
DA:38,0
DA:52,0
LF:7
LH:0
BRDA:34,0,0,0
BRDA:34,0,1,0
BRF:2
BRH:0
end_of_record
TN:
SF:src\jest-setup.ts
FNF:0
FNH:0
LF:0
LH:0
BRF:0
BRH:0
end_of_record
TN:
SF:src\components\badge.tsx
FN:10,Badge
FNF:1
FNH:0
FNDA:0,Badge
DA:11,0
DA:20,0
DA:27,0
LF:3
LH:0
BRDA:10,0,0,0
BRF:1
BRH:0
end_of_record
TN:
SF:src\components\button.tsx
FN:14,Button
FN:47,(anonymous_1)
FNF:2
FNH:0
FNDA:0,Button
FNDA:0,(anonymous_1)
DA:15,0
DA:43,0
DA:47,0
DA:65,0
LF:4
LH:0
BRDA:14,0,0,0
BRDA:50,1,0,0
BRDA:50,1,1,0
BRDA:51,2,0,0
BRDA:51,2,1,0
BRDA:51,3,0,0
BRDA:51,3,1,0
BRDA:54,4,0,0
BRDA:54,4,1,0
BRDA:56,5,0,0
BRDA:56,5,1,0
BRF:11
BRH:0
end_of_record
TN:
SF:src\components\date-picker-field.tsx
FN:30,parseDateValue
FN:39,toIsoDate
FN:43,isBlocked
FN:55,DatePickerField
FN:69,(anonymous_4)
FN:81,(anonymous_5)
FN:96,(anonymous_6)
FN:97,(anonymous_7)
FN:108,(anonymous_8)
FN:108,(anonymous_9)
FN:114,(anonymous_10)
FN:114,(anonymous_11)
FN:123,(anonymous_12)
FN:131,(anonymous_13)
FN:140,(anonymous_14)
FN:168,(anonymous_15)
FN:176,(anonymous_16)
FNF:17
FNH:0
FNDA:0,parseDateValue
FNDA:0,toIsoDate
FNDA:0,isBlocked
FNDA:0,DatePickerField
FNDA:0,(anonymous_4)
FNDA:0,(anonymous_5)
FNDA:0,(anonymous_6)
FNDA:0,(anonymous_7)
FNDA:0,(anonymous_8)
FNDA:0,(anonymous_9)
FNDA:0,(anonymous_10)
FNDA:0,(anonymous_11)
FNDA:0,(anonymous_12)
FNDA:0,(anonymous_13)
FNDA:0,(anonymous_14)
FNDA:0,(anonymous_15)
FNDA:0,(anonymous_16)
DA:31,0
DA:32,0
DA:35,0
DA:36,0
DA:40,0
DA:44,0
DA:45,0
DA:48,0
DA:49,0
DA:52,0
DA:63,0
DA:64,0
DA:65,0
DA:66,0
DA:67,0
DA:69,0
DA:70,0
DA:71,0
DA:72,0
DA:73,0
DA:75,0
DA:81,0
DA:82,0
DA:83,0
DA:86,0
DA:96,0
DA:97,0
DA:108,0
DA:114,0
DA:124,0
DA:132,0
DA:133,0
DA:134,0
DA:136,0
DA:141,0
DA:142,0
DA:169,0
DA:170,0
DA:176,0
DA:189,0
LF:40
LH:0
BRDA:31,0,0,0
BRDA:31,0,1,0
BRDA:36,1,0,0
BRDA:36,1,1,0
BRDA:44,2,0,0
BRDA:44,2,1,0
BRDA:44,3,0,0
BRDA:44,3,1,0
BRDA:44,3,2,0
BRDA:48,4,0,0
BRDA:48,4,1,0
BRDA:48,5,0,0
BRDA:48,5,1,0
BRDA:48,5,2,0
BRDA:60,6,0,0
BRDA:67,7,0,0
BRDA:67,7,1,0
BRDA:67,7,2,0
BRDA:82,8,0,0
BRDA:82,8,1,0
BRDA:82,8,2,0
BRDA:90,9,0,0
BRDA:90,9,1,0
BRDA:91,10,0,0
BRDA:91,10,1,0
BRDA:93,11,0,0
BRDA:93,11,1,0
BRDA:134,12,0,0
BRDA:134,12,1,0
BRDA:146,13,0,0
BRDA:146,13,1,0
BRDA:147,14,0,0
BRDA:147,14,1,0
BRDA:153,15,0,0
BRDA:153,15,1,0
BRDA:154,16,0,0
BRDA:154,16,1,0
BRDA:155,17,0,0
BRDA:155,17,1,0
BRDA:156,18,0,0
BRDA:156,18,1,0
BRDA:156,19,0,0
BRDA:156,19,1,0
BRF:43
BRH:0
end_of_record
TN:
SF:src\components\empty-state.tsx
FN:10,EmptyState
FNF:1
FNH:0
FNDA:0,EmptyState
DA:11,0
DA:19,0
LF:2
LH:0
BRF:0
BRH:0
end_of_record
TN:
SF:src\components\error-state.tsx
FN:12,ErrorState
FNF:1
FNH:0
FNDA:0,ErrorState
DA:13,0
DA:26,0
LF:2
LH:0
BRDA:17,0,0,0
BRDA:17,0,1,0
BRF:2
BRH:0
end_of_record
TN:
SF:src\components\input-field.tsx
FN:16,InputField
FNF:1
FNH:0
FNDA:0,InputField
DA:26,0
DA:44,0
LF:2
LH:0
BRDA:17,0,0,0
BRDA:18,1,0,0
BRDA:37,2,0,0
BRDA:37,2,1,0
BRF:4
BRH:0
end_of_record
TN:
SF:src\components\loading-state.tsx
FN:9,LoadingState
FNF:1
FNH:0
FNDA:0,LoadingState
DA:10,0
DA:18,0
LF:2
LH:0
BRDA:9,0,0,0
BRF:1
BRH:0
end_of_record
TN:
SF:src\components\message-bubble.tsx
FN:17,MessageBubble
FNF:1
FNH:0
FNDA:0,MessageBubble
DA:18,0
DA:20,0
DA:29,0
LF:3
LH:0
BRDA:21,0,0,0
BRDA:21,0,1,0
BRDA:22,1,0,0
BRDA:22,1,1,0
BRDA:22,2,0,0
BRDA:22,2,1,0
BRF:6
BRH:0
end_of_record
TN:
SF:src\components\message-composer.tsx
FN:14,MessageComposer
FN:35,(anonymous_1)
FNF:2
FNH:0
FNDA:0,MessageComposer
FNDA:0,(anonymous_1)
DA:20,0
DA:22,0
DA:36,0
DA:37,0
DA:38,0
DA:41,0
DA:42,0
DA:51,0
LF:8
LH:0
BRDA:15,0,0,0
BRDA:17,1,0,0
BRDA:25,2,0,0
BRDA:25,2,1,0
BRDA:34,3,0,0
BRDA:34,3,1,0
BRDA:34,3,2,0
BRDA:37,4,0,0
BRDA:37,4,1,0
BRDA:45,5,0,0
BRDA:45,5,1,0
BRF:11
BRH:0
end_of_record
TN:
SF:src\components\page-header.tsx
FN:11,PageHeader
FNF:1
FNH:0
FNDA:0,PageHeader
DA:12,0
DA:21,0
LF:2
LH:0
BRDA:14,0,0,0
BRDA:14,0,1,0
BRDA:16,1,0,0
BRDA:16,1,1,0
BRF:4
BRH:0
end_of_record
TN:
SF:src\components\property-card.tsx
FN:18,PropertyCardComponent
FN:24,(anonymous_1)
FNF:2
FNH:0
FNDA:0,PropertyCardComponent
FNDA:0,(anonymous_1)
DA:10,0
DA:19,0
DA:21,0
DA:24,0
DA:76,0
DA:78,0
LF:6
LH:0
BRDA:18,0,0,0
BRDA:24,1,0,0
BRDA:24,1,1,0
BRDA:26,2,0,0
BRDA:26,2,1,0
BRDA:40,3,0,0
BRDA:40,3,1,0
BRDA:46,4,0,0
BRDA:46,4,1,0
BRDA:49,5,0,0
BRDA:49,5,1,0
BRF:11
BRH:0
end_of_record
TN:
SF:src\components\screen.tsx
FN:12,Screen
FNF:1
FNH:0
FNDA:0,Screen
DA:13,0
DA:15,0
DA:31,0
LF:3
LH:0
BRDA:12,0,0,0
BRDA:12,1,0,0
BRDA:13,2,0,0
BRDA:13,2,1,0
BRDA:17,3,0,0
BRDA:17,3,1,0
BRF:6
BRH:0
end_of_record
TN:
SF:src\components\scrollable-screen-container.tsx
FN:22,ScrollableScreenContainer
FNF:1
FNH:0
FNDA:0,ScrollableScreenContainer
DA:30,0
DA:32,0
DA:51,0
LF:3
LH:0
BRDA:23,0,0,0
BRDA:26,1,0,0
BRDA:27,2,0,0
BRDA:37,3,0,0
BRDA:37,3,1,0
BRF:5
BRH:0
end_of_record
TN:
SF:src\components\segmented-control.tsx
FN:11,SegmentedControl
FN:24,(anonymous_1)
FN:30,(anonymous_2)
FNF:3
FNH:0
FNDA:0,SegmentedControl
FNDA:0,(anonymous_1)
FNDA:0,(anonymous_2)
DA:16,0
DA:25,0
DA:27,0
DA:30,0
DA:42,0
LF:5
LH:0
BRDA:31,0,0,0
BRDA:31,0,1,0
BRDA:33,1,0,0
BRDA:33,1,1,0
BRF:4
BRH:0
end_of_record
TN:
SF:src\components\select-field.tsx
FN:36,SelectField
FN:53,(anonymous_1)
FN:53,(anonymous_2)
FN:56,(anonymous_3)
FN:57,(anonymous_4)
FN:58,(anonymous_5)
FN:92,(anonymous_6)
FN:126,(anonymous_7)
FN:132,(anonymous_8)
FNF:9
FNH:0
FNDA:0,SelectField
FNDA:0,(anonymous_1)
FNDA:0,(anonymous_2)
FNDA:0,(anonymous_3)
FNDA:0,(anonymous_4)
FNDA:0,(anonymous_5)
FNDA:0,(anonymous_6)
FNDA:0,(anonymous_7)
FNDA:0,(anonymous_8)
DA:43,0
DA:44,0
DA:45,0
DA:51,0
DA:52,0
DA:53,0
DA:56,0
DA:57,0
DA:58,0
DA:59,0
DA:60,0
DA:61,0
DA:62,0
DA:63,0
DA:64,0
DA:65,0
DA:66,0
DA:67,0
DA:68,0
DA:69,0
DA:70,0
DA:74,0
DA:78,0
DA:84,0
DA:88,0
DA:92,0
DA:127,0
DA:129,0
DA:133,0
DA:134,0
DA:153,0
LF:31
LH:0
BRDA:53,0,0,0
BRDA:53,0,1,0
BRDA:62,1,0,0
BRDA:62,1,1,0
BRDA:62,2,0,0
BRDA:62,2,1,0
BRDA:69,3,0,0
BRDA:69,3,1,0
BRDA:72,4,0,0
BRDA:72,4,1,0
BRDA:74,5,0,0
BRDA:74,5,1,0
BRDA:92,6,0,0
BRDA:92,6,1,0
BRDA:93,7,0,0
BRDA:93,7,1,0
BRDA:96,8,0,0
BRDA:96,8,1,0
BRDA:136,9,0,0
BRDA:136,9,1,0
BRDA:138,10,0,0
BRDA:138,10,1,0
BRDA:141,11,0,0
BRDA:141,11,1,0
BRF:24
BRH:0
end_of_record
TN:
SF:src\components\stat-card.tsx
FN:11,StatCard
FNF:1
FNH:0
FNDA:0,StatCard
DA:12,0
DA:21,0
LF:2
LH:0
BRF:0
BRH:0
end_of_record
TN:
SF:src\context\auth-context.tsx
FN:24,isUnauthorizedHydrationError
FN:32,AuthProvider
FN:39,(anonymous_2)
FN:55,(anonymous_3)
FN:81,(anonymous_4)
FN:84,(anonymous_5)
FN:92,(anonymous_6)
FN:96,(anonymous_7)
FN:103,(anonymous_8)
FN:106,(anonymous_9)
FN:112,(anonymous_10)
FN:128,useAuth
FNF:12
FNH:0
FNDA:0,isUnauthorizedHydrationError
FNDA:0,AuthProvider
FNDA:0,(anonymous_2)
FNDA:0,(anonymous_3)
FNDA:0,(anonymous_4)
FNDA:0,(anonymous_5)
FNDA:0,(anonymous_6)
FNDA:0,(anonymous_7)
FNDA:0,(anonymous_8)
FNDA:0,(anonymous_9)
FNDA:0,(anonymous_10)
FNDA:0,useAuth
DA:22,0
DA:25,0
DA:26,0
DA:29,0
DA:33,0
DA:34,0
DA:35,0
DA:36,0
DA:37,0
DA:39,0
DA:40,0
DA:55,0
DA:56,0
DA:57,0
DA:58,0
DA:59,0
DA:60,0
DA:61,0
DA:63,0
DA:64,0
DA:65,0
DA:66,0
DA:67,0
DA:68,0
DA:69,0
DA:72,0
DA:73,0
DA:74,0
DA:75,0
DA:77,0
DA:81,0
DA:82,0
DA:84,0
DA:85,0
DA:86,0
DA:89,0
DA:92,0
DA:93,0
DA:96,0
DA:97,0
DA:98,0
DA:102,0
DA:103,0
DA:107,0
DA:108,0
DA:113,0
DA:114,0
DA:115,0
DA:116,0
DA:117,0
DA:118,0
DA:125,0
DA:129,0
DA:131,0
DA:132,0
DA:135,0
LF:56
LH:0
BRDA:25,0,0,0
BRDA:25,0,1,0
BRDA:41,1,0,0
BRDA:41,1,1,0
BRDA:47,2,0,0
BRDA:47,2,1,0
BRDA:63,3,0,0
BRDA:63,3,1,0
BRDA:73,4,0,0
BRDA:73,4,1,0
BRDA:75,5,0,0
BRDA:75,5,1,0
BRDA:85,6,0,0
BRDA:85,6,1,0
BRDA:131,7,0,0
BRDA:131,7,1,0
BRF:16
BRH:0
end_of_record
TN:
SF:src\hooks\admin\use-admin-dashboard.ts
FN:4,useAdminDashboard
FNF:1
FNH:0
FNDA:0,useAdminDashboard
DA:5,0
LF:1
LH:0
BRF:0
BRH:0
end_of_record
TN:
SF:src\hooks\manager\use-manager-dashboard.ts
FN:4,useManagerDashboard
FN:7,(anonymous_1)
FNF:2
FNH:0
FNDA:0,useManagerDashboard
FNDA:0,(anonymous_1)
DA:5,0
DA:7,0
LF:2
LH:0
BRF:0
BRH:0
end_of_record
TN:
SF:src\hooks\manager\use-manager-messages.ts
FN:21,buildConversations
FN:24,(anonymous_1)
FN:60,(anonymous_2)
FN:65,(anonymous_3)
FN:70,(anonymous_4)
FN:76,useManagerMessages
FN:79,(anonymous_6)
FN:84,(anonymous_7)
FN:95,useSendManagerMessage
FN:99,(anonymous_9)
FN:106,(anonymous_10)
FN:114,useMarkManagerMessagesRead
FN:118,(anonymous_12)
FN:119,(anonymous_13)
FN:121,(anonymous_14)
FNF:15
FNH:0
FNDA:0,buildConversations
FNDA:0,(anonymous_1)
FNDA:0,(anonymous_2)
FNDA:0,(anonymous_3)
FNDA:0,(anonymous_4)
FNDA:0,useManagerMessages
FNDA:0,(anonymous_6)
FNDA:0,(anonymous_7)
FNDA:0,useSendManagerMessage
FNDA:0,(anonymous_9)
FNDA:0,(anonymous_10)
FNDA:0,useMarkManagerMessagesRead
FNDA:0,(anonymous_12)
FNDA:0,(anonymous_13)
FNDA:0,(anonymous_14)
DA:22,0
DA:24,0
DA:25,0
DA:26,0
DA:27,0
DA:30,0
DA:32,0
DA:33,0
DA:43,0
DA:46,0
DA:47,0
DA:50,0
DA:51,0
DA:52,0
DA:54,0
DA:55,0
DA:59,0
DA:60,0
DA:66,0
DA:71,0
DA:77,0
DA:79,0
DA:83,0
DA:84,0
DA:88,0
DA:96,0
DA:98,0
DA:100,0
DA:107,0
DA:115,0
DA:117,0
DA:119,0
DA:122,0
LF:33
LH:0
BRDA:26,0,0,0
BRDA:26,0,1,0
BRDA:27,1,0,0
BRDA:27,1,1,0
BRDA:28,2,0,0
BRDA:28,2,1,0
BRDA:29,3,0,0
BRDA:29,3,1,0
BRDA:32,4,0,0
BRDA:32,4,1,0
BRDA:39,5,0,0
BRDA:39,5,1,0
BRDA:40,6,0,0
BRDA:40,6,1,0
BRDA:41,7,0,0
BRDA:41,7,1,0
BRDA:41,8,0,0
BRDA:41,8,1,0
BRDA:47,9,0,0
BRDA:47,9,1,0
BRDA:51,10,0,0
BRDA:51,10,1,0
BRDA:52,11,0,0
BRDA:52,11,1,0
BRDA:54,12,0,0
BRDA:54,12,1,0
BRDA:54,13,0,0
BRDA:54,13,1,0
BRDA:84,14,0,0
BRDA:84,14,1,0
BRDA:84,15,0,0
BRDA:84,15,1,0
BRDA:91,16,0,0
BRDA:91,16,1,0
BRDA:102,17,0,0
BRDA:102,17,1,0
BRF:36
BRH:0
end_of_record
TN:
SF:src\hooks\manager\use-manager-properties.ts
FN:5,useManagerProperties
FN:8,(anonymous_1)
FN:20,useManagerProperty
FN:24,(anonymous_3)
FN:24,(anonymous_4)
FNF:5
FNH:0
FNDA:0,useManagerProperties
FNDA:0,(anonymous_1)
FNDA:0,useManagerProperty
FNDA:0,(anonymous_3)
FNDA:0,(anonymous_4)
DA:6,0
DA:8,0
DA:12,0
DA:14,0
DA:21,0
DA:23,0
DA:24,0
DA:28,0
LF:8
LH:0
BRDA:12,0,0,0
BRDA:12,0,1,0
BRDA:24,1,0,0
BRDA:24,1,1,0
BRF:4
BRH:0
end_of_record
TN:
SF:src\hooks\manager\use-manager-tenancies.ts
FN:5,useManagerTenancies
FN:8,(anonymous_1)
FN:20,useManagerTenancy
FN:24,(anonymous_3)
FN:24,(anonymous_4)
FNF:5
FNH:0
FNDA:0,useManagerTenancies
FNDA:0,(anonymous_1)
FNDA:0,useManagerTenancy
FNDA:0,(anonymous_3)
FNDA:0,(anonymous_4)
DA:6,0
DA:8,0
DA:12,0
DA:14,0
DA:21,0
DA:23,0
DA:24,0
DA:28,0
LF:8
LH:0
BRDA:12,0,0,0
BRDA:12,0,1,0
BRDA:24,1,0,0
BRDA:24,1,1,0
BRF:4
BRH:0
end_of_record
TN:
SF:src\hooks\tenant\use-tenant-dashboard.ts
FN:4,useTenantDashboard
FN:7,(anonymous_1)
FNF:2
FNH:0
FNDA:0,useTenantDashboard
FNDA:0,(anonymous_1)
DA:5,0
DA:7,0
LF:2
LH:0
BRF:0
BRH:0
end_of_record
TN:
SF:src\hooks\tenant\use-tenant-messages.ts
FN:17,buildConversations
FN:20,(anonymous_1)
FN:56,(anonymous_2)
FN:61,(anonymous_3)
FN:66,(anonymous_4)
FN:72,useTenantMessages
FN:75,(anonymous_6)
FN:85,useSendTenantMessage
FN:89,(anonymous_8)
FN:96,(anonymous_9)
FN:104,useMarkTenantMessageRead
FN:108,(anonymous_11)
FN:109,(anonymous_12)
FN:111,(anonymous_13)
FNF:14
FNH:0
FNDA:0,buildConversations
FNDA:0,(anonymous_1)
FNDA:0,(anonymous_2)
FNDA:0,(anonymous_3)
FNDA:0,(anonymous_4)
FNDA:0,useTenantMessages
FNDA:0,(anonymous_6)
FNDA:0,useSendTenantMessage
FNDA:0,(anonymous_8)
FNDA:0,(anonymous_9)
FNDA:0,useMarkTenantMessageRead
FNDA:0,(anonymous_11)
FNDA:0,(anonymous_12)
FNDA:0,(anonymous_13)
DA:18,0
DA:20,0
DA:21,0
DA:22,0
DA:23,0
DA:26,0
DA:28,0
DA:29,0
DA:38,0
DA:41,0
DA:43,0
DA:46,0
DA:47,0
DA:50,0
DA:51,0
DA:55,0
DA:56,0
DA:62,0
DA:67,0
DA:73,0
DA:75,0
DA:79,0
DA:86,0
DA:88,0
DA:95,0
DA:97,0
DA:105,0
DA:107,0
DA:109,0
DA:112,0
LF:30
LH:0
BRDA:22,0,0,0
BRDA:22,0,1,0
BRDA:23,1,0,0
BRDA:23,1,1,0
BRDA:24,2,0,0
BRDA:24,2,1,0
BRDA:25,3,0,0
BRDA:25,3,1,0
BRDA:28,4,0,0
BRDA:28,4,1,0
BRDA:35,5,0,0
BRDA:35,5,1,0
BRDA:36,6,0,0
BRDA:36,6,1,0
BRDA:36,7,0,0
BRDA:36,7,1,0
BRDA:43,8,0,0
BRDA:43,8,1,0
BRDA:47,9,0,0
BRDA:47,9,1,0
BRDA:50,10,0,0
BRDA:50,10,1,0
BRDA:50,11,0,0
BRDA:50,11,1,0
BRDA:81,12,0,0
BRDA:81,12,1,0
BRDA:81,13,0,0
BRDA:81,13,1,0
BRF:28
BRH:0
end_of_record
TN:
SF:src\hooks\tenant\use-tenant-payments.ts
FN:8,useTenantPayments
FN:12,(anonymous_1)
FN:16,(anonymous_2)
FN:17,(anonymous_3)
FN:22,(anonymous_4)
FN:25,(anonymous_5)
FN:26,(anonymous_6)
FN:28,(anonymous_7)
FN:35,(anonymous_8)
FNF:9
FNH:0
FNDA:0,useTenantPayments
FNDA:0,(anonymous_1)
FNDA:0,(anonymous_2)
FNDA:0,(anonymous_3)
FNDA:0,(anonymous_4)
FNDA:0,(anonymous_5)
FNDA:0,(anonymous_6)
FNDA:0,(anonymous_7)
FNDA:0,(anonymous_8)
DA:9,0
DA:10,0
DA:12,0
DA:16,0
DA:17,0
DA:18,0
DA:19,0
DA:22,0
DA:25,0
DA:26,0
DA:27,0
DA:28,0
DA:31,0
DA:35,0
DA:39,0
LF:15
LH:0
BRDA:16,0,0,0
BRDA:16,0,1,0
BRDA:18,1,0,0
BRDA:18,1,1,0
BRDA:28,2,0,0
BRDA:28,2,1,0
BRDA:33,3,0,0
BRDA:33,3,1,0
BRDA:42,4,0,0
BRDA:42,4,1,0
BRDA:46,5,0,0
BRDA:46,5,1,0
BRF:12
BRH:0
end_of_record
TN:
SF:src\navigation\AppNavigator.tsx
FN:47,LoadingScreen
FN:58,useTabScreenOptions
FN:100,GuestTabs
FN:110,(anonymous_3)
FN:120,(anonymous_4)
FN:129,TenantTabs
FN:140,(anonymous_6)
FN:150,(anonymous_7)
FN:160,(anonymous_8)
FN:170,(anonymous_9)
FN:180,(anonymous_10)
FN:189,ManagerTabs
FN:199,(anonymous_12)
FN:209,(anonymous_13)
FN:219,(anonymous_14)
FN:229,(anonymous_15)
FN:239,(anonymous_16)
FN:248,AdminTabs
FN:258,(anonymous_18)
FN:268,(anonymous_19)
FN:278,(anonymous_20)
FN:287,RoleTabs
FN:310,AppNavigator
FN:315,(anonymous_23)
FN:319,(anonymous_24)
FN:327,(anonymous_25)
FN:336,(anonymous_26)
FNF:27
FNH:0
FNDA:0,LoadingScreen
FNDA:0,useTabScreenOptions
FNDA:0,GuestTabs
FNDA:0,(anonymous_3)
FNDA:0,(anonymous_4)
FNDA:0,TenantTabs
FNDA:0,(anonymous_6)
FNDA:0,(anonymous_7)
FNDA:0,(anonymous_8)
FNDA:0,(anonymous_9)
FNDA:0,(anonymous_10)
FNDA:0,ManagerTabs
FNDA:0,(anonymous_12)
FNDA:0,(anonymous_13)
FNDA:0,(anonymous_14)
FNDA:0,(anonymous_15)
FNDA:0,(anonymous_16)
FNDA:0,AdminTabs
FNDA:0,(anonymous_18)
FNDA:0,(anonymous_19)
FNDA:0,(anonymous_20)
FNDA:0,RoleTabs
FNDA:0,AppNavigator
FNDA:0,(anonymous_23)
FNDA:0,(anonymous_24)
FNDA:0,(anonymous_25)
FNDA:0,(anonymous_26)
DA:44,0
DA:45,0
DA:48,0
DA:59,0
DA:61,0
DA:101,0
DA:103,0
DA:111,0
DA:121,0
DA:130,0
DA:132,0
DA:141,0
DA:151,0
DA:161,0
DA:171,0
DA:181,0
DA:190,0
DA:192,0
DA:200,0
DA:210,0
DA:220,0
DA:230,0
DA:240,0
DA:249,0
DA:251,0
DA:259,0
DA:269,0
DA:279,0
DA:288,0
DA:289,0
DA:291,0
DA:292,0
DA:295,0
DA:296,0
DA:299,0
DA:300,0
DA:303,0
DA:304,0
DA:307,0
DA:311,0
DA:312,0
DA:313,0
DA:315,0
DA:316,0
DA:318,0
DA:320,0
DA:321,0
DA:324,0
DA:325,0
DA:328,0
DA:329,0
DA:332,0
DA:333,0
DA:336,0
DA:337,0
DA:341,0
DA:342,0
DA:345,0
DA:466,0
LF:59
LH:0
BRDA:289,0,0,0
BRDA:289,0,1,0
BRDA:291,1,0,0
BRDA:291,1,1,0
BRDA:295,2,0,0
BRDA:295,2,1,0
BRDA:299,3,0,0
BRDA:299,3,1,0
BRDA:303,4,0,0
BRDA:303,4,1,0
BRDA:320,5,0,0
BRDA:320,5,1,0
BRDA:328,6,0,0
BRDA:328,6,1,0
BRDA:341,7,0,0
BRDA:341,7,1,0
BRDA:341,8,0,0
BRDA:341,8,1,0
BRDA:348,9,0,0
BRDA:348,9,1,0
BRF:20
BRH:0
end_of_record
TN:
SF:src\navigation\types.ts
FNF:0
FNH:0
LF:0
LH:0
BRF:0
BRH:0
end_of_record
TN:
SF:src\screens\about-screen.tsx
FN:38,AboutScreen
FN:82,(anonymous_1)
FN:93,(anonymous_2)
FNF:3
FNH:0
FNDA:0,AboutScreen
FNDA:0,(anonymous_1)
FNDA:0,(anonymous_2)
DA:8,0
DA:31,0
DA:39,0
DA:83,0
DA:94,0
DA:108,0
LF:6
LH:0
BRF:0
BRH:0
end_of_record
TN:
SF:src\screens\account-screen.tsx
FN:13,AccountScreen
FN:35,(anonymous_1)
FN:36,(anonymous_2)
FN:43,(anonymous_3)
FN:46,(anonymous_4)
FN:49,(anonymous_5)
FN:52,(anonymous_6)
FN:78,(anonymous_7)
FN:82,(anonymous_8)
FN:88,(anonymous_9)
FN:91,(anonymous_10)
FN:100,(anonymous_11)
FN:103,(anonymous_12)
FN:106,(anonymous_13)
FN:109,(anonymous_14)
FN:112,(anonymous_15)
FN:119,(anonymous_16)
FNF:17
FNH:0
FNDA:0,AccountScreen
FNDA:0,(anonymous_1)
FNDA:0,(anonymous_2)
FNDA:0,(anonymous_3)
FNDA:0,(anonymous_4)
FNDA:0,(anonymous_5)
FNDA:0,(anonymous_6)
FNDA:0,(anonymous_7)
FNDA:0,(anonymous_8)
FNDA:0,(anonymous_9)
FNDA:0,(anonymous_10)
FNDA:0,(anonymous_11)
FNDA:0,(anonymous_12)
FNDA:0,(anonymous_13)
FNDA:0,(anonymous_14)
FNDA:0,(anonymous_15)
FNDA:0,(anonymous_16)
DA:14,0
DA:15,0
DA:16,0
DA:17,0
DA:23,0
DA:24,0
DA:35,0
DA:36,0
DA:43,0
DA:46,0
DA:49,0
DA:52,0
DA:60,0
DA:78,0
DA:82,0
DA:88,0
DA:91,0
DA:100,0
DA:103,0
DA:106,0
DA:109,0
DA:112,0
DA:120,0
DA:121,0
DA:123,0
DA:138,0
LF:26
LH:0
BRDA:16,0,0,0
BRDA:16,0,1,0
BRDA:16,1,0,0
BRDA:16,1,1,0
BRDA:18,2,0,0
BRDA:18,2,1,0
BRDA:18,2,2,0
BRDA:23,3,0,0
BRDA:23,3,1,0
BRDA:62,4,0,0
BRDA:62,4,1,0
BRDA:74,5,0,0
BRDA:74,5,1,0
BRDA:77,6,0,0
BRDA:77,6,1,0
BRDA:81,7,0,0
BRDA:81,7,1,0
BRDA:86,8,0,0
BRDA:86,8,1,0
BRDA:125,9,0,0
BRDA:125,9,1,0
BRF:21
BRH:0
end_of_record
TN:
SF:src\screens\admin-dashboard-screen.tsx
FN:30,AdminDashboardScreen
FN:42,(anonymous_1)
FN:48,(anonymous_2)
FN:50,(anonymous_3)
FN:53,(anonymous_4)
FN:54,(anonymous_5)
FN:55,(anonymous_6)
FN:58,(anonymous_7)
FN:62,(anonymous_8)
FN:69,(anonymous_9)
FN:101,(anonymous_10)
FN:115,(anonymous_11)
FN:192,(anonymous_12)
FN:236,(anonymous_13)
FN:249,(anonymous_14)
FN:255,(anonymous_15)
FN:273,(anonymous_16)
FN:286,(anonymous_17)
FN:295,(anonymous_18)
FN:305,(anonymous_19)
FN:311,(anonymous_20)
FN:331,(anonymous_21)
FN:344,(anonymous_22)
FN:361,(anonymous_23)
FN:379,(anonymous_24)
FN:396,(anonymous_25)
FN:404,(anonymous_26)
FNF:27
FNH:0
FNDA:0,AdminDashboardScreen
FNDA:0,(anonymous_1)
FNDA:0,(anonymous_2)
FNDA:0,(anonymous_3)
FNDA:0,(anonymous_4)
FNDA:0,(anonymous_5)
FNDA:0,(anonymous_6)
FNDA:0,(anonymous_7)
FNDA:0,(anonymous_8)
FNDA:0,(anonymous_9)
FNDA:0,(anonymous_10)
FNDA:0,(anonymous_11)
FNDA:0,(anonymous_12)
FNDA:0,(anonymous_13)
FNDA:0,(anonymous_14)
FNDA:0,(anonymous_15)
FNDA:0,(anonymous_16)
FNDA:0,(anonymous_17)
FNDA:0,(anonymous_18)
FNDA:0,(anonymous_19)
FNDA:0,(anonymous_20)
FNDA:0,(anonymous_21)
FNDA:0,(anonymous_22)
FNDA:0,(anonymous_23)
FNDA:0,(anonymous_24)
FNDA:0,(anonymous_25)
FNDA:0,(anonymous_26)
DA:31,0
DA:32,0
DA:33,0
DA:34,0
DA:35,0
DA:36,0
DA:37,0
DA:38,0
DA:40,0
DA:42,0
DA:43,0
DA:44,0
DA:45,0
DA:46,0
DA:47,0
DA:48,0
DA:50,0
DA:53,0
DA:54,0
DA:55,0
DA:58,0
DA:62,0
DA:63,0
DA:65,0
DA:66,0
DA:69,0
DA:70,0
DA:71,0
DA:72,0
DA:73,0
DA:77,0
DA:78,0
DA:88,0
DA:89,0
DA:92,0
DA:93,0
DA:102,0
DA:110,0
DA:116,0
DA:193,0
DA:237,0
DA:243,0
DA:244,0
DA:249,0
DA:256,0
DA:274,0
DA:275,0
DA:276,0
DA:277,0
DA:278,0
DA:287,0
DA:288,0
DA:296,0
DA:297,0
DA:306,0
DA:312,0
DA:313,0
DA:332,0
DA:345,0
DA:346,0
DA:362,0
DA:380,0
DA:382,0
DA:383,0
DA:386,0
DA:397,0
DA:398,0
DA:405,0
DA:406,0
DA:422,0
LF:70
LH:0
BRDA:43,0,0,0
BRDA:43,0,1,0
BRDA:44,1,0,0
BRDA:44,1,1,0
BRDA:45,2,0,0
BRDA:45,2,1,0
BRDA:46,3,0,0
BRDA:46,3,1,0
BRDA:50,4,0,0
BRDA:50,4,1,0
BRDA:65,5,0,0
BRDA:65,5,1,0
BRDA:66,6,0,0
BRDA:66,6,1,0
BRDA:69,7,0,0
BRDA:69,7,1,0
BRDA:70,8,0,0
BRDA:70,8,1,0
BRDA:71,9,0,0
BRDA:71,9,1,0
BRDA:72,10,0,0
BRDA:72,10,1,0
BRDA:73,11,0,0
BRDA:73,11,1,0
BRDA:73,11,2,0
BRDA:77,12,0,0
BRDA:77,12,1,0
BRDA:88,13,0,0
BRDA:88,13,1,0
BRDA:92,14,0,0
BRDA:92,14,1,0
BRDA:97,15,0,0
BRDA:97,15,1,0
BRDA:125,16,0,0
BRDA:125,16,1,0
BRDA:148,17,0,0
BRDA:148,17,1,0
BRDA:180,18,0,0
BRDA:180,18,1,0
BRDA:189,19,0,0
BRDA:189,19,1,0
BRDA:194,20,0,0
BRDA:194,20,1,0
BRDA:195,21,0,0
BRDA:195,21,1,0
BRDA:198,22,0,0
BRDA:198,22,1,0
BRDA:200,23,0,0
BRDA:200,23,1,0
BRDA:205,24,0,0
BRDA:205,24,1,0
BRDA:213,25,0,0
BRDA:213,25,1,0
BRDA:215,26,0,0
BRDA:215,26,1,0
BRDA:255,27,0,0
BRDA:255,27,1,0
BRDA:262,28,0,0
BRDA:262,28,1,0
BRDA:264,29,0,0
BRDA:264,29,1,0
BRDA:284,30,0,0
BRDA:284,30,1,0
BRDA:328,31,0,0
BRDA:328,31,1,0
BRDA:331,32,0,0
BRDA:331,32,1,0
BRDA:339,33,0,0
BRDA:339,33,1,0
BRDA:342,34,0,0
BRDA:342,34,1,0
BRDA:358,35,0,0
BRDA:358,35,1,0
BRDA:361,36,0,0
BRDA:361,36,1,0
BRDA:364,37,0,0
BRDA:364,37,1,0
BRDA:368,38,0,0
BRDA:368,38,1,0
BRDA:370,39,0,0
BRDA:370,39,1,0
BRDA:377,40,0,0
BRDA:377,40,1,0
BRDA:382,41,0,0
BRDA:382,41,1,0
BRDA:393,42,0,0
BRDA:393,42,1,0
BRDA:393,43,0,0
BRDA:393,43,1,0
BRF:89
BRH:0
end_of_record
TN:
SF:src\screens\contact-screen.tsx
FN:35,ContactScreen
FN:45,(anonymous_1)
FN:53,(anonymous_2)
FN:83,(anonymous_3)
FN:92,(anonymous_4)
FN:128,(anonymous_5)
FN:131,(anonymous_6)
FN:152,(anonymous_7)
FN:155,(anonymous_8)
FN:158,(anonymous_9)
FN:165,(anonymous_10)
FN:167,(anonymous_11)
FNF:12
FNH:0
FNDA:0,ContactScreen
FNDA:0,(anonymous_1)
FNDA:0,(anonymous_2)
FNDA:0,(anonymous_3)
FNDA:0,(anonymous_4)
FNDA:0,(anonymous_5)
FNDA:0,(anonymous_6)
FNDA:0,(anonymous_7)
FNDA:0,(anonymous_8)
FNDA:0,(anonymous_9)
FNDA:0,(anonymous_10)
FNDA:0,(anonymous_11)
DA:11,0
DA:33,0
DA:36,0
DA:37,0
DA:38,0
DA:39,0
DA:40,0
DA:41,0
DA:42,0
DA:43,0
DA:45,0
DA:46,0
DA:47,0
DA:48,0
DA:51,0
DA:52,0
DA:53,0
DA:54,0
DA:55,0
DA:56,0
DA:57,0
DA:58,0
DA:59,0
DA:64,0
DA:68,0
DA:83,0
DA:92,0
DA:129,0
DA:131,0
DA:152,0
DA:155,0
DA:158,0
DA:166,0
DA:167,0
DA:178,0
LF:35
LH:0
BRDA:46,0,0,0
BRDA:46,0,1,0
BRDA:46,1,0,0
BRDA:46,1,1,0
BRDA:46,1,2,0
BRDA:46,1,3,0
BRDA:132,2,0,0
BRDA:132,2,1,0
BRDA:146,3,0,0
BRDA:146,3,1,0
BRDA:167,4,0,0
BRDA:167,4,1,0
BRDA:170,5,0,0
BRDA:170,5,1,0
BRF:14
BRH:0
end_of_record
TN:
SF:src\screens\edit-profile-screen.tsx
FN:10,EditProfileScreen
FN:64,(anonymous_1)
FNF:2
FNH:0
FNDA:0,EditProfileScreen
FNDA:0,(anonymous_1)
DA:11,0
DA:12,0
DA:13,0
DA:14,0
DA:16,0
DA:17,0
DA:28,0
DA:32,0
DA:34,0
DA:65,0
DA:66,0
DA:67,0
DA:72,0
DA:73,0
DA:74,0
DA:75,0
DA:77,0
DA:82,0
DA:93,0
LF:19
LH:0
BRDA:16,0,0,0
BRDA:16,0,1,0
BRDA:28,1,0,0
BRDA:28,1,1,0
BRDA:28,1,2,0
BRDA:28,1,3,0
BRDA:30,2,0,0
BRDA:30,2,1,0
BRDA:32,3,0,0
BRDA:32,3,1,0
BRDA:32,3,2,0
BRDA:79,4,0,0
BRDA:79,4,1,0
BRDA:86,5,0,0
BRDA:86,5,1,0
BRF:15
BRH:0
end_of_record
TN:
SF:src\screens\explore-screen.tsx
FN:28,(anonymous_0)
FN:33,(anonymous_1)
FN:38,(anonymous_2)
FN:41,ExploreScreen
FN:57,(anonymous_4)
FN:80,(anonymous_5)
FN:85,(anonymous_6)
FN:96,(anonymous_7)
FN:99,(anonymous_8)
FN:105,(anonymous_9)
FN:107,(anonymous_10)
FN:121,(anonymous_11)
FN:204,(anonymous_12)
FN:209,(anonymous_13)
FN:210,(anonymous_14)
FN:212,(anonymous_15)
FNF:16
FNH:0
FNDA:0,(anonymous_0)
FNDA:0,(anonymous_1)
FNDA:0,(anonymous_2)
FNDA:0,ExploreScreen
FNDA:0,(anonymous_4)
FNDA:0,(anonymous_5)
FNDA:0,(anonymous_6)
FNDA:0,(anonymous_7)
FNDA:0,(anonymous_8)
FNDA:0,(anonymous_9)
FNDA:0,(anonymous_10)
FNDA:0,(anonymous_11)
FNDA:0,(anonymous_12)
FNDA:0,(anonymous_13)
FNDA:0,(anonymous_14)
FNDA:0,(anonymous_15)
DA:26,0
DA:28,0
DA:31,0
DA:33,0
DA:36,0
DA:38,0
DA:42,0
DA:43,0
DA:44,0
DA:45,0
DA:46,0
DA:47,0
DA:48,0
DA:49,0
DA:52,0
DA:56,0
DA:57,0
DA:79,0
DA:80,0
DA:84,0
DA:85,0
DA:86,0
DA:87,0
DA:88,0
DA:89,0
DA:90,0
DA:91,0
DA:92,0
DA:93,0
DA:95,0
DA:97,0
DA:99,0
DA:105,0
DA:106,0
DA:108,0
DA:120,0
DA:122,0
DA:205,0
DA:206,0
DA:210,0
DA:211,0
DA:212,0
DA:254,0
DA:274,0
LF:44
LH:0
BRDA:84,0,0,0
BRDA:84,0,1,0
BRDA:108,1,0,0
BRDA:108,1,1,0
BRDA:211,2,0,0
BRDA:211,2,1,0
BRDA:216,3,0,0
BRDA:216,3,1,0
BRDA:232,4,0,0
BRDA:232,4,1,0
BRDA:235,5,0,0
BRDA:235,5,1,0
BRF:12
BRH:0
end_of_record
TN:
SF:src\screens\login-screen.tsx
FN:12,LoginScreen
FN:17,(anonymous_1)
FN:57,(anonymous_2)
FN:60,(anonymous_3)
FNF:4
FNH:0
FNDA:0,LoginScreen
FNDA:0,(anonymous_1)
FNDA:0,(anonymous_2)
FNDA:0,(anonymous_3)
DA:13,0
DA:14,0
DA:15,0
DA:17,0
DA:18,0
DA:19,0
DA:20,0
DA:21,0
DA:26,0
DA:28,0
DA:32,0
DA:57,0
DA:60,0
DA:68,0
LF:14
LH:0
BRDA:26,0,0,0
BRDA:26,0,1,0
BRDA:57,1,0,0
BRDA:57,1,1,0
BRDA:57,1,2,0
BRDA:58,2,0,0
BRDA:58,2,1,0
BRF:7
BRH:0
end_of_record
TN:
SF:src\screens\manager-conversation-screen.tsx
FN:20,ManagerConversationScreen
FN:30,(anonymous_1)
FN:32,(anonymous_2)
FN:37,(anonymous_3)
FN:44,(anonymous_4)
FN:45,(anonymous_5)
FN:84,(anonymous_6)
FN:109,(anonymous_7)
FN:128,(anonymous_8)
FN:136,(anonymous_9)
FNF:10
FNH:0
FNDA:0,ManagerConversationScreen
FNDA:0,(anonymous_1)
FNDA:0,(anonymous_2)
FNDA:0,(anonymous_3)
FNDA:0,(anonymous_4)
FNDA:0,(anonymous_5)
FNDA:0,(anonymous_6)
FNDA:0,(anonymous_7)
FNDA:0,(anonymous_8)
FNDA:0,(anonymous_9)
DA:23,0
DA:24,0
DA:25,0
DA:26,0
DA:27,0
DA:29,0
DA:31,0
DA:32,0
DA:37,0
DA:38,0
DA:39,0
DA:40,0
DA:43,0
DA:44,0
DA:45,0
DA:47,0
DA:48,0
DA:49,0
DA:52,0
DA:54,0
DA:55,0
DA:58,0
DA:59,0
DA:62,0
DA:63,0
DA:73,0
DA:74,0
DA:77,0
DA:78,0
DA:85,0
DA:93,0
DA:94,0
DA:104,0
DA:110,0
DA:129,0
DA:137,0
DA:156,0
LF:37
LH:0
BRDA:31,0,0,0
BRDA:31,0,1,0
BRDA:38,1,0,0
BRDA:38,1,1,0
BRDA:38,2,0,0
BRDA:38,2,1,0
BRDA:44,3,0,0
BRDA:44,3,1,0
BRDA:47,4,0,0
BRDA:47,4,1,0
BRDA:54,5,0,0
BRDA:54,5,1,0
BRDA:62,6,0,0
BRDA:62,6,1,0
BRDA:73,7,0,0
BRDA:73,7,1,0
BRDA:77,8,0,0
BRDA:77,8,1,0
BRDA:82,9,0,0
BRDA:82,9,1,0
BRDA:93,10,0,0
BRDA:93,10,1,0
BRDA:120,11,0,0
BRDA:120,11,1,0
BRDA:145,12,0,0
BRDA:145,12,1,0
BRDA:147,13,0,0
BRDA:147,13,1,0
BRF:28
BRH:0
end_of_record
TN:
SF:src\screens\manager-create-property-screen.tsx
FN:52,ManagerCreatePropertyScreen
FN:82,(anonymous_1)
FN:93,(anonymous_2)
FN:99,(anonymous_3)
FN:100,(anonymous_4)
FN:102,(anonymous_5)
FN:131,(anonymous_6)
FN:135,(anonymous_7)
FN:136,(anonymous_8)
FN:137,(anonymous_9)
FN:152,(anonymous_10)
FN:152,(anonymous_11)
FN:157,(anonymous_12)
FN:157,(anonymous_13)
FN:162,(anonymous_14)
FN:162,(anonymous_15)
FN:167,(anonymous_16)
FN:167,(anonymous_17)
FN:172,(anonymous_18)
FN:172,(anonymous_19)
FN:180,(anonymous_20)
FN:180,(anonymous_21)
FN:181,(anonymous_22)
FN:190,(anonymous_23)
FN:190,(anonymous_24)
FN:191,(anonymous_25)
FN:200,(anonymous_26)
FN:201,(anonymous_27)
FN:208,(anonymous_28)
FN:208,(anonymous_29)
FN:214,(anonymous_30)
FN:214,(anonymous_31)
FN:220,(anonymous_32)
FN:221,(anonymous_33)
FN:228,(anonymous_34)
FN:228,(anonymous_35)
FN:233,(anonymous_36)
FN:234,(anonymous_37)
FN:241,(anonymous_38)
FN:242,(anonymous_39)
FN:249,(anonymous_40)
FN:250,(anonymous_41)
FN:257,(anonymous_42)
FN:260,(anonymous_43)
FN:261,(anonymous_44)
FN:263,(anonymous_45)
FN:276,(anonymous_46)
FN:316,(anonymous_47)
FN:331,(anonymous_48)
FNF:49
FNH:0
FNDA:0,ManagerCreatePropertyScreen
FNDA:0,(anonymous_1)
FNDA:0,(anonymous_2)
FNDA:0,(anonymous_3)
FNDA:0,(anonymous_4)
FNDA:0,(anonymous_5)
FNDA:0,(anonymous_6)
FNDA:0,(anonymous_7)
FNDA:0,(anonymous_8)
FNDA:0,(anonymous_9)
FNDA:0,(anonymous_10)
FNDA:0,(anonymous_11)
FNDA:0,(anonymous_12)
FNDA:0,(anonymous_13)
FNDA:0,(anonymous_14)
FNDA:0,(anonymous_15)
FNDA:0,(anonymous_16)
FNDA:0,(anonymous_17)
FNDA:0,(anonymous_18)
FNDA:0,(anonymous_19)
FNDA:0,(anonymous_20)
FNDA:0,(anonymous_21)
FNDA:0,(anonymous_22)
FNDA:0,(anonymous_23)
FNDA:0,(anonymous_24)
FNDA:0,(anonymous_25)
FNDA:0,(anonymous_26)
FNDA:0,(anonymous_27)
FNDA:0,(anonymous_28)
FNDA:0,(anonymous_29)
FNDA:0,(anonymous_30)
FNDA:0,(anonymous_31)
FNDA:0,(anonymous_32)
FNDA:0,(anonymous_33)
FNDA:0,(anonymous_34)
FNDA:0,(anonymous_35)
FNDA:0,(anonymous_36)
FNDA:0,(anonymous_37)
FNDA:0,(anonymous_38)
FNDA:0,(anonymous_39)
FNDA:0,(anonymous_40)
FNDA:0,(anonymous_41)
FNDA:0,(anonymous_42)
FNDA:0,(anonymous_43)
FNDA:0,(anonymous_44)
FNDA:0,(anonymous_45)
FNDA:0,(anonymous_46)
FNDA:0,(anonymous_47)
FNDA:0,(anonymous_48)
DA:23,0
DA:28,0
DA:34,0
DA:55,0
DA:56,0
DA:57,0
DA:58,0
DA:59,0
DA:63,0
DA:64,0
DA:73,0
DA:83,0
DA:89,0
DA:90,0
DA:93,0
DA:99,0
DA:100,0
DA:102,0
DA:103,0
DA:106,0
DA:108,0
DA:109,0
DA:113,0
DA:116,0
DA:132,0
DA:136,0
DA:137,0
DA:152,0
DA:157,0
DA:162,0
DA:167,0
DA:172,0
DA:180,0
DA:181,0
DA:190,0
DA:191,0
DA:201,0
DA:208,0
DA:214,0
DA:221,0
DA:228,0
DA:234,0
DA:242,0
DA:250,0
DA:258,0
DA:261,0
DA:262,0
DA:263,0
DA:277,0
DA:278,0
DA:279,0
DA:283,0
DA:286,0
DA:288,0
DA:292,0
DA:313,0
DA:316,0
DA:320,0
DA:325,0
DA:331,0
DA:339,0
LF:61
LH:0
BRDA:63,0,0,0
BRDA:63,0,1,0
BRDA:89,1,0,0
BRDA:89,1,1,0
BRDA:94,2,0,0
BRDA:94,2,1,0
BRDA:108,3,0,0
BRDA:108,3,1,0
BRDA:121,4,0,0
BRDA:121,4,1,0
BRDA:125,5,0,0
BRDA:125,5,1,0
BRDA:128,6,0,0
BRDA:128,6,1,0
BRDA:182,7,0,0
BRDA:182,7,1,0
BRDA:192,8,0,0
BRDA:192,8,1,0
BRDA:262,9,0,0
BRDA:262,9,1,0
BRDA:267,10,0,0
BRDA:267,10,1,0
BRDA:278,11,0,0
BRDA:278,11,1,0
BRDA:288,12,0,0
BRDA:288,12,1,0
BRDA:293,13,0,0
BRDA:293,13,1,0
BRDA:295,14,0,0
BRDA:295,14,1,0
BRDA:298,15,0,0
BRDA:298,15,1,0
BRDA:299,16,0,0
BRDA:299,16,1,0
BRDA:303,17,0,0
BRDA:303,17,1,0
BRDA:305,18,0,0
BRDA:305,18,1,0
BRDA:322,19,0,0
BRDA:322,19,1,0
BRDA:329,20,0,0
BRDA:329,20,1,0
BRF:42
BRH:0
end_of_record
TN:
SF:src\screens\manager-create-tenancy-screen.tsx
FN:24,addPeriod
FN:42,ManagerCreateTenancyScreen
FN:59,(anonymous_2)
FN:63,(anonymous_3)
FN:78,(anonymous_4)
FN:127,(anonymous_5)
FN:130,(anonymous_6)
FN:131,(anonymous_7)
FN:156,(anonymous_8)
FN:157,(anonymous_9)
FN:164,(anonymous_10)
FN:165,(anonymous_11)
FN:171,(anonymous_12)
FN:172,(anonymous_13)
FN:192,(anonymous_14)
FN:192,(anonymous_15)
FN:237,(anonymous_16)
FN:261,(anonymous_17)
FN:288,(anonymous_18)
FN:318,(anonymous_19)
FN:325,(anonymous_20)
FN:341,(anonymous_21)
FNF:22
FNH:0
FNDA:0,addPeriod
FNDA:0,ManagerCreateTenancyScreen
FNDA:0,(anonymous_2)
FNDA:0,(anonymous_3)
FNDA:0,(anonymous_4)
FNDA:0,(anonymous_5)
FNDA:0,(anonymous_6)
FNDA:0,(anonymous_7)
FNDA:0,(anonymous_8)
FNDA:0,(anonymous_9)
FNDA:0,(anonymous_10)
FNDA:0,(anonymous_11)
FNDA:0,(anonymous_12)
FNDA:0,(anonymous_13)
FNDA:0,(anonymous_14)
FNDA:0,(anonymous_15)
FNDA:0,(anonymous_16)
FNDA:0,(anonymous_17)
FNDA:0,(anonymous_18)
FNDA:0,(anonymous_19)
FNDA:0,(anonymous_20)
FNDA:0,(anonymous_21)
DA:25,0
DA:27,0
DA:28,0
DA:31,0
DA:32,0
DA:35,0
DA:36,0
DA:39,0
DA:45,0
DA:46,0
DA:47,0
DA:48,0
DA:49,0
DA:50,0
DA:58,0
DA:59,0
DA:62,0
DA:63,0
DA:65,0
DA:75,0
DA:76,0
DA:78,0
DA:82,0
DA:83,0
DA:84,0
DA:86,0
DA:91,0
DA:108,0
DA:110,0
DA:111,0
DA:120,0
DA:128,0
DA:131,0
DA:157,0
DA:165,0
DA:172,0
DA:174,0
DA:180,0
DA:192,0
DA:238,0
DA:239,0
DA:242,0
DA:243,0
DA:244,0
DA:245,0
DA:247,0
DA:252,0
DA:262,0
DA:263,0
DA:266,0
DA:267,0
DA:268,0
DA:269,0
DA:271,0
DA:276,0
DA:289,0
DA:290,0
DA:291,0
DA:292,0
DA:295,0
DA:312,0
DA:319,0
DA:320,0
DA:325,0
DA:330,0
DA:335,0
DA:341,0
DA:349,0
LF:68
LH:0
BRDA:27,0,0,0
BRDA:27,0,1,0
BRDA:31,1,0,0
BRDA:31,1,1,0
BRDA:35,2,0,0
BRDA:35,2,1,0
BRDA:59,3,0,0
BRDA:59,3,1,0
BRDA:65,4,0,0
BRDA:65,4,1,0
BRDA:82,5,0,0
BRDA:82,5,1,0
BRDA:83,6,0,0
BRDA:83,6,1,0
BRDA:84,7,0,0
BRDA:84,7,1,0
BRDA:86,8,0,0
BRDA:86,8,1,0
BRDA:86,8,2,0
BRDA:86,8,3,0
BRDA:86,8,4,0
BRDA:91,9,0,0
BRDA:91,9,1,0
BRDA:94,10,0,0
BRDA:94,10,1,0
BRDA:95,11,0,0
BRDA:95,11,1,0
BRDA:97,12,0,0
BRDA:97,12,1,0
BRDA:97,12,2,0
BRDA:98,13,0,0
BRDA:98,13,1,0
BRDA:108,14,0,0
BRDA:108,14,1,0
BRDA:110,15,0,0
BRDA:110,15,1,0
BRDA:123,16,0,0
BRDA:123,16,1,0
BRDA:134,17,0,0
BRDA:134,17,1,0
BRDA:134,18,0,0
BRDA:134,18,1,0
BRDA:141,19,0,0
BRDA:141,19,1,0
BRDA:174,20,0,0
BRDA:174,20,1,0
BRDA:174,21,0,0
BRDA:174,21,1,0
BRDA:174,21,2,0
BRDA:191,22,0,0
BRDA:191,22,1,0
BRDA:199,23,0,0
BRDA:199,23,1,0
BRDA:202,24,0,0
BRDA:202,24,1,0
BRDA:206,25,0,0
BRDA:206,25,1,0
BRDA:212,26,0,0
BRDA:212,26,1,0
BRDA:212,26,2,0
BRDA:215,27,0,0
BRDA:215,27,1,0
BRDA:219,28,0,0
BRDA:219,28,1,0
BRDA:222,29,0,0
BRDA:222,29,1,0
BRDA:226,30,0,0
BRDA:226,30,1,0
BRDA:231,31,0,0
BRDA:231,31,1,0
BRDA:232,32,0,0
BRDA:232,32,1,0
BRDA:236,33,0,0
BRDA:236,33,1,0
BRDA:238,34,0,0
BRDA:238,34,1,0
BRDA:249,35,0,0
BRDA:249,35,1,0
BRDA:257,36,0,0
BRDA:257,36,1,0
BRDA:260,37,0,0
BRDA:260,37,1,0
BRDA:262,38,0,0
BRDA:262,38,1,0
BRDA:273,39,0,0
BRDA:273,39,1,0
BRDA:281,40,0,0
BRDA:281,40,1,0
BRDA:287,41,0,0
BRDA:287,41,1,0
BRDA:287,41,2,0
BRDA:291,42,0,0
BRDA:291,42,1,0
BRDA:297,43,0,0
BRDA:297,43,1,0
BRDA:297,43,2,0
BRDA:332,44,0,0
BRDA:332,44,1,0
BRDA:339,45,0,0
BRDA:339,45,1,0
BRF:100
BRH:0
end_of_record
TN:
SF:src\screens\manager-dashboard-screen.tsx
FN:29,EmptyInsightPanel
FN:37,ManagerDashboardScreen
FN:44,(anonymous_2)
FN:51,(anonymous_3)
FN:58,(anonymous_4)
FN:59,(anonymous_5)
FN:61,(anonymous_6)
FN:62,(anonymous_7)
FN:63,(anonymous_8)
FN:64,(anonymous_9)
FN:69,(anonymous_10)
FN:77,(anonymous_11)
FN:78,(anonymous_12)
FN:82,(anonymous_13)
FN:83,(anonymous_14)
FN:86,(anonymous_15)
FN:87,(anonymous_16)
FN:91,(anonymous_17)
FN:92,(anonymous_18)
FN:95,(anonymous_19)
FN:96,(anonymous_20)
FN:100,(anonymous_21)
FN:101,(anonymous_22)
FN:104,(anonymous_23)
FN:108,(anonymous_24)
FN:109,(anonymous_25)
FN:118,(anonymous_26)
FN:121,(anonymous_27)
FN:122,(anonymous_28)
FN:131,(anonymous_29)
FN:136,(anonymous_30)
FN:169,(anonymous_31)
FN:183,(anonymous_32)
FN:250,(anonymous_33)
FN:271,(anonymous_34)
FN:295,(anonymous_35)
FN:321,(anonymous_36)
FN:347,(anonymous_37)
FN:358,(anonymous_38)
FN:374,(anonymous_39)
FN:401,(anonymous_40)
FN:416,(anonymous_41)
FNF:42
FNH:0
FNDA:0,EmptyInsightPanel
FNDA:0,ManagerDashboardScreen
FNDA:0,(anonymous_2)
FNDA:0,(anonymous_3)
FNDA:0,(anonymous_4)
FNDA:0,(anonymous_5)
FNDA:0,(anonymous_6)
FNDA:0,(anonymous_7)
FNDA:0,(anonymous_8)
FNDA:0,(anonymous_9)
FNDA:0,(anonymous_10)
FNDA:0,(anonymous_11)
FNDA:0,(anonymous_12)
FNDA:0,(anonymous_13)
FNDA:0,(anonymous_14)
FNDA:0,(anonymous_15)
FNDA:0,(anonymous_16)
FNDA:0,(anonymous_17)
FNDA:0,(anonymous_18)
FNDA:0,(anonymous_19)
FNDA:0,(anonymous_20)
FNDA:0,(anonymous_21)
FNDA:0,(anonymous_22)
FNDA:0,(anonymous_23)
FNDA:0,(anonymous_24)
FNDA:0,(anonymous_25)
FNDA:0,(anonymous_26)
FNDA:0,(anonymous_27)
FNDA:0,(anonymous_28)
FNDA:0,(anonymous_29)
FNDA:0,(anonymous_30)
FNDA:0,(anonymous_31)
FNDA:0,(anonymous_32)
FNDA:0,(anonymous_33)
FNDA:0,(anonymous_34)
FNDA:0,(anonymous_35)
FNDA:0,(anonymous_36)
FNDA:0,(anonymous_37)
FNDA:0,(anonymous_38)
FNDA:0,(anonymous_39)
FNDA:0,(anonymous_40)
FNDA:0,(anonymous_41)
DA:27,0
DA:30,0
DA:38,0
DA:39,0
DA:40,0
DA:41,0
DA:43,0
DA:45,0
DA:46,0
DA:51,0
DA:52,0
DA:53,0
DA:54,0
DA:55,0
DA:57,0
DA:58,0
DA:59,0
DA:61,0
DA:62,0
DA:63,0
DA:64,0
DA:69,0
DA:70,0
DA:71,0
DA:72,0
DA:73,0
DA:74,0
DA:76,0
DA:77,0
DA:78,0
DA:82,0
DA:83,0
DA:85,0
DA:86,0
DA:87,0
DA:91,0
DA:92,0
DA:94,0
DA:95,0
DA:96,0
DA:100,0
DA:101,0
DA:103,0
DA:104,0
DA:107,0
DA:108,0
DA:110,0
DA:112,0
DA:113,0
DA:116,0
DA:118,0
DA:120,0
DA:121,0
DA:123,0
DA:125,0
DA:126,0
DA:129,0
DA:131,0
DA:133,0
DA:136,0
DA:143,0
DA:145,0
DA:146,0
DA:156,0
DA:157,0
DA:160,0
DA:161,0
DA:170,0
DA:178,0
DA:184,0
DA:251,0
DA:272,0
DA:296,0
DA:322,0
DA:348,0
DA:359,0
DA:361,0
DA:362,0
DA:365,0
DA:375,0
DA:376,0
DA:387,0
DA:402,0
DA:403,0
DA:404,0
DA:406,0
DA:417,0
DA:418,0
DA:419,0
DA:421,0
DA:442,0
LF:91
LH:0
BRDA:45,0,0,0
BRDA:45,0,1,0
BRDA:52,1,0,0
BRDA:52,1,1,0
BRDA:53,2,0,0
BRDA:53,2,1,0
BRDA:54,3,0,0
BRDA:54,3,1,0
BRDA:55,4,0,0
BRDA:55,4,1,0
BRDA:64,5,0,0
BRDA:64,5,1,0
BRDA:70,6,0,0
BRDA:70,6,1,0
BRDA:71,7,0,0
BRDA:71,7,1,0
BRDA:72,8,0,0
BRDA:72,8,1,0
BRDA:82,9,0,0
BRDA:82,9,1,0
BRDA:100,10,0,0
BRDA:100,10,1,0
BRDA:112,11,0,0
BRDA:112,11,1,0
BRDA:125,12,0,0
BRDA:125,12,1,0
BRDA:145,13,0,0
BRDA:145,13,1,0
BRDA:156,14,0,0
BRDA:156,14,1,0
BRDA:160,15,0,0
BRDA:160,15,1,0
BRDA:165,16,0,0
BRDA:165,16,1,0
BRDA:200,17,0,0
BRDA:200,17,1,0
BRDA:247,18,0,0
BRDA:247,18,1,0
BRDA:254,19,0,0
BRDA:254,19,1,0
BRDA:257,20,0,0
BRDA:257,20,1,0
BRDA:268,21,0,0
BRDA:268,21,1,0
BRDA:274,22,0,0
BRDA:274,22,1,0
BRDA:276,23,0,0
BRDA:276,23,1,0
BRDA:292,24,0,0
BRDA:292,24,1,0
BRDA:298,25,0,0
BRDA:298,25,1,0
BRDA:300,26,0,0
BRDA:300,26,1,0
BRDA:318,27,0,0
BRDA:318,27,1,0
BRDA:325,28,0,0
BRDA:325,28,1,0
BRDA:328,29,0,0
BRDA:328,29,1,0
BRDA:339,30,0,0
BRDA:339,30,1,0
BRDA:341,31,0,0
BRDA:341,31,1,0
BRDA:341,32,0,0
BRDA:341,32,1,0
BRDA:347,33,0,0
BRDA:347,33,1,0
BRDA:349,34,0,0
BRDA:349,34,1,0
BRDA:351,35,0,0
BRDA:351,35,1,0
BRDA:355,36,0,0
BRDA:355,36,1,0
BRDA:356,37,0,0
BRDA:356,37,1,0
BRDA:361,38,0,0
BRDA:361,38,1,0
BRDA:372,39,0,0
BRDA:372,39,1,0
BRDA:379,40,0,0
BRDA:379,40,1,0
BRDA:379,40,2,0
BRDA:382,41,0,0
BRDA:382,41,1,0
BRDA:384,42,0,0
BRDA:384,42,1,0
BRDA:389,43,0,0
BRDA:389,43,1,0
BRDA:398,44,0,0
BRDA:398,44,1,0
BRDA:398,45,0,0
BRDA:398,45,1,0
BRDA:408,46,0,0
BRDA:408,46,1,0
BRDA:423,47,0,0
BRDA:423,47,1,0
BRF:97
BRH:0
end_of_record
TN:
SF:src\screens\manager-edit-property-screen.tsx
FN:19,ManagerEditPropertyScreen
FN:68,(anonymous_1)
FN:111,(anonymous_2)
FN:112,(anonymous_3)
FN:123,(anonymous_4)
FN:128,(anonymous_5)
FN:133,(anonymous_6)
FN:138,(anonymous_7)
FN:143,(anonymous_8)
FN:147,(anonymous_9)
FN:148,(anonymous_10)
FN:155,(anonymous_11)
FN:156,(anonymous_12)
FN:164,(anonymous_13)
FN:175,(anonymous_14)
FN:181,(anonymous_15)
FN:187,(anonymous_16)
FN:193,(anonymous_17)
FN:199,(anonymous_18)
FN:204,(anonymous_19)
FN:210,(anonymous_20)
FN:216,(anonymous_21)
FN:222,(anonymous_22)
FN:225,(anonymous_23)
FN:226,(anonymous_24)
FN:229,(anonymous_25)
FN:243,(anonymous_26)
FN:270,(anonymous_27)
FN:285,(anonymous_28)
FNF:29
FNH:0
FNDA:0,ManagerEditPropertyScreen
FNDA:0,(anonymous_1)
FNDA:0,(anonymous_2)
FNDA:0,(anonymous_3)
FNDA:0,(anonymous_4)
FNDA:0,(anonymous_5)
FNDA:0,(anonymous_6)
FNDA:0,(anonymous_7)
FNDA:0,(anonymous_8)
FNDA:0,(anonymous_9)
FNDA:0,(anonymous_10)
FNDA:0,(anonymous_11)
FNDA:0,(anonymous_12)
FNDA:0,(anonymous_13)
FNDA:0,(anonymous_14)
FNDA:0,(anonymous_15)
FNDA:0,(anonymous_16)
FNDA:0,(anonymous_17)
FNDA:0,(anonymous_18)
FNDA:0,(anonymous_19)
FNDA:0,(anonymous_20)
FNDA:0,(anonymous_21)
FNDA:0,(anonymous_22)
FNDA:0,(anonymous_23)
FNDA:0,(anonymous_24)
FNDA:0,(anonymous_25)
FNDA:0,(anonymous_26)
FNDA:0,(anonymous_27)
FNDA:0,(anonymous_28)
DA:23,0
DA:24,0
DA:25,0
DA:26,0
DA:27,0
DA:46,0
DA:47,0
DA:57,0
DA:58,0
DA:61,0
DA:62,0
DA:69,0
DA:77,0
DA:79,0
DA:80,0
DA:90,0
DA:109,0
DA:111,0
DA:112,0
DA:118,0
DA:123,0
DA:128,0
DA:133,0
DA:138,0
DA:143,0
DA:147,0
DA:148,0
DA:155,0
DA:156,0
DA:164,0
DA:175,0
DA:181,0
DA:187,0
DA:193,0
DA:199,0
DA:204,0
DA:210,0
DA:216,0
DA:223,0
DA:226,0
DA:227,0
DA:228,0
DA:229,0
DA:244,0
DA:245,0
DA:246,0
DA:267,0
DA:270,0
DA:274,0
DA:279,0
DA:285,0
DA:294,0
LF:52
LH:0
BRDA:46,0,0,0
BRDA:46,0,1,0
BRDA:57,1,0,0
BRDA:57,1,1,0
BRDA:61,2,0,0
BRDA:61,2,1,0
BRDA:66,3,0,0
BRDA:66,3,1,0
BRDA:79,4,0,0
BRDA:79,4,1,0
BRDA:90,5,0,0
BRDA:90,5,1,0
BRDA:91,6,0,0
BRDA:91,6,1,0
BRDA:92,7,0,0
BRDA:92,7,1,0
BRDA:95,8,0,0
BRDA:95,8,1,0
BRDA:96,9,0,0
BRDA:96,9,1,0
BRDA:99,10,0,0
BRDA:99,10,1,0
BRDA:100,11,0,0
BRDA:100,11,1,0
BRDA:109,12,0,0
BRDA:109,12,1,0
BRDA:109,12,2,0
BRDA:113,13,0,0
BRDA:113,13,1,0
BRDA:227,14,0,0
BRDA:227,14,1,0
BRDA:228,15,0,0
BRDA:228,15,1,0
BRDA:233,16,0,0
BRDA:233,16,1,0
BRDA:247,17,0,0
BRDA:247,17,1,0
BRDA:249,18,0,0
BRDA:249,18,1,0
BRDA:252,19,0,0
BRDA:252,19,1,0
BRDA:253,20,0,0
BRDA:253,20,1,0
BRDA:255,21,0,0
BRDA:255,21,1,0
BRDA:257,22,0,0
BRDA:257,22,1,0
BRDA:259,23,0,0
BRDA:259,23,1,0
BRDA:276,24,0,0
BRDA:276,24,1,0
BRDA:283,25,0,0
BRDA:283,25,1,0
BRF:53
BRH:0
end_of_record
TN:
SF:src\screens\manager-messages-screen.tsx
FN:16,ManagerMessagesScreen
FN:43,(anonymous_1)
FN:57,(anonymous_2)
FN:73,(anonymous_3)
FN:98,(anonymous_4)
FNF:5
FNH:0
FNDA:0,ManagerMessagesScreen
FNDA:0,(anonymous_1)
FNDA:0,(anonymous_2)
FNDA:0,(anonymous_3)
FNDA:0,(anonymous_4)
DA:17,0
DA:18,0
DA:19,0
DA:21,0
DA:22,0
DA:32,0
DA:33,0
DA:36,0
DA:37,0
DA:44,0
DA:52,0
DA:58,0
DA:74,0
DA:99,0
DA:114,0
LF:15
LH:0
BRDA:21,0,0,0
BRDA:21,0,1,0
BRDA:32,1,0,0
BRDA:32,1,1,0
BRDA:36,2,0,0
BRDA:36,2,1,0
BRDA:41,3,0,0
BRDA:41,3,1,0
BRDA:65,4,0,0
BRDA:65,4,1,0
BRDA:76,5,0,0
BRDA:76,5,1,0
BRDA:81,6,0,0
BRDA:81,6,1,0
BRDA:85,7,0,0
BRDA:85,7,1,0
BRF:16
BRH:0
end_of_record
TN:
SF:src\screens\manager-properties-screen.tsx
FN:29,ManagerPropertiesScreen
FN:61,(anonymous_1)
FN:75,(anonymous_2)
FN:89,(anonymous_3)
FN:91,(anonymous_4)
FN:93,(anonymous_5)
FN:97,(anonymous_6)
FN:101,(anonymous_7)
FN:102,(anonymous_8)
FN:103,(anonymous_9)
FN:119,(anonymous_10)
FN:119,(anonymous_11)
FN:125,(anonymous_12)
FN:125,(anonymous_13)
FN:130,(anonymous_14)
FN:130,(anonymous_15)
FN:136,(anonymous_16)
FN:136,(anonymous_17)
FN:142,(anonymous_18)
FN:142,(anonymous_19)
FN:148,(anonymous_20)
FN:149,(anonymous_21)
FN:156,(anonymous_22)
FN:156,(anonymous_23)
FN:162,(anonymous_24)
FN:162,(anonymous_25)
FN:167,(anonymous_26)
FN:204,(anonymous_27)
FN:208,(anonymous_28)
FNF:29
FNH:0
FNDA:0,ManagerPropertiesScreen
FNDA:0,(anonymous_1)
FNDA:0,(anonymous_2)
FNDA:0,(anonymous_3)
FNDA:0,(anonymous_4)
FNDA:0,(anonymous_5)
FNDA:0,(anonymous_6)
FNDA:0,(anonymous_7)
FNDA:0,(anonymous_8)
FNDA:0,(anonymous_9)
FNDA:0,(anonymous_10)
FNDA:0,(anonymous_11)
FNDA:0,(anonymous_12)
FNDA:0,(anonymous_13)
FNDA:0,(anonymous_14)
FNDA:0,(anonymous_15)
FNDA:0,(anonymous_16)
FNDA:0,(anonymous_17)
FNDA:0,(anonymous_18)
FNDA:0,(anonymous_19)
FNDA:0,(anonymous_20)
FNDA:0,(anonymous_21)
FNDA:0,(anonymous_22)
FNDA:0,(anonymous_23)
FNDA:0,(anonymous_24)
FNDA:0,(anonymous_25)
FNDA:0,(anonymous_26)
FNDA:0,(anonymous_27)
FNDA:0,(anonymous_28)
DA:18,0
DA:30,0
DA:31,0
DA:32,0
DA:33,0
DA:34,0
DA:35,0
DA:37,0
DA:38,0
DA:48,0
DA:49,0
DA:52,0
DA:53,0
DA:62,0
DA:70,0
DA:76,0
DA:89,0
DA:91,0
DA:93,0
DA:97,0
DA:102,0
DA:103,0
DA:119,0
DA:125,0
DA:130,0
DA:136,0
DA:142,0
DA:149,0
DA:156,0
DA:162,0
DA:168,0
DA:169,0
DA:170,0
DA:180,0
DA:181,0
DA:182,0
DA:184,0
DA:189,0
DA:205,0
DA:209,0
DA:225,0
LF:41
LH:0
BRDA:37,0,0,0
BRDA:37,0,1,0
BRDA:48,1,0,0
BRDA:48,1,1,0
BRDA:52,2,0,0
BRDA:52,2,1,0
BRDA:57,3,0,0
BRDA:57,3,1,0
BRDA:86,4,0,0
BRDA:86,4,1,0
BRDA:105,5,0,0
BRDA:105,5,1,0
BRDA:105,5,2,0
BRDA:110,6,0,0
BRDA:110,6,1,0
BRDA:115,7,0,0
BRDA:115,7,1,0
BRDA:166,8,0,0
BRDA:166,8,1,0
BRDA:166,8,2,0
BRDA:173,9,0,0
BRDA:173,9,1,0
BRDA:186,10,0,0
BRDA:186,10,1,0
BRDA:198,11,0,0
BRDA:198,11,1,0
BRF:26
BRH:0
end_of_record
TN:
SF:src\screens\manager-property-details-screen.tsx
FN:34,ManagerPropertyDetailsScreen
FN:42,(anonymous_1)
FN:75,(anonymous_2)
FN:95,(anonymous_3)
FN:115,(anonymous_4)
FN:134,(anonymous_5)
FN:152,(anonymous_6)
FN:162,(anonymous_7)
FN:186,(anonymous_8)
FN:192,(anonymous_9)
FN:219,(anonymous_10)
FN:281,(anonymous_11)
FN:305,(anonymous_12)
FN:311,(anonymous_13)
FNF:14
FNH:0
FNDA:0,ManagerPropertyDetailsScreen
FNDA:0,(anonymous_1)
FNDA:0,(anonymous_2)
FNDA:0,(anonymous_3)
FNDA:0,(anonymous_4)
FNDA:0,(anonymous_5)
FNDA:0,(anonymous_6)
FNDA:0,(anonymous_7)
FNDA:0,(anonymous_8)
FNDA:0,(anonymous_9)
FNDA:0,(anonymous_10)
FNDA:0,(anonymous_11)
FNDA:0,(anonymous_12)
FNDA:0,(anonymous_13)
DA:32,0
DA:38,0
DA:39,0
DA:40,0
DA:42,0
DA:45,0
DA:46,0
DA:47,0
DA:48,0
DA:49,0
DA:53,0
DA:54,0
DA:64,0
DA:65,0
DA:68,0
DA:69,0
DA:76,0
DA:84,0
DA:85,0
DA:95,0
DA:96,0
DA:97,0
DA:98,0
DA:101,0
DA:102,0
DA:105,0
DA:116,0
DA:135,0
DA:153,0
DA:163,0
DA:165,0
DA:166,0
DA:169,0
DA:170,0
DA:175,0
DA:187,0
DA:193,0
DA:194,0
DA:220,0
DA:282,0
DA:305,0
DA:311,0
DA:323,0
LF:43
LH:0
BRDA:47,0,0,0
BRDA:47,0,1,0
BRDA:48,1,0,0
BRDA:48,1,1,0
BRDA:53,2,0,0
BRDA:53,2,1,0
BRDA:64,3,0,0
BRDA:64,3,1,0
BRDA:68,4,0,0
BRDA:68,4,1,0
BRDA:73,5,0,0
BRDA:73,5,1,0
BRDA:84,6,0,0
BRDA:84,6,1,0
BRDA:97,7,0,0
BRDA:97,7,1,0
BRDA:116,8,0,0
BRDA:116,8,1,0
BRDA:129,9,0,0
BRDA:129,9,1,0
BRDA:130,10,0,0
BRDA:130,10,1,0
BRDA:139,11,0,0
BRDA:139,11,1,0
BRDA:146,12,0,0
BRDA:146,12,1,0
BRDA:163,13,0,0
BRDA:163,13,1,0
BRDA:171,14,0,0
BRDA:171,14,1,0
BRDA:177,15,0,0
BRDA:177,15,1,0
BRDA:183,16,0,0
BRDA:183,16,1,0
BRDA:212,17,0,0
BRDA:212,17,1,0
BRDA:215,18,0,0
BRDA:215,18,1,0
BRDA:233,19,0,0
BRDA:233,19,1,0
BRDA:237,20,0,0
BRDA:237,20,1,0
BRDA:241,21,0,0
BRDA:241,21,1,0
BRDA:278,22,0,0
BRDA:278,22,1,0
BRDA:291,23,0,0
BRDA:291,23,1,0
BRDA:301,24,0,0
BRDA:301,24,1,0
BRDA:302,25,0,0
BRDA:302,25,1,0
BRDA:304,26,0,0
BRDA:304,26,1,0
BRDA:309,27,0,0
BRDA:309,27,1,0
BRF:56
BRH:0
end_of_record
TN:
SF:src\screens\manager-tenancies-screen.tsx
FN:18,ManagerTenanciesScreen
FN:48,(anonymous_1)
FN:62,(anonymous_2)
FN:75,(anonymous_3)
FN:84,(anonymous_4)
FN:98,(anonymous_5)
FN:110,(anonymous_6)
FNF:7
FNH:0
FNDA:0,ManagerTenanciesScreen
FNDA:0,(anonymous_1)
FNDA:0,(anonymous_2)
FNDA:0,(anonymous_3)
FNDA:0,(anonymous_4)
FNDA:0,(anonymous_5)
FNDA:0,(anonymous_6)
DA:19,0
DA:20,0
DA:21,0
DA:22,0
DA:24,0
DA:25,0
DA:35,0
DA:36,0
DA:39,0
DA:40,0
DA:49,0
DA:57,0
DA:63,0
DA:75,0
DA:85,0
DA:99,0
DA:111,0
DA:112,0
DA:113,0
DA:114,0
DA:119,0
DA:124,0
DA:139,0
LF:23
LH:0
BRDA:24,0,0,0
BRDA:24,0,1,0
BRDA:35,1,0,0
BRDA:35,1,1,0
BRDA:39,2,0,0
BRDA:39,2,1,0
BRDA:44,3,0,0
BRDA:44,3,1,0
BRDA:73,4,0,0
BRDA:73,4,1,0
BRDA:78,5,0,0
BRDA:78,5,1,0
BRDA:86,6,0,0
BRDA:86,6,1,0
BRDA:87,7,0,0
BRDA:87,7,1,0
BRDA:88,8,0,0
BRDA:88,8,1,0
BRDA:93,9,0,0
BRDA:93,9,1,0
BRDA:107,10,0,0
BRDA:107,10,1,0
BRDA:109,11,0,0
BRDA:109,11,1,0
BRDA:113,12,0,0
BRDA:113,12,1,0
BRDA:113,12,2,0
BRDA:116,13,0,0
BRDA:116,13,1,0
BRDA:121,14,0,0
BRDA:121,14,1,0
BRDA:128,15,0,0
BRDA:128,15,1,0
BRF:33
BRH:0
end_of_record
TN:
SF:src\screens\manager-tenancy-details-screen.tsx
FN:21,ManagerTenancyDetailsScreen
FN:50,(anonymous_1)
FN:88,(anonymous_2)
FN:114,(anonymous_3)
FN:147,(anonymous_4)
FN:166,(anonymous_5)
FNF:6
FNH:0
FNDA:0,ManagerTenancyDetailsScreen
FNDA:0,(anonymous_1)
FNDA:0,(anonymous_2)
FNDA:0,(anonymous_3)
FNDA:0,(anonymous_4)
FNDA:0,(anonymous_5)
DA:24,0
DA:25,0
DA:26,0
DA:28,0
DA:29,0
DA:39,0
DA:40,0
DA:43,0
DA:44,0
DA:51,0
DA:59,0
DA:61,0
DA:62,0
DA:72,0
DA:89,0
DA:90,0
DA:103,0
DA:115,0
DA:116,0
DA:129,0
DA:148,0
DA:149,0
DA:150,0
DA:151,0
DA:153,0
DA:158,0
DA:166,0
DA:178,0
LF:28
LH:0
BRDA:28,0,0,0
BRDA:28,0,1,0
BRDA:39,1,0,0
BRDA:39,1,1,0
BRDA:43,2,0,0
BRDA:43,2,1,0
BRDA:48,3,0,0
BRDA:48,3,1,0
BRDA:61,4,0,0
BRDA:61,4,1,0
BRDA:75,5,0,0
BRDA:75,5,1,0
BRDA:76,6,0,0
BRDA:76,6,1,0
BRDA:81,7,0,0
BRDA:81,7,1,0
BRDA:82,8,0,0
BRDA:82,8,1,0
BRDA:93,9,0,0
BRDA:93,9,1,0
BRDA:94,10,0,0
BRDA:94,10,1,0
BRDA:94,10,2,0
BRDA:95,11,0,0
BRDA:95,11,1,0
BRDA:96,12,0,0
BRDA:96,12,1,0
BRDA:100,13,0,0
BRDA:100,13,1,0
BRDA:105,14,0,0
BRDA:105,14,1,0
BRDA:119,15,0,0
BRDA:119,15,1,0
BRDA:120,16,0,0
BRDA:120,16,1,0
BRDA:120,16,2,0
BRDA:121,17,0,0
BRDA:121,17,1,0
BRDA:122,18,0,0
BRDA:122,18,1,0
BRDA:126,19,0,0
BRDA:126,19,1,0
BRDA:131,20,0,0
BRDA:131,20,1,0
BRDA:146,21,0,0
BRDA:146,21,1,0
BRDA:150,22,0,0
BRDA:150,22,1,0
BRDA:150,22,2,0
BRDA:155,23,0,0
BRDA:155,23,1,0
BRDA:162,24,0,0
BRDA:162,24,1,0
BRDA:164,25,0,0
BRDA:164,25,1,0
BRF:55
BRH:0
end_of_record
TN:
SF:src\screens\onboarding-screen.tsx
FN:38,OnboardingScreen
FN:47,(anonymous_1)
FN:74,(anonymous_2)
FN:77,(anonymous_3)
FN:112,(anonymous_4)
FN:124,(anonymous_5)
FN:130,(anonymous_6)
FN:139,(anonymous_7)
FN:145,(anonymous_8)
FN:157,(anonymous_9)
FN:166,(anonymous_10)
FNF:11
FNH:0
FNDA:0,OnboardingScreen
FNDA:0,(anonymous_1)
FNDA:0,(anonymous_2)
FNDA:0,(anonymous_3)
FNDA:0,(anonymous_4)
FNDA:0,(anonymous_5)
FNDA:0,(anonymous_6)
FNDA:0,(anonymous_7)
FNDA:0,(anonymous_8)
FNDA:0,(anonymous_9)
FNDA:0,(anonymous_10)
DA:14,0
DA:41,0
DA:42,0
DA:43,0
DA:44,0
DA:45,0
DA:47,0
DA:48,0
DA:50,0
DA:51,0
DA:55,0
DA:58,0
DA:64,0
DA:75,0
DA:77,0
DA:113,0
DA:125,0
DA:126,0
DA:127,0
DA:130,0
DA:140,0
DA:141,0
DA:142,0
DA:145,0
DA:158,0
DA:167,0
DA:180,0
LF:27
LH:0
BRDA:50,0,0,0
BRDA:50,0,1,0
BRDA:77,1,0,0
BRDA:77,1,1,0
BRDA:115,2,0,0
BRDA:115,2,1,0
BRDA:125,3,0,0
BRDA:125,3,1,0
BRDA:134,4,0,0
BRDA:134,4,1,0
BRDA:140,5,0,0
BRDA:140,5,1,0
BRDA:148,6,0,0
BRDA:148,6,1,0
BRDA:153,7,0,0
BRDA:153,7,1,0
BRDA:153,8,0,0
BRDA:153,8,1,0
BRF:18
BRH:0
end_of_record
TN:
SF:src\screens\privacy-screen.tsx
FN:59,PrivacyScreen
FN:74,(anonymous_1)
FNF:2
FNH:0
FNDA:0,PrivacyScreen
FNDA:0,(anonymous_1)
DA:6,0
DA:60,0
DA:75,0
DA:84,0
LF:4
LH:0
BRF:0
BRH:0
end_of_record
TN:
SF:src\screens\property-details-screen.tsx
FN:26,PropertyDetailsScreen
FN:34,(anonymous_1)
FN:41,(anonymous_2)
FN:81,(anonymous_3)
FN:178,(anonymous_4)
FN:190,(anonymous_5)
FN:207,(anonymous_6)
FN:213,(anonymous_7)
FN:220,(anonymous_8)
FN:244,(anonymous_9)
FN:263,(anonymous_10)
FN:264,(anonymous_11)
FN:281,(anonymous_12)
FNF:13
FNH:0
FNDA:0,PropertyDetailsScreen
FNDA:0,(anonymous_1)
FNDA:0,(anonymous_2)
FNDA:0,(anonymous_3)
FNDA:0,(anonymous_4)
FNDA:0,(anonymous_5)
FNDA:0,(anonymous_6)
FNDA:0,(anonymous_7)
FNDA:0,(anonymous_8)
FNDA:0,(anonymous_9)
FNDA:0,(anonymous_10)
FNDA:0,(anonymous_11)
FNDA:0,(anonymous_12)
DA:24,0
DA:27,0
DA:28,0
DA:29,0
DA:30,0
DA:31,0
DA:33,0
DA:34,0
DA:38,0
DA:39,0
DA:41,0
DA:43,0
DA:44,0
DA:53,0
DA:54,0
DA:64,0
DA:67,0
DA:73,0
DA:82,0
DA:179,0
DA:191,0
DA:207,0
DA:213,0
DA:221,0
DA:227,0
DA:228,0
DA:229,0
DA:230,0
DA:231,0
DA:232,0
DA:235,0
DA:245,0
DA:263,0
DA:264,0
DA:282,0
DA:283,0
DA:284,0
DA:290,0
DA:291,0
DA:296,0
DA:301,0
DA:323,0
LF:42
LH:0
BRDA:38,0,0,0
BRDA:38,0,1,0
BRDA:39,1,0,0
BRDA:39,1,1,0
BRDA:41,2,0,0
BRDA:41,2,1,0
BRDA:43,3,0,0
BRDA:43,3,1,0
BRDA:53,4,0,0
BRDA:53,4,1,0
BRDA:81,5,0,0
BRDA:81,5,1,0
BRDA:82,6,0,0
BRDA:82,6,1,0
BRDA:93,7,0,0
BRDA:93,7,1,0
BRDA:94,8,0,0
BRDA:94,8,1,0
BRDA:98,9,0,0
BRDA:98,9,1,0
BRDA:136,10,0,0
BRDA:136,10,1,0
BRDA:140,11,0,0
BRDA:140,11,1,0
BRDA:144,12,0,0
BRDA:144,12,1,0
BRDA:161,13,0,0
BRDA:161,13,1,0
BRDA:167,14,0,0
BRDA:167,14,1,0
BRDA:174,15,0,0
BRDA:174,15,1,0
BRDA:187,16,0,0
BRDA:187,16,1,0
BRDA:206,17,0,0
BRDA:206,17,1,0
BRDA:211,18,0,0
BRDA:211,18,1,0
BRDA:230,19,0,0
BRDA:230,19,1,0
BRDA:258,20,0,0
BRDA:258,20,1,0
BRDA:268,21,0,0
BRDA:268,21,1,0
BRDA:280,22,0,0
BRDA:280,22,1,0
BRDA:298,23,0,0
BRDA:298,23,1,0
BRDA:305,24,0,0
BRDA:305,24,1,0
BRDA:314,25,0,0
BRDA:314,25,1,0
BRF:52
BRH:0
end_of_record
TN:
SF:src\screens\register-screen.tsx
FN:14,RegisterScreen
FN:89,(anonymous_1)
FN:125,(anonymous_2)
FNF:3
FNH:0
FNDA:0,RegisterScreen
FNDA:0,(anonymous_1)
FNDA:0,(anonymous_2)
DA:15,0
DA:16,0
DA:17,0
DA:18,0
DA:19,0
DA:20,0
DA:21,0
DA:23,0
DA:90,0
DA:91,0
DA:92,0
DA:95,0
DA:96,0
DA:100,0
DA:103,0
DA:104,0
DA:105,0
DA:112,0
DA:114,0
DA:119,0
DA:125,0
DA:133,0
LF:22
LH:0
BRDA:43,0,0,0
BRDA:43,0,1,0
BRDA:90,1,0,0
BRDA:90,1,1,0
BRDA:95,2,0,0
BRDA:95,2,1,0
BRDA:116,3,0,0
BRDA:116,3,1,0
BRDA:123,4,0,0
BRDA:123,4,1,0
BRF:10
BRH:0
end_of_record
TN:
SF:src\screens\role-unavailable-screen.tsx
FN:9,RoleUnavailableScreen
FN:27,(anonymous_1)
FNF:2
FNH:0
FNDA:0,RoleUnavailableScreen
FNDA:0,(anonymous_1)
DA:10,0
DA:12,0
DA:27,0
DA:35,0
LF:4
LH:0
BRDA:21,0,0,0
BRDA:21,0,1,0
BRF:2
BRH:0
end_of_record
TN:
SF:src\screens\tenant-conversation-screen.tsx
FN:20,TenantConversationScreen
FN:29,(anonymous_1)
FN:32,(anonymous_2)
FN:34,(anonymous_3)
FN:39,(anonymous_4)
FN:46,(anonymous_5)
FN:47,(anonymous_6)
FN:86,(anonymous_7)
FN:111,(anonymous_8)
FN:126,(anonymous_9)
FN:135,(anonymous_10)
FNF:11
FNH:0
FNDA:0,TenantConversationScreen
FNDA:0,(anonymous_1)
FNDA:0,(anonymous_2)
FNDA:0,(anonymous_3)
FNDA:0,(anonymous_4)
FNDA:0,(anonymous_5)
FNDA:0,(anonymous_6)
FNDA:0,(anonymous_7)
FNDA:0,(anonymous_8)
FNDA:0,(anonymous_9)
FNDA:0,(anonymous_10)
DA:23,0
DA:24,0
DA:25,0
DA:26,0
DA:27,0
DA:29,0
DA:31,0
DA:33,0
DA:34,0
DA:39,0
DA:40,0
DA:41,0
DA:42,0
DA:45,0
DA:46,0
DA:47,0
DA:49,0
DA:50,0
DA:51,0
DA:54,0
DA:56,0
DA:57,0
DA:60,0
DA:61,0
DA:64,0
DA:65,0
DA:75,0
DA:76,0
DA:79,0
DA:80,0
DA:87,0
DA:95,0
DA:96,0
DA:106,0
DA:112,0
DA:127,0
DA:136,0
DA:156,0
LF:38
LH:0
BRDA:29,0,0,0
BRDA:29,0,1,0
BRDA:33,1,0,0
BRDA:33,1,1,0
BRDA:40,2,0,0
BRDA:40,2,1,0
BRDA:40,3,0,0
BRDA:40,3,1,0
BRDA:46,4,0,0
BRDA:46,4,1,0
BRDA:49,5,0,0
BRDA:49,5,1,0
BRDA:56,6,0,0
BRDA:56,6,1,0
BRDA:64,7,0,0
BRDA:64,7,1,0
BRDA:75,8,0,0
BRDA:75,8,1,0
BRDA:79,9,0,0
BRDA:79,9,1,0
BRDA:84,10,0,0
BRDA:84,10,1,0
BRDA:95,11,0,0
BRDA:95,11,1,0
BRDA:132,12,0,0
BRDA:132,12,1,0
BRDA:138,13,0,0
BRDA:138,13,1,0
BRDA:145,14,0,0
BRDA:145,14,1,0
BRDA:147,15,0,0
BRDA:147,15,1,0
BRF:32
BRH:0
end_of_record
TN:
SF:src\screens\tenant-dashboard-screen.tsx
FN:50,TenantDashboardScreen
FN:60,(anonymous_1)
FN:60,(anonymous_2)
FN:65,(anonymous_3)
FN:66,(anonymous_4)
FN:71,(anonymous_5)
FN:111,(anonymous_6)
FN:139,(anonymous_7)
FN:148,(anonymous_8)
FN:196,(anonymous_9)
FN:261,(anonymous_10)
FN:271,(anonymous_11)
FN:277,(anonymous_12)
FN:322,(anonymous_13)
FN:334,(anonymous_14)
FN:359,(anonymous_15)
FN:364,(anonymous_16)
FN:401,(anonymous_17)
FN:422,(anonymous_18)
FN:434,(anonymous_19)
FN:444,(anonymous_20)
FN:476,(anonymous_21)
FN:489,(anonymous_22)
FN:515,(anonymous_23)
FN:519,(anonymous_24)
FN:520,(anonymous_25)
FN:533,(anonymous_26)
FN:540,(anonymous_27)
FNF:28
FNH:0
FNDA:0,TenantDashboardScreen
FNDA:0,(anonymous_1)
FNDA:0,(anonymous_2)
FNDA:0,(anonymous_3)
FNDA:0,(anonymous_4)
FNDA:0,(anonymous_5)
FNDA:0,(anonymous_6)
FNDA:0,(anonymous_7)
FNDA:0,(anonymous_8)
FNDA:0,(anonymous_9)
FNDA:0,(anonymous_10)
FNDA:0,(anonymous_11)
FNDA:0,(anonymous_12)
FNDA:0,(anonymous_13)
FNDA:0,(anonymous_14)
FNDA:0,(anonymous_15)
FNDA:0,(anonymous_16)
FNDA:0,(anonymous_17)
FNDA:0,(anonymous_18)
FNDA:0,(anonymous_19)
FNDA:0,(anonymous_20)
FNDA:0,(anonymous_21)
FNDA:0,(anonymous_22)
FNDA:0,(anonymous_23)
FNDA:0,(anonymous_24)
FNDA:0,(anonymous_25)
FNDA:0,(anonymous_26)
FNDA:0,(anonymous_27)
DA:37,0
DA:51,0
DA:52,0
DA:53,0
DA:54,0
DA:55,0
DA:56,0
DA:57,0
DA:59,0
DA:60,0
DA:63,0
DA:64,0
DA:65,0
DA:66,0
DA:67,0
DA:70,0
DA:71,0
DA:73,0
DA:74,0
DA:76,0
DA:111,0
DA:112,0
DA:115,0
DA:116,0
DA:126,0
DA:127,0
DA:130,0
DA:131,0
DA:140,0
DA:148,0
DA:149,0
DA:150,0
DA:151,0
DA:154,0
DA:155,0
DA:156,0
DA:162,0
DA:163,0
DA:166,0
DA:167,0
DA:173,0
DA:186,0
DA:187,0
DA:188,0
DA:190,0
DA:192,0
DA:196,0
DA:197,0
DA:198,0
DA:199,0
DA:202,0
DA:203,0
DA:204,0
DA:205,0
DA:215,0
DA:216,0
DA:228,0
DA:229,0
DA:231,0
DA:237,0
DA:239,0
DA:244,0
DA:256,0
DA:262,0
DA:271,0
DA:277,0
DA:322,0
DA:335,0
DA:359,0
DA:364,0
DA:402,0
DA:422,0
DA:434,0
DA:445,0
DA:476,0
DA:490,0
DA:515,0
DA:519,0
DA:534,0
DA:535,0
DA:540,0
DA:551,0
LF:82
LH:0
BRDA:60,0,0,0
BRDA:60,0,1,0
BRDA:63,1,0,0
BRDA:63,1,1,0
BRDA:64,2,0,0
BRDA:64,2,1,0
BRDA:67,3,0,0
BRDA:67,3,1,0
BRDA:71,4,0,0
BRDA:71,4,1,0
BRDA:73,5,0,0
BRDA:73,5,1,0
BRDA:74,6,0,0
BRDA:74,6,1,0
BRDA:74,6,2,0
BRDA:78,7,0,0
BRDA:78,7,1,0
BRDA:82,8,0,0
BRDA:82,8,1,0
BRDA:83,9,0,0
BRDA:83,9,1,0
BRDA:86,10,0,0
BRDA:86,10,1,0
BRDA:90,11,0,0
BRDA:90,11,1,0
BRDA:90,12,0,0
BRDA:90,12,1,0
BRDA:91,13,0,0
BRDA:91,13,1,0
BRDA:91,14,0,0
BRDA:91,14,1,0
BRDA:106,15,0,0
BRDA:106,15,1,0
BRDA:115,16,0,0
BRDA:115,16,1,0
BRDA:126,17,0,0
BRDA:126,17,1,0
BRDA:130,18,0,0
BRDA:130,18,1,0
BRDA:135,19,0,0
BRDA:135,19,1,0
BRDA:149,20,0,0
BRDA:149,20,1,0
BRDA:162,21,0,0
BRDA:162,21,1,0
BRDA:177,22,0,0
BRDA:177,22,1,0
BRDA:190,23,0,0
BRDA:190,23,1,0
BRDA:197,24,0,0
BRDA:197,24,1,0
BRDA:204,25,0,0
BRDA:204,25,1,0
BRDA:207,26,0,0
BRDA:207,26,1,0
BRDA:209,27,0,0
BRDA:209,27,1,0
BRDA:212,28,0,0
BRDA:212,28,1,0
BRDA:215,29,0,0
BRDA:215,29,1,0
BRDA:215,30,0,0
BRDA:215,30,1,0
BRDA:233,31,0,0
BRDA:233,31,1,0
BRDA:237,32,0,0
BRDA:237,32,1,0
BRDA:244,33,0,0
BRDA:244,33,1,0
BRDA:272,34,0,0
BRDA:272,34,1,0
BRDA:278,35,0,0
BRDA:278,35,1,0
BRDA:284,36,0,0
BRDA:284,36,1,0
BRDA:286,37,0,0
BRDA:286,37,1,0
BRDA:292,38,0,0
BRDA:292,38,1,0
BRDA:301,39,0,0
BRDA:301,39,1,0
BRDA:305,40,0,0
BRDA:305,40,1,0
BRDA:309,41,0,0
BRDA:309,41,1,0
BRDA:321,42,0,0
BRDA:321,42,1,0
BRDA:325,43,0,0
BRDA:325,43,1,0
BRDA:372,44,0,0
BRDA:372,44,1,0
BRDA:381,45,0,0
BRDA:381,45,1,0
BRDA:384,46,0,0
BRDA:384,46,1,0
BRDA:386,47,0,0
BRDA:386,47,1,0
BRDA:394,48,0,0
BRDA:394,48,1,0
BRDA:394,49,0,0
BRDA:394,49,1,0
BRDA:395,50,0,0
BRDA:395,50,1,0
BRDA:399,51,0,0
BRDA:399,51,1,0
BRDA:438,52,0,0
BRDA:438,52,1,0
BRDA:449,53,0,0
BRDA:449,53,1,0
BRDA:453,54,0,0
BRDA:453,54,1,0
BRDA:455,55,0,0
BRDA:455,55,1,0
BRDA:486,56,0,0
BRDA:486,56,1,0
BRDA:494,57,0,0
BRDA:494,57,1,0
BRDA:498,58,0,0
BRDA:498,58,1,0
BRDA:500,59,0,0
BRDA:500,59,1,0
BRF:121
BRH:0
end_of_record
TN:
SF:src\screens\tenant-messages-screen.tsx
FN:13,TenantMessagesScreen
FN:41,(anonymous_1)
FN:55,(anonymous_2)
FN:71,(anonymous_3)
FN:74,(anonymous_4)
FNF:5
FNH:0
FNDA:0,TenantMessagesScreen
FNDA:0,(anonymous_1)
FNDA:0,(anonymous_2)
FNDA:0,(anonymous_3)
FNDA:0,(anonymous_4)
DA:14,0
DA:15,0
DA:16,0
DA:17,0
DA:19,0
DA:20,0
DA:30,0
DA:31,0
DA:34,0
DA:35,0
DA:42,0
DA:50,0
DA:56,0
DA:72,0
DA:75,0
DA:101,0
LF:16
LH:0
BRDA:19,0,0,0
BRDA:19,0,1,0
BRDA:30,1,0,0
BRDA:30,1,1,0
BRDA:34,2,0,0
BRDA:34,2,1,0
BRDA:39,3,0,0
BRDA:39,3,1,0
BRDA:63,4,0,0
BRDA:63,4,1,0
BRDA:79,5,0,0
BRDA:79,5,1,0
BRDA:84,6,0,0
BRDA:84,6,1,0
BRDA:88,7,0,0
BRDA:88,7,1,0
BRF:16
BRH:0
end_of_record
TN:
SF:src\screens\tenant-payments-screen.tsx
FN:30,TenantPaymentsScreen
FN:36,(anonymous_1)
FN:36,(anonymous_2)
FN:62,(anonymous_3)
FN:71,(anonymous_4)
FN:121,(anonymous_5)
FN:193,(anonymous_6)
FN:196,(anonymous_7)
FN:203,(anonymous_8)
FN:206,(anonymous_9)
FN:221,(anonymous_10)
FN:249,(anonymous_11)
FN:255,(anonymous_12)
FNF:13
FNH:0
FNDA:0,TenantPaymentsScreen
FNDA:0,(anonymous_1)
FNDA:0,(anonymous_2)
FNDA:0,(anonymous_3)
FNDA:0,(anonymous_4)
FNDA:0,(anonymous_5)
FNDA:0,(anonymous_6)
FNDA:0,(anonymous_7)
FNDA:0,(anonymous_8)
FNDA:0,(anonymous_9)
FNDA:0,(anonymous_10)
FNDA:0,(anonymous_11)
FNDA:0,(anonymous_12)
DA:22,0
DA:31,0
DA:32,0
DA:33,0
DA:35,0
DA:36,0
DA:40,0
DA:41,0
DA:51,0
DA:52,0
DA:55,0
DA:56,0
DA:63,0
DA:71,0
DA:72,0
DA:73,0
DA:77,0
DA:80,0
DA:81,0
DA:82,0
DA:88,0
DA:89,0
DA:92,0
DA:93,0
DA:99,0
DA:112,0
DA:113,0
DA:115,0
DA:117,0
DA:121,0
DA:122,0
DA:123,0
DA:127,0
DA:130,0
DA:131,0
DA:132,0
DA:133,0
DA:143,0
DA:144,0
DA:147,0
DA:159,0
DA:160,0
DA:162,0
DA:167,0
DA:171,0
DA:193,0
DA:196,0
DA:204,0
DA:206,0
DA:222,0
DA:224,0
DA:249,0
DA:256,0
DA:257,0
DA:268,0
DA:288,0
LF:56
LH:0
BRDA:36,0,0,0
BRDA:36,0,1,0
BRDA:40,1,0,0
BRDA:40,1,1,0
BRDA:51,2,0,0
BRDA:51,2,1,0
BRDA:55,3,0,0
BRDA:55,3,1,0
BRDA:60,4,0,0
BRDA:60,4,1,0
BRDA:72,5,0,0
BRDA:72,5,1,0
BRDA:88,6,0,0
BRDA:88,6,1,0
BRDA:115,7,0,0
BRDA:115,7,1,0
BRDA:122,8,0,0
BRDA:122,8,1,0
BRDA:132,9,0,0
BRDA:132,9,1,0
BRDA:135,10,0,0
BRDA:135,10,1,0
BRDA:137,11,0,0
BRDA:137,11,1,0
BRDA:140,12,0,0
BRDA:140,12,1,0
BRDA:143,13,0,0
BRDA:143,13,1,0
BRDA:143,14,0,0
BRDA:143,14,1,0
BRDA:144,15,0,0
BRDA:144,15,1,0
BRDA:164,16,0,0
BRDA:164,16,1,0
BRDA:188,17,0,0
BRDA:188,17,1,0
BRDA:189,18,0,0
BRDA:189,18,1,0
BRDA:207,19,0,0
BRDA:207,19,1,0
BRDA:215,20,0,0
BRDA:215,20,1,0
BRDA:231,21,0,0
BRDA:231,21,1,0
BRDA:237,22,0,0
BRDA:237,22,1,0
BRDA:239,23,0,0
BRDA:239,23,1,0
BRDA:248,24,0,0
BRDA:248,24,1,0
BRDA:253,25,0,0
BRDA:253,25,1,0
BRDA:263,26,0,0
BRDA:263,26,1,0
BRDA:265,27,0,0
BRDA:265,27,1,0
BRDA:270,28,0,0
BRDA:270,28,1,0
BRF:58
BRH:0
end_of_record
TN:
SF:src\screens\terms-screen.tsx
FN:64,TermsScreen
FN:79,(anonymous_1)
FNF:2
FNH:0
FNDA:0,TermsScreen
FNDA:0,(anonymous_1)
DA:6,0
DA:65,0
DA:80,0
DA:89,0
LF:4
LH:0
BRF:0
BRH:0
end_of_record
TN:
SF:src\services\admin.ts
FN:20,fetchAdminDashboard
FN:49,activateProperty
FN:54,deactivateProperty
FN:59,saveAdminProperty
FN:68,deleteAdminProperty
FN:73,confirmAdminPayment
FN:78,rejectAdminPayment
FN:83,terminateTenancy
FNF:8
FNH:0
FNDA:0,fetchAdminDashboard
FNDA:0,activateProperty
FNDA:0,deactivateProperty
FNDA:0,saveAdminProperty
FNDA:0,deleteAdminProperty
FNDA:0,confirmAdminPayment
FNDA:0,rejectAdminPayment
FNDA:0,terminateTenancy
DA:21,0
DA:30,0
DA:50,0
DA:51,0
DA:55,0
DA:56,0
DA:63,0
DA:64,0
DA:65,0
DA:69,0
DA:70,0
DA:74,0
DA:75,0
DA:79,0
DA:80,0
DA:84,0
DA:85,0
LF:17
LH:0
BRDA:39,0,0,0
BRDA:39,0,1,0
BRF:2
BRH:0
end_of_record
TN:
SF:src\services\agreements.ts
FN:30,escapeHtml
FN:39,formatAgreementDate
FN:53,rentPeriodLabel
FN:63,cycleUnitLabel
FN:75,advanceBillingCycle
FN:87,calculateTenancyBillingCycles
FN:114,summarizeTenancyAgreement
FN:129,slugify
FN:137,buildTenancyAgreementText
FN:173,buildTenancyAgreementHtml
FN:177,(anonymous_10)
FN:249,downloadTenancyAgreementPdf
FN:276,downloadTenancyAgreementEditable
FNF:13
FNH:0
FNDA:0,escapeHtml
FNDA:0,formatAgreementDate
FNDA:0,rentPeriodLabel
FNDA:0,cycleUnitLabel
FNDA:0,advanceBillingCycle
FNDA:0,calculateTenancyBillingCycles
FNDA:0,summarizeTenancyAgreement
FNDA:0,slugify
FNDA:0,buildTenancyAgreementText
FNDA:0,buildTenancyAgreementHtml
FNDA:0,(anonymous_10)
FNDA:0,downloadTenancyAgreementPdf
FNDA:0,downloadTenancyAgreementEditable
DA:31,0
DA:40,0
DA:41,0
DA:44,0
DA:46,0
DA:47,0
DA:50,0
DA:54,0
DA:64,0
DA:65,0
DA:68,0
DA:69,0
DA:72,0
DA:76,0
DA:77,0
DA:80,0
DA:81,0
DA:84,0
DA:92,0
DA:93,0
DA:95,0
DA:100,0
DA:103,0
DA:104,0
DA:106,0
DA:107,0
DA:108,0
DA:111,0
DA:115,0
DA:121,0
DA:130,0
DA:138,0
DA:139,0
DA:143,0
DA:174,0
DA:175,0
DA:177,0
DA:180,0
DA:250,0
DA:251,0
DA:252,0
DA:254,0
DA:258,0
DA:259,0
DA:265,0
DA:266,0
DA:273,0
DA:277,0
DA:278,0
DA:280,0
DA:284,0
DA:288,0
DA:289,0
DA:296,0
LF:54
LH:0
BRDA:39,0,0,0
BRDA:40,1,0,0
BRDA:40,1,1,0
BRDA:46,2,0,0
BRDA:46,2,1,0
BRDA:55,3,0,0
BRDA:55,3,1,0
BRDA:64,4,0,0
BRDA:64,4,1,0
BRDA:65,5,0,0
BRDA:65,5,1,0
BRDA:68,6,0,0
BRDA:68,6,1,0
BRDA:69,7,0,0
BRDA:69,7,1,0
BRDA:72,8,0,0
BRDA:72,8,1,0
BRDA:76,9,0,0
BRDA:76,9,1,0
BRDA:80,10,0,0
BRDA:80,10,1,0
BRDA:95,11,0,0
BRDA:95,11,1,0
BRDA:96,12,0,0
BRDA:96,12,1,0
BRDA:96,12,2,0
BRDA:139,13,0,0
BRDA:139,13,1,0
BRDA:148,14,0,0
BRDA:148,14,1,0
BRDA:149,15,0,0
BRDA:149,15,1,0
BRDA:151,16,0,0
BRDA:151,16,1,0
BRDA:151,16,2,0
BRDA:152,17,0,0
BRDA:152,17,1,0
BRDA:152,17,2,0
BRDA:162,18,0,0
BRDA:162,18,1,0
BRDA:165,19,0,0
BRDA:165,19,1,0
BRDA:168,20,0,0
BRDA:168,20,1,0
BRDA:168,20,2,0
BRDA:169,21,0,0
BRDA:169,21,1,0
BRDA:177,22,0,0
BRDA:177,22,1,0
BRDA:230,23,0,0
BRDA:230,23,1,0
BRDA:232,24,0,0
BRDA:232,24,1,0
BRDA:232,24,2,0
BRDA:252,25,0,0
BRDA:252,25,1,0
BRDA:254,26,0,0
BRDA:254,26,1,0
BRDA:258,27,0,0
BRDA:258,27,1,0
BRDA:265,28,0,0
BRDA:265,28,1,0
BRDA:278,29,0,0
BRDA:278,29,1,0
BRDA:280,30,0,0
BRDA:280,30,1,0
BRDA:288,31,0,0
BRDA:288,31,1,0
BRF:68
BRH:0
end_of_record
TN:
SF:src\services\auth-storage.ts
FN:11,emit
FN:12,(anonymous_1)
FN:15,getStoredAuthSession
FN:30,setStoredAuthSession
FN:35,clearStoredAuthSession
FN:40,getAccessToken
FN:45,refreshStoredAuthSession
FN:65,(anonymous_7)
FN:117,subscribeToAuthSession
FN:120,(anonymous_9)
FNF:10
FNH:0
FNDA:0,emit
FNDA:0,(anonymous_1)
FNDA:0,getStoredAuthSession
FNDA:0,setStoredAuthSession
FNDA:0,clearStoredAuthSession
FNDA:0,getAccessToken
FNDA:0,refreshStoredAuthSession
FNDA:0,(anonymous_7)
FNDA:0,subscribeToAuthSession
FNDA:0,(anonymous_9)
DA:5,0
DA:9,0
DA:12,0
DA:16,0
DA:18,0
DA:19,0
DA:22,0
DA:23,0
DA:25,0
DA:26,0
DA:31,0
DA:32,0
DA:36,0
DA:37,0
DA:41,0
DA:42,0
DA:46,0
DA:48,0
DA:49,0
DA:50,0
DA:53,0
DA:54,0
DA:65,0
DA:67,0
DA:68,0
DA:69,0
DA:72,0
DA:113,0
DA:114,0
DA:118,0
DA:120,0
DA:121,0
LF:32
LH:0
BRDA:18,0,0,0
BRDA:18,0,1,0
BRDA:42,1,0,0
BRDA:42,1,1,0
BRDA:48,2,0,0
BRDA:48,2,1,0
BRDA:67,3,0,0
BRDA:67,3,1,0
BRDA:67,4,0,0
BRDA:67,4,1,0
BRDA:67,4,2,0
BRDA:74,5,0,0
BRDA:74,5,1,0
BRDA:74,6,0,0
BRDA:74,6,1,0
BRDA:78,7,0,0
BRDA:78,7,1,0
BRDA:78,8,0,0
BRDA:78,8,1,0
BRDA:82,9,0,0
BRDA:82,9,1,0
BRDA:82,10,0,0
BRDA:82,10,1,0
BRDA:82,10,2,0
BRDA:82,10,3,0
BRDA:85,11,0,0
BRDA:85,11,1,0
BRDA:88,12,0,0
BRDA:88,12,1,0
BRDA:88,13,0,0
BRDA:88,13,1,0
BRDA:88,13,2,0
BRDA:88,13,3,0
BRDA:88,13,4,0
BRDA:96,14,0,0
BRDA:96,14,1,0
BRDA:96,15,0,0
BRDA:96,15,1,0
BRDA:96,15,2,0
BRDA:96,15,3,0
BRDA:96,15,4,0
BRDA:104,16,0,0
BRDA:104,16,1,0
BRDA:104,17,0,0
BRDA:104,17,1,0
BRDA:104,17,2,0
BRDA:104,17,3,0
BRDA:109,18,0,0
BRDA:109,18,1,0
BRF:49
BRH:0
end_of_record
TN:
SF:src\services\auth.ts
FN:8,isKnownRole
FN:33,fetchUserRole
FN:46,fetchProfile
FN:65,fetchAuthSnapshot
FN:100,signInWithPassword
FN:132,registerUser
FN:186,signOutUser
FN:197,updateProfile
FNF:8
FNH:0
FNDA:0,isKnownRole
FNDA:0,fetchUserRole
FNDA:0,fetchProfile
FNDA:0,fetchAuthSnapshot
FNDA:0,signInWithPassword
FNDA:0,registerUser
FNDA:0,signOutUser
FNDA:0,updateProfile
DA:9,0
DA:34,0
DA:36,0
DA:43,0
DA:47,0
DA:48,0
DA:62,0
DA:66,0
DA:67,0
DA:75,0
DA:80,0
DA:81,0
DA:87,0
DA:90,0
DA:92,0
DA:101,0
DA:116,0
DA:127,0
DA:129,0
DA:133,0
DA:154,0
DA:168,0
DA:170,0
DA:171,0
DA:172,0
DA:179,0
DA:183,0
DA:187,0
DA:188,0
DA:193,0
DA:198,0
DA:199,0
DA:201,0
DA:202,0
DA:205,0
DA:207,0
DA:226,0
LF:37
LH:0
BRDA:9,0,0,0
BRDA:9,0,1,0
BRDA:9,0,2,0
BRDA:43,1,0,0
BRDA:43,1,1,0
BRDA:66,2,0,0
BRDA:66,2,1,0
BRDA:80,3,0,0
BRDA:80,3,1,0
BRDA:81,4,0,0
BRDA:81,4,1,0
BRDA:82,5,0,0
BRDA:82,5,1,0
BRDA:87,6,0,0
BRDA:87,6,1,0
BRDA:87,7,0,0
BRDA:87,7,1,0
BRDA:89,8,0,0
BRDA:89,8,1,0
BRDA:89,8,2,0
BRDA:90,9,0,0
BRDA:90,9,1,0
BRDA:118,10,0,0
BRDA:118,10,1,0
BRDA:119,11,0,0
BRDA:119,11,1,0
BRDA:123,12,0,0
BRDA:123,12,1,0
BRDA:148,13,0,0
BRDA:148,13,1,0
BRDA:156,14,0,0
BRDA:156,14,1,0
BRDA:157,15,0,0
BRDA:157,15,1,0
BRDA:161,16,0,0
BRDA:161,16,1,0
BRDA:170,17,0,0
BRDA:170,17,1,0
BRDA:175,18,0,0
BRDA:175,18,1,0
BRDA:201,19,0,0
BRDA:201,19,1,0
BRDA:221,20,0,0
BRDA:221,20,1,0
BRF:44
BRH:0
end_of_record
TN:
SF:src\services\backend-api.ts
FN:11,buildUrl
FN:15,(anonymous_1)
FN:26,apiRequest
FN:30,apiRequestInternal
FNF:4
FNH:0
FNDA:0,buildUrl
FNDA:0,(anonymous_1)
FNDA:0,apiRequest
FNDA:0,apiRequestInternal
DA:12,0
DA:13,0
DA:15,0
DA:16,0
DA:17,0
DA:20,0
DA:23,0
DA:27,0
DA:35,0
DA:36,0
DA:37,0
DA:39,0
DA:41,0
DA:42,0
DA:44,0
DA:45,0
DA:48,0
DA:51,0
DA:52,0
DA:57,0
DA:58,0
DA:64,0
DA:65,0
DA:67,0
DA:68,0
DA:73,0
DA:74,0
DA:79,0
DA:82,0
DA:83,0
DA:87,0
DA:88,0
DA:90,0
DA:91,0
DA:95,0
DA:97,0
DA:103,0
DA:106,0
LF:38
LH:0
BRDA:15,0,0,0
BRDA:15,0,1,0
BRDA:16,1,0,0
BRDA:16,1,1,0
BRDA:16,2,0,0
BRDA:16,2,1,0
BRDA:26,3,0,0
BRDA:36,4,0,0
BRDA:36,4,1,0
BRDA:41,5,0,0
BRDA:41,5,1,0
BRDA:44,6,0,0
BRDA:44,6,1,0
BRDA:51,7,0,0
BRDA:51,7,1,0
BRDA:59,8,0,0
BRDA:59,8,1,0
BRDA:67,9,0,0
BRDA:67,9,1,0
BRDA:73,10,0,0
BRDA:73,10,1,0
BRDA:79,11,0,0
BRDA:79,11,1,0
BRDA:82,12,0,0
BRDA:82,12,1,0
BRDA:83,13,0,0
BRDA:83,13,1,0
BRDA:87,14,0,0
BRDA:87,14,1,0
BRDA:87,15,0,0
BRDA:87,15,1,0
BRDA:87,15,2,0
BRDA:90,16,0,0
BRDA:90,16,1,0
BRDA:95,17,0,0
BRDA:95,17,1,0
BRDA:97,18,0,0
BRDA:97,18,1,0
BRDA:97,19,0,0
BRDA:97,19,1,0
BRDA:97,19,2,0
BRDA:99,20,0,0
BRDA:99,20,1,0
BRF:43
BRH:0
end_of_record
TN:
SF:src\services\backend-mappers.ts
FN:120,toNumber
FN:128,toPropertyStatus
FN:136,toPropertyType
FN:148,toTenancyStatus
FN:156,buildPropertyTitle
FN:176,mapBackendPropertyToPropertyRow
FN:204,mapBackendRentalUnitToRentalUnitRow
FN:224,mapBackendLeaseToTenancyRow
FN:241,buildProofNote
FN:251,extractProofUrl
FN:260,mapBackendPaymentToPaymentRow
FN:293,mapBackendMessage
FN:325,mapBackendProfileToProfileRow
FN:337,buildTenantName
FN:341,mapPropertyInsertToBackendPayload
FN:365,mapPropertyUpdateToBackendPayload
FN:387,mapRentalUnitInsertToBackendPayload
FN:404,mapTenancyInsertToBackendPayload
FNF:18
FNH:0
FNDA:0,toNumber
FNDA:0,toPropertyStatus
FNDA:0,toPropertyType
FNDA:0,toTenancyStatus
FNDA:0,buildPropertyTitle
FNDA:0,mapBackendPropertyToPropertyRow
FNDA:0,mapBackendRentalUnitToRentalUnitRow
FNDA:0,mapBackendLeaseToTenancyRow
FNDA:0,buildProofNote
FNDA:0,extractProofUrl
FNDA:0,mapBackendPaymentToPaymentRow
FNDA:0,mapBackendMessage
FNDA:0,mapBackendProfileToProfileRow
FNDA:0,buildTenantName
FNDA:0,mapPropertyInsertToBackendPayload
FNDA:0,mapPropertyUpdateToBackendPayload
FNDA:0,mapRentalUnitInsertToBackendPayload
FNDA:0,mapTenancyInsertToBackendPayload
DA:118,0
DA:121,0
DA:122,0
DA:125,0
DA:129,0
DA:130,0
DA:133,0
DA:137,0
DA:138,0
DA:141,0
DA:142,0
DA:145,0
DA:149,0
DA:150,0
DA:153,0
DA:157,0
DA:158,0
DA:161,0
DA:162,0
DA:165,0
DA:166,0
DA:169,0
DA:170,0
DA:173,0
DA:177,0
DA:205,0
DA:225,0
DA:242,0
DA:244,0
DA:245,0
DA:248,0
DA:252,0
DA:253,0
DA:256,0
DA:257,0
DA:268,0
DA:270,0
DA:304,0
DA:326,0
DA:338,0
DA:342,0
DA:366,0
DA:388,0
DA:405,0
LF:44
LH:0
BRDA:121,0,0,0
BRDA:121,0,1,0
BRDA:125,1,0,0
BRDA:125,1,1,0
BRDA:129,2,0,0
BRDA:129,2,1,0
BRDA:129,3,0,0
BRDA:129,3,1,0
BRDA:137,4,0,0
BRDA:137,4,1,0
BRDA:137,5,0,0
BRDA:137,5,1,0
BRDA:137,5,2,0
BRDA:137,5,3,0
BRDA:141,6,0,0
BRDA:141,6,1,0
BRDA:149,7,0,0
BRDA:149,7,1,0
BRDA:149,8,0,0
BRDA:149,8,1,0
BRDA:157,9,0,0
BRDA:157,9,1,0
BRDA:161,10,0,0
BRDA:161,10,1,0
BRDA:165,11,0,0
BRDA:165,11,1,0
BRDA:169,12,0,0
BRDA:169,12,1,0
BRDA:178,13,0,0
BRDA:178,13,1,0
BRDA:179,14,0,0
BRDA:179,14,1,0
BRDA:180,15,0,0
BRDA:180,15,1,0
BRDA:183,16,0,0
BRDA:183,16,1,0
BRDA:185,17,0,0
BRDA:185,17,1,0
BRDA:186,18,0,0
BRDA:186,18,1,0
BRDA:186,18,2,0
BRDA:188,19,0,0
BRDA:188,19,1,0
BRDA:190,20,0,0
BRDA:190,20,1,0
BRDA:192,21,0,0
BRDA:192,21,1,0
BRDA:206,22,0,0
BRDA:206,22,1,0
BRDA:210,23,0,0
BRDA:210,23,1,0
BRDA:211,24,0,0
BRDA:211,24,1,0
BRDA:213,25,0,0
BRDA:213,25,1,0
BRDA:216,26,0,0
BRDA:216,26,1,0
BRDA:217,27,0,0
BRDA:217,27,1,0
BRDA:242,28,0,0
BRDA:242,28,1,0
BRDA:244,29,0,0
BRDA:244,29,1,0
BRDA:245,30,0,0
BRDA:245,30,1,0
BRDA:252,31,0,0
BRDA:252,31,1,0
BRDA:257,32,0,0
BRDA:257,32,1,0
BRDA:275,33,0,0
BRDA:275,33,1,0
BRDA:275,33,2,0
BRDA:276,34,0,0
BRDA:276,34,1,0
BRDA:277,35,0,0
BRDA:277,35,1,0
BRDA:278,36,0,0
BRDA:278,36,1,0
BRDA:278,36,2,0
BRDA:279,37,0,0
BRDA:279,37,1,0
BRDA:280,38,0,0
BRDA:280,38,1,0
BRDA:282,39,0,0
BRDA:282,39,1,0
BRDA:282,40,0,0
BRDA:282,40,1,0
BRDA:282,40,2,0
BRDA:305,41,0,0
BRDA:305,41,1,0
BRDA:309,42,0,0
BRDA:309,42,1,0
BRDA:311,43,0,0
BRDA:311,43,1,0
BRDA:313,44,0,0
BRDA:313,44,1,0
BRDA:327,45,0,0
BRDA:327,45,1,0
BRDA:329,46,0,0
BRDA:329,46,1,0
BRDA:331,47,0,0
BRDA:331,47,1,0
BRDA:332,48,0,0
BRDA:332,48,1,0
BRDA:338,49,0,0
BRDA:338,49,1,0
BRDA:343,50,0,0
BRDA:343,50,1,0
BRDA:344,51,0,0
BRDA:344,51,1,0
BRDA:347,52,0,0
BRDA:347,52,1,0
BRDA:349,53,0,0
BRDA:349,53,1,0
BRDA:350,54,0,0
BRDA:350,54,1,0
BRDA:352,55,0,0
BRDA:352,55,1,0
BRDA:353,56,0,0
BRDA:353,56,1,0
BRDA:361,57,0,0
BRDA:361,57,1,0
BRDA:371,58,0,0
BRDA:371,58,1,0
BRDA:374,59,0,0
BRDA:374,59,1,0
BRDA:389,60,0,0
BRDA:389,60,1,0
BRDA:397,61,0,0
BRDA:397,61,1,0
BRDA:411,62,0,0
BRDA:411,62,1,0
BRF:132
BRH:0
end_of_record
TN:
SF:src\services\manager.ts
FN:51,fetchManagerMessages
FN:66,(anonymous_1)
FN:69,fetchManagerDashboard
FN:157,(anonymous_3)
FN:160,(anonymous_4)
FN:168,(anonymous_5)
FN:169,(anonymous_6)
FN:175,(anonymous_7)
FN:180,(anonymous_8)
FN:184,(anonymous_9)
FN:193,(anonymous_10)
FN:202,createProperty
FN:210,updateProperty
FN:218,deleteProperty
FN:225,addRentalUnit
FN:233,fetchManagerPropertyUnits
FN:261,createTenancy
FN:265,createTenancyWithTerms
FN:282,createTenancyWorkflow
FN:323,getUserIdByEmail
FN:331,resolveTenantByEmail
FN:350,confirmManagerPayment
FN:358,confirmManagerPaymentWorkflow
FN:373,rejectManagerPayment
FN:381,rejectManagerPaymentWorkflow
FN:396,sendManagerMessage
FN:408,markManagerMessageRead
FN:416,sendRentReminder
FNF:28
FNH:0
FNDA:0,fetchManagerMessages
FNDA:0,(anonymous_1)
FNDA:0,fetchManagerDashboard
FNDA:0,(anonymous_3)
FNDA:0,(anonymous_4)
FNDA:0,(anonymous_5)
FNDA:0,(anonymous_6)
FNDA:0,(anonymous_7)
FNDA:0,(anonymous_8)
FNDA:0,(anonymous_9)
FNDA:0,(anonymous_10)
FNDA:0,createProperty
FNDA:0,updateProperty
FNDA:0,deleteProperty
FNDA:0,addRentalUnit
FNDA:0,fetchManagerPropertyUnits
FNDA:0,createTenancy
FNDA:0,createTenancyWithTerms
FNDA:0,createTenancyWorkflow
FNDA:0,getUserIdByEmail
FNDA:0,resolveTenantByEmail
FNDA:0,confirmManagerPayment
FNDA:0,confirmManagerPaymentWorkflow
FNDA:0,rejectManagerPayment
FNDA:0,rejectManagerPaymentWorkflow
FNDA:0,sendManagerMessage
FNDA:0,markManagerMessageRead
FNDA:0,sendRentReminder
DA:52,0
DA:66,0
DA:70,0
DA:77,0
DA:154,0
DA:155,0
DA:156,0
DA:157,0
DA:159,0
DA:160,0
DA:168,0
DA:169,0
DA:170,0
DA:175,0
DA:176,0
DA:179,0
DA:180,0
DA:184,0
DA:193,0
DA:203,0
DA:211,0
DA:219,0
DA:226,0
DA:234,0
DA:258,0
DA:262,0
DA:266,0
DA:290,0
DA:302,0
DA:310,0
DA:311,0
DA:312,0
DA:313,0
DA:318,0
DA:324,0
DA:328,0
DA:332,0
DA:344,0
DA:351,0
DA:359,0
DA:361,0
DA:362,0
DA:363,0
DA:368,0
DA:374,0
DA:382,0
DA:384,0
DA:385,0
DA:386,0
DA:391,0
DA:397,0
DA:409,0
DA:420,0
DA:421,0
DA:424,0
DA:428,0
LF:56
LH:0
BRDA:164,0,0,0
BRDA:164,0,1,0
BRDA:172,1,0,0
BRDA:172,1,1,0
BRDA:182,2,0,0
BRDA:182,2,1,0
BRDA:186,3,0,0
BRDA:186,3,1,0
BRDA:274,4,0,0
BRDA:274,4,1,0
BRDA:307,5,0,0
BRDA:307,5,1,0
BRDA:310,6,0,0
BRDA:310,6,1,0
BRDA:310,6,2,0
BRDA:311,7,0,0
BRDA:311,7,1,0
BRDA:315,8,0,0
BRDA:315,8,1,0
BRDA:315,9,0,0
BRDA:315,9,1,0
BRDA:328,10,0,0
BRDA:328,10,1,0
BRDA:361,11,0,0
BRDA:361,11,1,0
BRDA:384,12,0,0
BRDA:384,12,1,0
BRDA:401,13,0,0
BRDA:401,13,1,0
BRDA:420,14,0,0
BRDA:420,14,1,0
BRDA:430,15,0,0
BRDA:430,15,1,0
BRDA:430,16,0,0
BRDA:430,16,1,0
BRF:35
BRH:0
end_of_record
TN:
SF:src\services\onboarding-storage.ts
FN:5,hasSeenOnboarding
FN:10,markOnboardingSeen
FNF:2
FNH:0
FNDA:0,hasSeenOnboarding
FNDA:0,markOnboardingSeen
DA:3,0
DA:6,0
DA:7,0
DA:11,0
LF:4
LH:0
BRF:0
BRH:0
end_of_record
TN:
SF:src\services\platform.ts
FN:3,resolvePaymentProofUrl
FN:15,extractPaymentProofUrlFromNotes
FN:24,sendSmsMessage
FNF:3
FNH:0
FNDA:0,resolvePaymentProofUrl
FNDA:0,extractPaymentProofUrlFromNotes
FNDA:0,sendSmsMessage
DA:4,0
DA:5,0
DA:8,0
DA:9,0
DA:12,0
DA:16,0
DA:17,0
DA:20,0
DA:21,0
DA:25,0
DA:26,0
DA:29,0
LF:12
LH:0
BRDA:4,0,0,0
BRDA:4,0,1,0
BRDA:8,1,0,0
BRDA:8,1,1,0
BRDA:16,2,0,0
BRDA:16,2,1,0
BRDA:21,3,0,0
BRDA:21,3,1,0
BRDA:25,4,0,0
BRDA:25,4,1,0
BRF:10
BRH:0
end_of_record
TN:
SF:src\services\properties.ts
FN:30,fetchExploreStats
FN:45,fetchProperties
FN:72,(anonymous_2)
FN:76,(anonymous_3)
FN:82,(anonymous_4)
FN:86,(anonymous_5)
FN:90,(anonymous_6)
FN:94,(anonymous_7)
FN:98,(anonymous_8)
FN:102,(anonymous_9)
FN:106,(anonymous_10)
FN:108,(anonymous_11)
FN:118,fetchPropertyDetails
FNF:13
FNH:0
FNDA:0,fetchExploreStats
FNDA:0,fetchProperties
FNDA:0,(anonymous_2)
FNDA:0,(anonymous_3)
FNDA:0,(anonymous_4)
FNDA:0,(anonymous_5)
FNDA:0,(anonymous_6)
FNDA:0,(anonymous_7)
FNDA:0,(anonymous_8)
FNDA:0,(anonymous_9)
FNDA:0,(anonymous_10)
FNDA:0,(anonymous_11)
FNDA:0,fetchPropertyDetails
DA:31,0
DA:38,0
DA:46,0
DA:70,0
DA:72,0
DA:74,0
DA:75,0
DA:76,0
DA:77,0
DA:81,0
DA:82,0
DA:85,0
DA:86,0
DA:89,0
DA:90,0
DA:93,0
DA:94,0
DA:97,0
DA:98,0
DA:101,0
DA:102,0
DA:105,0
DA:106,0
DA:107,0
DA:108,0
DA:112,0
DA:119,0
DA:163,0
LF:28
LH:0
BRDA:39,0,0,0
BRDA:39,0,1,0
BRDA:45,1,0,0
BRDA:74,2,0,0
BRDA:74,2,1,0
BRDA:81,3,0,0
BRDA:81,3,1,0
BRDA:81,4,0,0
BRDA:81,4,1,0
BRDA:85,5,0,0
BRDA:85,5,1,0
BRDA:85,6,0,0
BRDA:85,6,1,0
BRDA:89,7,0,0
BRDA:89,7,1,0
BRDA:93,8,0,0
BRDA:93,8,1,0
BRDA:97,9,0,0
BRDA:97,9,1,0
BRDA:101,10,0,0
BRDA:101,10,1,0
BRDA:105,11,0,0
BRDA:105,11,1,0
BRDA:107,12,0,0
BRDA:107,12,1,0
BRF:25
BRH:0
end_of_record
TN:
SF:src\services\receipts.ts
FN:17,escapeHtml
FN:26,slugify
FN:34,buildReceiptHtml
FN:102,downloadPaymentReceiptPdf
FNF:4
FNH:0
FNDA:0,escapeHtml
FNDA:0,slugify
FNDA:0,buildReceiptHtml
FNDA:0,downloadPaymentReceiptPdf
DA:18,0
DA:27,0
DA:35,0
DA:103,0
DA:104,0
DA:105,0
DA:107,0
DA:111,0
DA:112,0
DA:118,0
DA:119,0
DA:126,0
LF:12
LH:0
BRDA:89,0,0,0
BRDA:89,0,1,0
BRDA:93,1,0,0
BRDA:93,1,1,0
BRDA:94,2,0,0
BRDA:94,2,1,0
BRDA:95,3,0,0
BRDA:95,3,1,0
BRDA:105,4,0,0
BRDA:105,4,1,0
BRDA:107,5,0,0
BRDA:107,5,1,0
BRDA:111,6,0,0
BRDA:111,6,1,0
BRDA:118,7,0,0
BRDA:118,7,1,0
BRF:16
BRH:0
end_of_record
TN:
SF:src\services\sentry.ts
FN:12,initializeSentry
FN:31,setSentryUser
FNF:2
FNH:0
FNDA:0,initializeSentry
FNDA:0,setSentryUser
DA:3,0
DA:13,0
DA:15,0
DA:16,0
DA:19,0
DA:28,0
DA:32,0
DA:33,0
DA:36,0
DA:37,0
DA:38,0
DA:41,0
LF:12
LH:0
BRDA:15,0,0,0
BRDA:15,0,1,0
BRDA:15,1,0,0
BRDA:15,1,1,0
BRDA:23,2,0,0
BRDA:23,2,1,0
BRDA:23,3,0,0
BRDA:23,3,1,0
BRDA:32,4,0,0
BRDA:32,4,1,0
BRDA:36,5,0,0
BRDA:36,5,1,0
BRDA:44,6,0,0
BRDA:44,6,1,0
BRDA:45,7,0,0
BRDA:45,7,1,0
BRF:16
BRH:0
end_of_record
TN:
SF:src\services\session-storage.ts
FN:12,encodeKeySegment
FN:14,(anonymous_1)
FN:18,toStorageKey
FN:22,toChunkMetaKey
FN:26,toChunkValueKey
FN:30,splitValue
FN:40,getWebItem
FN:48,setWebItem
FN:57,removeWebItem
FN:66,getSecureStoreItem
FN:73,setSecureStoreItem
FN:80,removeSecureStoreItem
FN:86,removeChunkedSecureStoreItem
FN:98,(anonymous_13)
FN:105,(anonymous_14)
FN:126,(anonymous_15)
FN:131,(anonymous_16)
FN:137,(anonymous_17)
FN:147,(anonymous_18)
FN:165,(anonymous_19)
FNF:20
FNH:0
FNDA:0,encodeKeySegment
FNDA:0,(anonymous_1)
FNDA:0,toStorageKey
FNDA:0,toChunkMetaKey
FNDA:0,toChunkValueKey
FNDA:0,splitValue
FNDA:0,getWebItem
FNDA:0,setWebItem
FNDA:0,removeWebItem
FNDA:0,getSecureStoreItem
FNDA:0,setSecureStoreItem
FNDA:0,removeSecureStoreItem
FNDA:0,removeChunkedSecureStoreItem
FNDA:0,(anonymous_13)
FNDA:0,(anonymous_14)
FNDA:0,(anonymous_15)
FNDA:0,(anonymous_16)
FNDA:0,(anonymous_17)
FNDA:0,(anonymous_18)
FNDA:0,(anonymous_19)
DA:4,0
DA:5,0
DA:6,0
DA:7,0
DA:8,0
DA:10,0
DA:13,0
DA:14,0
DA:19,0
DA:23,0
DA:27,0
DA:31,0
DA:33,0
DA:34,0
DA:37,0
DA:41,0
DA:42,0
DA:45,0
DA:49,0
DA:50,0
DA:51,0
DA:54,0
DA:58,0
DA:59,0
DA:60,0
DA:63,0
DA:67,0
DA:74,0
DA:81,0
DA:87,0
DA:88,0
DA:90,0
DA:91,0
DA:93,0
DA:94,0
DA:97,0
DA:99,0
DA:104,0
DA:106,0
DA:108,0
DA:109,0
DA:112,0
DA:114,0
DA:115,0
DA:118,0
DA:119,0
DA:121,0
DA:122,0
DA:125,0
DA:127,0
DA:131,0
DA:132,0
DA:135,0
DA:138,0
DA:140,0
DA:141,0
DA:142,0
DA:145,0
DA:148,0
DA:150,0
DA:151,0
DA:152,0
DA:155,0
DA:157,0
DA:158,0
DA:159,0
DA:162,0
DA:164,0
DA:165,0
DA:167,0
LF:70
LH:0
BRDA:14,0,0,0
BRDA:14,0,1,0
BRDA:41,1,0,0
BRDA:41,1,1,0
BRDA:45,2,0,0
BRDA:45,2,1,0
BRDA:49,3,0,0
BRDA:49,3,1,0
BRDA:58,4,0,0
BRDA:58,4,1,0
BRDA:93,5,0,0
BRDA:93,5,1,0
BRDA:93,6,0,0
BRDA:93,6,1,0
BRDA:108,7,0,0
BRDA:108,7,1,0
BRDA:114,8,0,0
BRDA:114,8,1,0
BRDA:121,9,0,0
BRDA:121,9,1,0
BRDA:121,10,0,0
BRDA:121,10,1,0
BRDA:131,11,0,0
BRDA:131,11,1,0
BRDA:140,12,0,0
BRDA:140,12,1,0
BRDA:150,13,0,0
BRDA:150,13,1,0
BRDA:157,14,0,0
BRDA:157,14,1,0
BRF:30
BRH:0
end_of_record
TN:
SF:src\services\tenant.ts
FN:29,fetchTenantDashboard
FN:87,(anonymous_1)
FN:89,(anonymous_2)
FN:111,(anonymous_3)
FN:125,(anonymous_4)
FN:126,(anonymous_5)
FN:127,(anonymous_6)
FN:133,(anonymous_7)
FN:142,createTenantPayment
FN:161,sendTenantMessage
FN:179,markMessageRead
FN:187,initiatePesapalPayment
FN:219,buildTenantPaymentProofNote
FNF:13
FNH:0
FNDA:0,fetchTenantDashboard
FNDA:0,(anonymous_1)
FNDA:0,(anonymous_2)
FNDA:0,(anonymous_3)
FNDA:0,(anonymous_4)
FNDA:0,(anonymous_5)
FNDA:0,(anonymous_6)
FNDA:0,(anonymous_7)
FNDA:0,createTenantPayment
FNDA:0,sendTenantMessage
FNDA:0,markMessageRead
FNDA:0,initiatePesapalPayment
FNDA:0,buildTenantPaymentProofNote
DA:30,0
DA:31,0
DA:86,0
DA:87,0
DA:88,0
DA:90,0
DA:111,0
DA:112,0
DA:113,0
DA:116,0
DA:117,0
DA:118,0
DA:121,0
DA:125,0
DA:127,0
DA:128,0
DA:133,0
DA:143,0
DA:167,0
DA:168,0
DA:180,0
DA:196,0
DA:223,0
LF:23
LH:0
BRDA:112,0,0,0
BRDA:112,0,1,0
BRDA:127,1,0,0
BRDA:127,1,1,0
BRDA:172,2,0,0
BRDA:172,2,1,0
BRF:6
BRH:0
end_of_record
TN:
SF:src\services\uploads.ts
FN:10,uploadWithAuthRetry
FN:37,(anonymous_1)
FN:62,uploadPaymentProof
FN:67,uploadPropertyImages
FNF:4
FNH:0
FNDA:0,uploadWithAuthRetry
FNDA:0,(anonymous_1)
FNDA:0,uploadPaymentProof
FNDA:0,uploadPropertyImages
DA:16,0
DA:17,0
DA:18,0
DA:21,0
DA:22,0
DA:23,0
DA:29,0
DA:37,0
DA:39,0
DA:40,0
DA:42,0
DA:43,0
DA:47,0
DA:48,0
DA:55,0
DA:56,0
DA:59,0
DA:63,0
DA:64,0
DA:68,0
DA:69,0
DA:71,0
DA:72,0
DA:75,0
LF:24
LH:0
BRDA:14,0,0,0
BRDA:17,1,0,0
BRDA:17,1,1,0
BRDA:25,2,0,0
BRDA:25,2,1,0
BRDA:39,3,0,0
BRDA:39,3,1,0
BRDA:39,4,0,0
BRDA:39,4,1,0
BRDA:42,5,0,0
BRDA:42,5,1,0
BRDA:47,6,0,0
BRDA:47,6,1,0
BRDA:49,7,0,0
BRDA:49,7,1,0
BRDA:49,8,0,0
BRDA:49,8,1,0
BRDA:49,8,2,0
BRDA:55,9,0,0
BRDA:55,9,1,0
BRDA:55,10,0,0
BRDA:55,10,1,0
BRDA:55,10,2,0
BRF:23
BRH:0
end_of_record
TN:
SF:src\theme\tokens.ts
FNF:0
FNH:0
DA:1,0
DA:26,0
DA:35,0
DA:42,0
DA:59,0
LF:5
LH:0
BRF:0
BRH:0
end_of_record
TN:
SF:src\types\auth.ts
FNF:0
FNH:0
LF:0
LH:0
BRF:0
BRH:0
end_of_record
TN:
SF:src\types\supabase.ts
FNF:0
FNH:0
LF:0
LH:0
BRF:0
BRH:0
end_of_record
TN:
SF:src\utils\constants.ts
FNF:0
FNH:0
DA:3,0
DA:26,0
DA:34,0
DA:40,0
DA:53,0
DA:54,0
DA:56,0
LF:7
LH:0
BRF:0
BRH:0
end_of_record
TN:
SF:src\utils\env.ts
FN:1,getBackendApiEnv
FNF:1
FNH:0
FNDA:0,getBackendApiEnv
DA:2,0
DA:4,0
DA:5,0
DA:10,0
DA:11,0
DA:16,0
LF:6
LH:0
BRDA:4,0,0,0
BRDA:4,0,1,0
BRDA:10,1,0,0
BRDA:10,1,1,0
BRF:4
BRH:0
end_of_record
TN:
SF:src\utils\format.ts
FN:4,formatUGX
FN:16,formatUGXFull
FN:20,formatDateLabel
FN:24,formatDateTimeLabel
FN:28,propertyTypeLabel
FN:37,rentPeriodSuffix
FN:47,titleCaseRole
FN:52,(anonymous_7)
FNF:8
FNH:0
FNDA:0,formatUGX
FNDA:0,formatUGXFull
FNDA:0,formatDateLabel
FNDA:0,formatDateTimeLabel
FNDA:0,propertyTypeLabel
FNDA:0,rentPeriodSuffix
FNDA:0,titleCaseRole
FNDA:0,(anonymous_7)
DA:5,0
DA:6,0
DA:9,0
DA:10,0
DA:13,0
DA:17,0
DA:21,0
DA:25,0
DA:29,0
DA:38,0
DA:48,0
DA:49,0
DA:52,0
LF:13
LH:0
BRDA:5,0,0,0
BRDA:5,0,1,0
BRDA:9,1,0,0
BRDA:9,1,1,0
BRDA:30,2,0,0
BRDA:30,2,1,0
BRDA:39,3,0,0
BRDA:39,3,1,0
BRDA:48,4,0,0
BRDA:48,4,1,0
BRF:10
BRH:0
end_of_record
TN:
SF:src\utils\math.ts
FN:1,(anonymous_0)
FNF:1
FNH:1
FNDA:1,(anonymous_0)
DA:1,1
LF:1
LH:1
BRF:0
BRH:0
end_of_record
