TN:
SF:src\App.tsx
FN:21,App
FNF:1
FNH:0
FNDA:0,App
DA:19,0
DA:22,0
DA:31,0
DA:32,0
DA:35,0
DA:49,0
LF:6
LH:0
BRDA:31,0,0,0
BRDA:31,0,1,0
BRF:2
BRH:0
end_of_record
TN:
SF:src\jest-setup.ts
FNF:0
FNH:0
LF:0
LH:0
BRF:0
BRH:0
end_of_record
TN:
SF:src\components\badge.tsx
FN:10,Badge
FNF:1
FNH:0
FNDA:0,Badge
DA:11,0
DA:20,0
DA:27,0
LF:3
LH:0
BRDA:10,0,0,0
BRF:1
BRH:0
end_of_record
TN:
SF:src\components\button.tsx
FN:14,Button
FN:47,(anonymous_1)
FNF:2
FNH:0
FNDA:0,Button
FNDA:0,(anonymous_1)
DA:15,0
DA:43,0
DA:47,0
DA:65,0
LF:4
LH:0
BRDA:14,0,0,0
BRDA:50,1,0,0
BRDA:50,1,1,0
BRDA:51,2,0,0
BRDA:51,2,1,0
BRDA:51,3,0,0
BRDA:51,3,1,0
BRDA:54,4,0,0
BRDA:54,4,1,0
BRDA:56,5,0,0
BRDA:56,5,1,0
BRF:11
BRH:0
end_of_record
TN:
SF:src\components\empty-state.tsx
FN:10,EmptyState
FNF:1
FNH:0
FNDA:0,EmptyState
DA:11,0
DA:19,0
LF:2
LH:0
BRF:0
BRH:0
end_of_record
TN:
SF:src\components\error-state.tsx
FN:12,ErrorState
FNF:1
FNH:0
FNDA:0,ErrorState
DA:13,0
DA:26,0
LF:2
LH:0
BRDA:17,0,0,0
BRDA:17,0,1,0
BRF:2
BRH:0
end_of_record
TN:
SF:src\components\input-field.tsx
FN:16,InputField
FNF:1
FNH:0
FNDA:0,InputField
DA:26,0
DA:44,0
LF:2
LH:0
BRDA:17,0,0,0
BRDA:18,1,0,0
BRDA:37,2,0,0
BRDA:37,2,1,0
BRF:4
BRH:0
end_of_record
TN:
SF:src\components\loading-state.tsx
FN:9,LoadingState
FNF:1
FNH:0
FNDA:0,LoadingState
DA:10,0
DA:18,0
LF:2
LH:0
BRDA:9,0,0,0
BRF:1
BRH:0
end_of_record
TN:
SF:src\components\message-bubble.tsx
FN:17,MessageBubble
FNF:1
FNH:0
FNDA:0,MessageBubble
DA:18,0
DA:20,0
DA:29,0
LF:3
LH:0
BRDA:21,0,0,0
BRDA:21,0,1,0
BRDA:22,1,0,0
BRDA:22,1,1,0
BRDA:22,2,0,0
BRDA:22,2,1,0
BRF:6
BRH:0
end_of_record
TN:
SF:src\components\message-composer.tsx
FN:14,MessageComposer
FN:35,(anonymous_1)
FNF:2
FNH:0
FNDA:0,MessageComposer
FNDA:0,(anonymous_1)
DA:20,0
DA:22,0
DA:36,0
DA:37,0
DA:38,0
DA:41,0
DA:42,0
DA:51,0
LF:8
LH:0
BRDA:15,0,0,0
BRDA:17,1,0,0
BRDA:25,2,0,0
BRDA:25,2,1,0
BRDA:34,3,0,0
BRDA:34,3,1,0
BRDA:34,3,2,0
BRDA:37,4,0,0
BRDA:37,4,1,0
BRDA:45,5,0,0
BRDA:45,5,1,0
BRF:11
BRH:0
end_of_record
TN:
SF:src\components\page-header.tsx
FN:11,PageHeader
FNF:1
FNH:0
FNDA:0,PageHeader
DA:12,0
DA:21,0
LF:2
LH:0
BRDA:14,0,0,0
BRDA:14,0,1,0
BRDA:16,1,0,0
BRDA:16,1,1,0
BRF:4
BRH:0
end_of_record
TN:
SF:src\components\property-card.tsx
FN:19,PropertyCardComponent
FN:25,(anonymous_1)
FNF:2
FNH:0
FNDA:0,PropertyCardComponent
FNDA:0,(anonymous_1)
DA:7,0
DA:20,0
DA:22,0
DA:25,0
DA:77,0
DA:79,0
LF:6
LH:0
BRDA:19,0,0,0
BRDA:25,1,0,0
BRDA:25,1,1,0
BRDA:27,2,0,0
BRDA:27,2,1,0
BRDA:41,3,0,0
BRDA:41,3,1,0
BRDA:47,4,0,0
BRDA:47,4,1,0
BRDA:50,5,0,0
BRDA:50,5,1,0
BRF:11
BRH:0
end_of_record
TN:
SF:src\components\screen.tsx
FN:12,Screen
FNF:1
FNH:0
FNDA:0,Screen
DA:13,0
DA:15,0
DA:31,0
LF:3
LH:0
BRDA:12,0,0,0
BRDA:12,1,0,0
BRDA:13,2,0,0
BRDA:13,2,1,0
BRDA:17,3,0,0
BRDA:17,3,1,0
BRF:6
BRH:0
end_of_record
TN:
SF:src\components\scrollable-screen-container.tsx
FN:22,ScrollableScreenContainer
FNF:1
FNH:0
FNDA:0,ScrollableScreenContainer
DA:30,0
DA:32,0
DA:51,0
LF:3
LH:0
BRDA:23,0,0,0
BRDA:26,1,0,0
BRDA:27,2,0,0
BRDA:37,3,0,0
BRDA:37,3,1,0
BRF:5
BRH:0
end_of_record
TN:
SF:src\components\segmented-control.tsx
FN:11,SegmentedControl
FN:24,(anonymous_1)
FN:30,(anonymous_2)
FNF:3
FNH:0
FNDA:0,SegmentedControl
FNDA:0,(anonymous_1)
FNDA:0,(anonymous_2)
DA:16,0
DA:25,0
DA:27,0
DA:30,0
DA:42,0
LF:5
LH:0
BRDA:31,0,0,0
BRDA:31,0,1,0
BRDA:33,1,0,0
BRDA:33,1,1,0
BRF:4
BRH:0
end_of_record
TN:
SF:src\components\select-field.tsx
FN:36,SelectField
FN:53,(anonymous_1)
FN:53,(anonymous_2)
FN:56,(anonymous_3)
FN:57,(anonymous_4)
FN:58,(anonymous_5)
FN:92,(anonymous_6)
FN:126,(anonymous_7)
FN:132,(anonymous_8)
FNF:9
FNH:0
FNDA:0,SelectField
FNDA:0,(anonymous_1)
FNDA:0,(anonymous_2)
FNDA:0,(anonymous_3)
FNDA:0,(anonymous_4)
FNDA:0,(anonymous_5)
FNDA:0,(anonymous_6)
FNDA:0,(anonymous_7)
FNDA:0,(anonymous_8)
DA:43,0
DA:44,0
DA:45,0
DA:51,0
DA:52,0
DA:53,0
DA:56,0
DA:57,0
DA:58,0
DA:59,0
DA:60,0
DA:61,0
DA:62,0
DA:63,0
DA:64,0
DA:65,0
DA:66,0
DA:67,0
DA:68,0
DA:69,0
DA:70,0
DA:74,0
DA:78,0
DA:84,0
DA:88,0
DA:92,0
DA:127,0
DA:129,0
DA:133,0
DA:134,0
DA:153,0
LF:31
LH:0
BRDA:53,0,0,0
BRDA:53,0,1,0
BRDA:62,1,0,0
BRDA:62,1,1,0
BRDA:62,2,0,0
BRDA:62,2,1,0
BRDA:69,3,0,0
BRDA:69,3,1,0
BRDA:72,4,0,0
BRDA:72,4,1,0
BRDA:74,5,0,0
BRDA:74,5,1,0
BRDA:92,6,0,0
BRDA:92,6,1,0
BRDA:93,7,0,0
BRDA:93,7,1,0
BRDA:96,8,0,0
BRDA:96,8,1,0
BRDA:136,9,0,0
BRDA:136,9,1,0
BRDA:138,10,0,0
BRDA:138,10,1,0
BRDA:141,11,0,0
BRDA:141,11,1,0
BRF:24
BRH:0
end_of_record
TN:
SF:src\components\stat-card.tsx
FN:11,StatCard
FNF:1
FNH:0
FNDA:0,StatCard
DA:12,0
DA:21,0
LF:2
LH:0
BRF:0
BRH:0
end_of_record
TN:
SF:src\context\auth-context.tsx
FN:19,AuthProvider
FN:26,(anonymous_1)
FN:51,(anonymous_2)
FN:54,(anonymous_3)
FN:62,(anonymous_4)
FN:66,(anonymous_5)
FN:73,(anonymous_6)
FN:76,(anonymous_7)
FN:82,(anonymous_8)
FN:97,useAuth
FNF:10
FNH:0
FNDA:0,AuthProvider
FNDA:0,(anonymous_1)
FNDA:0,(anonymous_2)
FNDA:0,(anonymous_3)
FNDA:0,(anonymous_4)
FNDA:0,(anonymous_5)
FNDA:0,(anonymous_6)
FNDA:0,(anonymous_7)
FNDA:0,(anonymous_8)
FNDA:0,useAuth
DA:17,0
DA:20,0
DA:21,0
DA:22,0
DA:23,0
DA:24,0
DA:26,0
DA:27,0
DA:28,0
DA:29,0
DA:30,0
DA:31,0
DA:32,0
DA:34,0
DA:35,0
DA:36,0
DA:37,0
DA:38,0
DA:39,0
DA:42,0
DA:43,0
DA:44,0
DA:45,0
DA:47,0
DA:51,0
DA:52,0
DA:54,0
DA:55,0
DA:56,0
DA:59,0
DA:62,0
DA:63,0
DA:66,0
DA:67,0
DA:68,0
DA:72,0
DA:73,0
DA:77,0
DA:78,0
DA:83,0
DA:84,0
DA:85,0
DA:86,0
DA:87,0
DA:94,0
DA:98,0
DA:100,0
DA:101,0
DA:104,0
LF:49
LH:0
BRDA:34,0,0,0
BRDA:34,0,1,0
BRDA:34,1,0,0
BRDA:34,1,1,0
BRDA:43,2,0,0
BRDA:43,2,1,0
BRDA:43,3,0,0
BRDA:43,3,1,0
BRDA:45,4,0,0
BRDA:45,4,1,0
BRDA:55,5,0,0
BRDA:55,5,1,0
BRDA:100,6,0,0
BRDA:100,6,1,0
BRF:14
BRH:0
end_of_record
TN:
SF:src\hooks\admin\use-admin-dashboard.ts
FN:4,useAdminDashboard
FNF:1
FNH:0
FNDA:0,useAdminDashboard
DA:5,0
LF:1
LH:0
BRF:0
BRH:0
end_of_record
TN:
SF:src\hooks\manager\use-manager-dashboard.ts
FN:4,useManagerDashboard
FN:7,(anonymous_1)
FNF:2
FNH:0
FNDA:0,useManagerDashboard
FNDA:0,(anonymous_1)
DA:5,0
DA:7,0
LF:2
LH:0
BRF:0
BRH:0
end_of_record
TN:
SF:src\hooks\manager\use-manager-messages.ts
FN:21,buildConversations
FN:24,(anonymous_1)
FN:60,(anonymous_2)
FN:65,(anonymous_3)
FN:70,(anonymous_4)
FN:76,useManagerMessages
FN:79,(anonymous_6)
FN:84,(anonymous_7)
FN:95,useSendManagerMessage
FN:99,(anonymous_9)
FN:106,(anonymous_10)
FN:114,useMarkManagerMessagesRead
FN:118,(anonymous_12)
FN:119,(anonymous_13)
FN:121,(anonymous_14)
FNF:15
FNH:0
FNDA:0,buildConversations
FNDA:0,(anonymous_1)
FNDA:0,(anonymous_2)
FNDA:0,(anonymous_3)
FNDA:0,(anonymous_4)
FNDA:0,useManagerMessages
FNDA:0,(anonymous_6)
FNDA:0,(anonymous_7)
FNDA:0,useSendManagerMessage
FNDA:0,(anonymous_9)
FNDA:0,(anonymous_10)
FNDA:0,useMarkManagerMessagesRead
FNDA:0,(anonymous_12)
FNDA:0,(anonymous_13)
FNDA:0,(anonymous_14)
DA:22,0
DA:24,0
DA:25,0
DA:26,0
DA:27,0
DA:30,0
DA:32,0
DA:33,0
DA:43,0
DA:46,0
DA:47,0
DA:50,0
DA:51,0
DA:52,0
DA:54,0
DA:55,0
DA:59,0
DA:60,0
DA:66,0
DA:71,0
DA:77,0
DA:79,0
DA:83,0
DA:84,0
DA:88,0
DA:96,0
DA:98,0
DA:100,0
DA:107,0
DA:115,0
DA:117,0
DA:119,0
DA:122,0
LF:33
LH:0
BRDA:26,0,0,0
BRDA:26,0,1,0
BRDA:27,1,0,0
BRDA:27,1,1,0
BRDA:28,2,0,0
BRDA:28,2,1,0
BRDA:29,3,0,0
BRDA:29,3,1,0
BRDA:32,4,0,0
BRDA:32,4,1,0
BRDA:39,5,0,0
BRDA:39,5,1,0
BRDA:40,6,0,0
BRDA:40,6,1,0
BRDA:41,7,0,0
BRDA:41,7,1,0
BRDA:41,8,0,0
BRDA:41,8,1,0
BRDA:47,9,0,0
BRDA:47,9,1,0
BRDA:51,10,0,0
BRDA:51,10,1,0
BRDA:52,11,0,0
BRDA:52,11,1,0
BRDA:54,12,0,0
BRDA:54,12,1,0
BRDA:54,13,0,0
BRDA:54,13,1,0
BRDA:84,14,0,0
BRDA:84,14,1,0
BRDA:84,15,0,0
BRDA:84,15,1,0
BRDA:91,16,0,0
BRDA:91,16,1,0
BRDA:102,17,0,0
BRDA:102,17,1,0
BRF:36
BRH:0
end_of_record
TN:
SF:src\hooks\manager\use-manager-properties.ts
FN:5,useManagerProperties
FN:8,(anonymous_1)
FN:20,useManagerProperty
FN:24,(anonymous_3)
FN:24,(anonymous_4)
FNF:5
FNH:0
FNDA:0,useManagerProperties
FNDA:0,(anonymous_1)
FNDA:0,useManagerProperty
FNDA:0,(anonymous_3)
FNDA:0,(anonymous_4)
DA:6,0
DA:8,0
DA:12,0
DA:14,0
DA:21,0
DA:23,0
DA:24,0
DA:28,0
LF:8
LH:0
BRDA:12,0,0,0
BRDA:12,0,1,0
BRDA:24,1,0,0
BRDA:24,1,1,0
BRF:4
BRH:0
end_of_record
TN:
SF:src\hooks\manager\use-manager-tenancies.ts
FN:5,useManagerTenancies
FN:8,(anonymous_1)
FN:20,useManagerTenancy
FN:24,(anonymous_3)
FN:24,(anonymous_4)
FNF:5
FNH:0
FNDA:0,useManagerTenancies
FNDA:0,(anonymous_1)
FNDA:0,useManagerTenancy
FNDA:0,(anonymous_3)
FNDA:0,(anonymous_4)
DA:6,0
DA:8,0
DA:12,0
DA:14,0
DA:21,0
DA:23,0
DA:24,0
DA:28,0
LF:8
LH:0
BRDA:12,0,0,0
BRDA:12,0,1,0
BRDA:24,1,0,0
BRDA:24,1,1,0
BRF:4
BRH:0
end_of_record
TN:
SF:src\hooks\tenant\use-tenant-dashboard.ts
FN:4,useTenantDashboard
FN:7,(anonymous_1)
FNF:2
FNH:0
FNDA:0,useTenantDashboard
FNDA:0,(anonymous_1)
DA:5,0
DA:7,0
LF:2
LH:0
BRF:0
BRH:0
end_of_record
TN:
SF:src\hooks\tenant\use-tenant-messages.ts
FN:4,useTenantMessages
FN:7,(anonymous_1)
FN:12,useSendTenantMessage
FN:16,(anonymous_3)
FN:23,(anonymous_4)
FN:31,useMarkTenantMessageRead
FN:36,(anonymous_6)
FNF:7
FNH:0
FNDA:0,useTenantMessages
FNDA:0,(anonymous_1)
FNDA:0,useSendTenantMessage
FNDA:0,(anonymous_3)
FNDA:0,(anonymous_4)
FNDA:0,useMarkTenantMessageRead
FNDA:0,(anonymous_6)
DA:5,0
DA:7,0
DA:13,0
DA:15,0
DA:22,0
DA:24,0
DA:32,0
DA:34,0
DA:37,0
LF:9
LH:0
BRF:0
BRH:0
end_of_record
TN:
SF:src\hooks\tenant\use-tenant-payments.ts
FN:8,useTenantPayments
FN:12,(anonymous_1)
FN:16,(anonymous_2)
FN:17,(anonymous_3)
FN:22,(anonymous_4)
FN:25,(anonymous_5)
FN:26,(anonymous_6)
FN:28,(anonymous_7)
FN:35,(anonymous_8)
FNF:9
FNH:0
FNDA:0,useTenantPayments
FNDA:0,(anonymous_1)
FNDA:0,(anonymous_2)
FNDA:0,(anonymous_3)
FNDA:0,(anonymous_4)
FNDA:0,(anonymous_5)
FNDA:0,(anonymous_6)
FNDA:0,(anonymous_7)
FNDA:0,(anonymous_8)
DA:9,0
DA:10,0
DA:12,0
DA:16,0
DA:17,0
DA:18,0
DA:19,0
DA:22,0
DA:25,0
DA:26,0
DA:27,0
DA:28,0
DA:31,0
DA:35,0
DA:39,0
LF:15
LH:0
BRDA:16,0,0,0
BRDA:16,0,1,0
BRDA:18,1,0,0
BRDA:18,1,1,0
BRDA:28,2,0,0
BRDA:28,2,1,0
BRDA:33,3,0,0
BRDA:33,3,1,0
BRDA:42,4,0,0
BRDA:42,4,1,0
BRDA:46,5,0,0
BRDA:46,5,1,0
BRF:12
BRH:0
end_of_record
TN:
SF:src\navigation\AppNavigator.tsx
FN:44,LoadingScreen
FN:55,useTabScreenOptions
FN:97,GuestTabs
FN:107,(anonymous_3)
FN:117,(anonymous_4)
FN:126,TenantTabs
FN:137,(anonymous_6)
FN:147,(anonymous_7)
FN:157,(anonymous_8)
FN:167,(anonymous_9)
FN:177,(anonymous_10)
FN:186,ManagerTabs
FN:196,(anonymous_12)
FN:206,(anonymous_13)
FN:216,(anonymous_14)
FN:226,(anonymous_15)
FN:236,(anonymous_16)
FN:245,AdminTabs
FN:255,(anonymous_18)
FN:265,(anonymous_19)
FN:275,(anonymous_20)
FN:284,RoleTabs
FN:307,AppNavigator
FN:312,(anonymous_23)
FN:316,(anonymous_24)
FN:324,(anonymous_25)
FN:333,(anonymous_26)
FNF:27
FNH:0
FNDA:0,LoadingScreen
FNDA:0,useTabScreenOptions
FNDA:0,GuestTabs
FNDA:0,(anonymous_3)
FNDA:0,(anonymous_4)
FNDA:0,TenantTabs
FNDA:0,(anonymous_6)
FNDA:0,(anonymous_7)
FNDA:0,(anonymous_8)
FNDA:0,(anonymous_9)
FNDA:0,(anonymous_10)
FNDA:0,ManagerTabs
FNDA:0,(anonymous_12)
FNDA:0,(anonymous_13)
FNDA:0,(anonymous_14)
FNDA:0,(anonymous_15)
FNDA:0,(anonymous_16)
FNDA:0,AdminTabs
FNDA:0,(anonymous_18)
FNDA:0,(anonymous_19)
FNDA:0,(anonymous_20)
FNDA:0,RoleTabs
FNDA:0,AppNavigator
FNDA:0,(anonymous_23)
FNDA:0,(anonymous_24)
FNDA:0,(anonymous_25)
FNDA:0,(anonymous_26)
DA:41,0
DA:42,0
DA:45,0
DA:56,0
DA:58,0
DA:98,0
DA:100,0
DA:108,0
DA:118,0
DA:127,0
DA:129,0
DA:138,0
DA:148,0
DA:158,0
DA:168,0
DA:178,0
DA:187,0
DA:189,0
DA:197,0
DA:207,0
DA:217,0
DA:227,0
DA:237,0
DA:246,0
DA:248,0
DA:256,0
DA:266,0
DA:276,0
DA:285,0
DA:286,0
DA:288,0
DA:289,0
DA:292,0
DA:293,0
DA:296,0
DA:297,0
DA:300,0
DA:301,0
DA:304,0
DA:308,0
DA:309,0
DA:310,0
DA:312,0
DA:313,0
DA:315,0
DA:317,0
DA:318,0
DA:321,0
DA:322,0
DA:325,0
DA:326,0
DA:329,0
DA:330,0
DA:333,0
DA:334,0
DA:338,0
DA:339,0
DA:342,0
DA:453,0
LF:59
LH:0
BRDA:286,0,0,0
BRDA:286,0,1,0
BRDA:288,1,0,0
BRDA:288,1,1,0
BRDA:292,2,0,0
BRDA:292,2,1,0
BRDA:296,3,0,0
BRDA:296,3,1,0
BRDA:300,4,0,0
BRDA:300,4,1,0
BRDA:317,5,0,0
BRDA:317,5,1,0
BRDA:325,6,0,0
BRDA:325,6,1,0
BRDA:338,7,0,0
BRDA:338,7,1,0
BRDA:338,8,0,0
BRDA:338,8,1,0
BRDA:345,9,0,0
BRDA:345,9,1,0
BRF:20
BRH:0
end_of_record
TN:
SF:src\navigation\types.ts
FNF:0
FNH:0
LF:0
LH:0
BRF:0
BRH:0
end_of_record
TN:
SF:src\screens\about-screen.tsx
FN:37,AboutScreen
FN:81,(anonymous_1)
FN:92,(anonymous_2)
FNF:3
FNH:0
FNDA:0,AboutScreen
FNDA:0,(anonymous_1)
FNDA:0,(anonymous_2)
DA:7,0
DA:30,0
DA:38,0
DA:82,0
DA:93,0
DA:107,0
LF:6
LH:0
BRF:0
BRH:0
end_of_record
TN:
SF:src\screens\account-screen.tsx
FN:12,AccountScreen
FN:29,(anonymous_1)
FN:30,(anonymous_2)
FN:37,(anonymous_3)
FN:40,(anonymous_4)
FN:43,(anonymous_5)
FN:46,(anonymous_6)
FN:62,(anonymous_7)
FN:66,(anonymous_8)
FN:72,(anonymous_9)
FN:75,(anonymous_10)
FN:84,(anonymous_11)
FN:87,(anonymous_12)
FN:90,(anonymous_13)
FN:93,(anonymous_14)
FN:96,(anonymous_15)
FN:103,(anonymous_16)
FNF:17
FNH:0
FNDA:0,AccountScreen
FNDA:0,(anonymous_1)
FNDA:0,(anonymous_2)
FNDA:0,(anonymous_3)
FNDA:0,(anonymous_4)
FNDA:0,(anonymous_5)
FNDA:0,(anonymous_6)
FNDA:0,(anonymous_7)
FNDA:0,(anonymous_8)
FNDA:0,(anonymous_9)
FNDA:0,(anonymous_10)
FNDA:0,(anonymous_11)
FNDA:0,(anonymous_12)
FNDA:0,(anonymous_13)
FNDA:0,(anonymous_14)
FNDA:0,(anonymous_15)
FNDA:0,(anonymous_16)
DA:13,0
DA:14,0
DA:15,0
DA:17,0
DA:18,0
DA:29,0
DA:30,0
DA:37,0
DA:40,0
DA:43,0
DA:46,0
DA:54,0
DA:62,0
DA:66,0
DA:72,0
DA:75,0
DA:84,0
DA:87,0
DA:90,0
DA:93,0
DA:96,0
DA:104,0
DA:105,0
DA:107,0
DA:122,0
LF:25
LH:0
BRDA:15,0,0,0
BRDA:15,0,1,0
BRDA:15,1,0,0
BRDA:15,1,1,0
BRDA:17,2,0,0
BRDA:17,2,1,0
BRDA:58,3,0,0
BRDA:58,3,1,0
BRDA:61,4,0,0
BRDA:61,4,1,0
BRDA:65,5,0,0
BRDA:65,5,1,0
BRDA:70,6,0,0
BRDA:70,6,1,0
BRDA:109,7,0,0
BRDA:109,7,1,0
BRF:16
BRH:0
end_of_record
TN:
SF:src\screens\admin-dashboard-screen.tsx
FN:30,AdminDashboardScreen
FN:42,(anonymous_1)
FN:48,(anonymous_2)
FN:50,(anonymous_3)
FN:53,(anonymous_4)
FN:54,(anonymous_5)
FN:55,(anonymous_6)
FN:58,(anonymous_7)
FN:62,(anonymous_8)
FN:69,(anonymous_9)
FN:101,(anonymous_10)
FN:115,(anonymous_11)
FN:196,(anonymous_12)
FN:240,(anonymous_13)
FN:253,(anonymous_14)
FN:259,(anonymous_15)
FN:277,(anonymous_16)
FN:290,(anonymous_17)
FN:299,(anonymous_18)
FN:309,(anonymous_19)
FN:315,(anonymous_20)
FN:335,(anonymous_21)
FN:348,(anonymous_22)
FN:365,(anonymous_23)
FN:383,(anonymous_24)
FN:400,(anonymous_25)
FN:408,(anonymous_26)
FNF:27
FNH:0
FNDA:0,AdminDashboardScreen
FNDA:0,(anonymous_1)
FNDA:0,(anonymous_2)
FNDA:0,(anonymous_3)
FNDA:0,(anonymous_4)
FNDA:0,(anonymous_5)
FNDA:0,(anonymous_6)
FNDA:0,(anonymous_7)
FNDA:0,(anonymous_8)
FNDA:0,(anonymous_9)
FNDA:0,(anonymous_10)
FNDA:0,(anonymous_11)
FNDA:0,(anonymous_12)
FNDA:0,(anonymous_13)
FNDA:0,(anonymous_14)
FNDA:0,(anonymous_15)
FNDA:0,(anonymous_16)
FNDA:0,(anonymous_17)
FNDA:0,(anonymous_18)
FNDA:0,(anonymous_19)
FNDA:0,(anonymous_20)
FNDA:0,(anonymous_21)
FNDA:0,(anonymous_22)
FNDA:0,(anonymous_23)
FNDA:0,(anonymous_24)
FNDA:0,(anonymous_25)
FNDA:0,(anonymous_26)
DA:31,0
DA:32,0
DA:33,0
DA:34,0
DA:35,0
DA:36,0
DA:37,0
DA:38,0
DA:40,0
DA:42,0
DA:43,0
DA:44,0
DA:45,0
DA:46,0
DA:47,0
DA:48,0
DA:50,0
DA:53,0
DA:54,0
DA:55,0
DA:58,0
DA:62,0
DA:63,0
DA:65,0
DA:66,0
DA:69,0
DA:70,0
DA:71,0
DA:72,0
DA:73,0
DA:77,0
DA:78,0
DA:88,0
DA:89,0
DA:92,0
DA:93,0
DA:102,0
DA:110,0
DA:116,0
DA:197,0
DA:241,0
DA:247,0
DA:248,0
DA:253,0
DA:260,0
DA:278,0
DA:279,0
DA:280,0
DA:281,0
DA:282,0
DA:291,0
DA:292,0
DA:300,0
DA:301,0
DA:310,0
DA:316,0
DA:317,0
DA:336,0
DA:349,0
DA:350,0
DA:366,0
DA:384,0
DA:386,0
DA:387,0
DA:390,0
DA:401,0
DA:402,0
DA:409,0
DA:410,0
DA:426,0
LF:70
LH:0
BRDA:43,0,0,0
BRDA:43,0,1,0
BRDA:44,1,0,0
BRDA:44,1,1,0
BRDA:45,2,0,0
BRDA:45,2,1,0
BRDA:46,3,0,0
BRDA:46,3,1,0
BRDA:50,4,0,0
BRDA:50,4,1,0
BRDA:65,5,0,0
BRDA:65,5,1,0
BRDA:66,6,0,0
BRDA:66,6,1,0
BRDA:69,7,0,0
BRDA:69,7,1,0
BRDA:70,8,0,0
BRDA:70,8,1,0
BRDA:71,9,0,0
BRDA:71,9,1,0
BRDA:72,10,0,0
BRDA:72,10,1,0
BRDA:73,11,0,0
BRDA:73,11,1,0
BRDA:73,11,2,0
BRDA:77,12,0,0
BRDA:77,12,1,0
BRDA:88,13,0,0
BRDA:88,13,1,0
BRDA:92,14,0,0
BRDA:92,14,1,0
BRDA:97,15,0,0
BRDA:97,15,1,0
BRDA:129,16,0,0
BRDA:129,16,1,0
BRDA:152,17,0,0
BRDA:152,17,1,0
BRDA:184,18,0,0
BRDA:184,18,1,0
BRDA:193,19,0,0
BRDA:193,19,1,0
BRDA:198,20,0,0
BRDA:198,20,1,0
BRDA:199,21,0,0
BRDA:199,21,1,0
BRDA:202,22,0,0
BRDA:202,22,1,0
BRDA:204,23,0,0
BRDA:204,23,1,0
BRDA:209,24,0,0
BRDA:209,24,1,0
BRDA:217,25,0,0
BRDA:217,25,1,0
BRDA:219,26,0,0
BRDA:219,26,1,0
BRDA:259,27,0,0
BRDA:259,27,1,0
BRDA:266,28,0,0
BRDA:266,28,1,0
BRDA:268,29,0,0
BRDA:268,29,1,0
BRDA:288,30,0,0
BRDA:288,30,1,0
BRDA:332,31,0,0
BRDA:332,31,1,0
BRDA:335,32,0,0
BRDA:335,32,1,0
BRDA:343,33,0,0
BRDA:343,33,1,0
BRDA:346,34,0,0
BRDA:346,34,1,0
BRDA:362,35,0,0
BRDA:362,35,1,0
BRDA:365,36,0,0
BRDA:365,36,1,0
BRDA:368,37,0,0
BRDA:368,37,1,0
BRDA:372,38,0,0
BRDA:372,38,1,0
BRDA:374,39,0,0
BRDA:374,39,1,0
BRDA:381,40,0,0
BRDA:381,40,1,0
BRDA:386,41,0,0
BRDA:386,41,1,0
BRDA:397,42,0,0
BRDA:397,42,1,0
BRDA:397,43,0,0
BRDA:397,43,1,0
BRF:89
BRH:0
end_of_record
TN:
SF:src\screens\contact-screen.tsx
FN:35,ContactScreen
FN:45,(anonymous_1)
FN:53,(anonymous_2)
FN:83,(anonymous_3)
FN:92,(anonymous_4)
FN:128,(anonymous_5)
FN:131,(anonymous_6)
FN:152,(anonymous_7)
FN:155,(anonymous_8)
FN:158,(anonymous_9)
FN:165,(anonymous_10)
FN:167,(anonymous_11)
FNF:12
FNH:0
FNDA:0,ContactScreen
FNDA:0,(anonymous_1)
FNDA:0,(anonymous_2)
FNDA:0,(anonymous_3)
FNDA:0,(anonymous_4)
FNDA:0,(anonymous_5)
FNDA:0,(anonymous_6)
FNDA:0,(anonymous_7)
FNDA:0,(anonymous_8)
FNDA:0,(anonymous_9)
FNDA:0,(anonymous_10)
FNDA:0,(anonymous_11)
DA:11,0
DA:33,0
DA:36,0
DA:37,0
DA:38,0
DA:39,0
DA:40,0
DA:41,0
DA:42,0
DA:43,0
DA:45,0
DA:46,0
DA:47,0
DA:48,0
DA:51,0
DA:52,0
DA:53,0
DA:54,0
DA:55,0
DA:56,0
DA:57,0
DA:58,0
DA:59,0
DA:64,0
DA:68,0
DA:83,0
DA:92,0
DA:129,0
DA:131,0
DA:152,0
DA:155,0
DA:158,0
DA:166,0
DA:167,0
DA:178,0
LF:35
LH:0
BRDA:46,0,0,0
BRDA:46,0,1,0
BRDA:46,1,0,0
BRDA:46,1,1,0
BRDA:46,1,2,0
BRDA:46,1,3,0
BRDA:132,2,0,0
BRDA:132,2,1,0
BRDA:146,3,0,0
BRDA:146,3,1,0
BRDA:167,4,0,0
BRDA:167,4,1,0
BRDA:170,5,0,0
BRDA:170,5,1,0
BRF:14
BRH:0
end_of_record
TN:
SF:src\screens\edit-profile-screen.tsx
FN:10,EditProfileScreen
FN:64,(anonymous_1)
FNF:2
FNH:0
FNDA:0,EditProfileScreen
FNDA:0,(anonymous_1)
DA:11,0
DA:12,0
DA:13,0
DA:14,0
DA:16,0
DA:17,0
DA:28,0
DA:32,0
DA:34,0
DA:65,0
DA:66,0
DA:67,0
DA:72,0
DA:73,0
DA:74,0
DA:75,0
DA:77,0
DA:82,0
DA:93,0
LF:19
LH:0
BRDA:16,0,0,0
BRDA:16,0,1,0
BRDA:28,1,0,0
BRDA:28,1,1,0
BRDA:28,1,2,0
BRDA:28,1,3,0
BRDA:30,2,0,0
BRDA:30,2,1,0
BRDA:32,3,0,0
BRDA:32,3,1,0
BRDA:32,3,2,0
BRDA:79,4,0,0
BRDA:79,4,1,0
BRDA:86,5,0,0
BRDA:86,5,1,0
BRF:15
BRH:0
end_of_record
TN:
SF:src\screens\explore-screen.tsx
FN:22,(anonymous_0)
FN:27,(anonymous_1)
FN:32,(anonymous_2)
FN:35,ExploreScreen
FN:48,(anonymous_4)
FN:59,(anonymous_5)
FN:64,(anonymous_6)
FN:72,(anonymous_7)
FN:75,(anonymous_8)
FN:81,(anonymous_9)
FN:83,(anonymous_10)
FN:97,(anonymous_11)
FNF:12
FNH:0
FNDA:0,(anonymous_0)
FNDA:0,(anonymous_1)
FNDA:0,(anonymous_2)
FNDA:0,ExploreScreen
FNDA:0,(anonymous_4)
FNDA:0,(anonymous_5)
FNDA:0,(anonymous_6)
FNDA:0,(anonymous_7)
FNDA:0,(anonymous_8)
FNDA:0,(anonymous_9)
FNDA:0,(anonymous_10)
FNDA:0,(anonymous_11)
DA:20,0
DA:22,0
DA:25,0
DA:27,0
DA:30,0
DA:32,0
DA:36,0
DA:37,0
DA:38,0
DA:39,0
DA:40,0
DA:43,0
DA:47,0
DA:48,0
DA:58,0
DA:59,0
DA:63,0
DA:64,0
DA:65,0
DA:66,0
DA:67,0
DA:68,0
DA:69,0
DA:71,0
DA:73,0
DA:75,0
DA:81,0
DA:82,0
DA:84,0
DA:96,0
DA:98,0
DA:182,0
DA:202,0
LF:33
LH:0
BRDA:63,0,0,0
BRDA:63,0,1,0
BRDA:84,1,0,0
BRDA:84,1,1,0
BRDA:163,2,0,0
BRDA:163,2,1,0
BRDA:166,3,0,0
BRDA:166,3,1,0
BRF:8
BRH:0
end_of_record
TN:
SF:src\screens\login-screen.tsx
FN:11,LoginScreen
FN:16,(anonymous_1)
FN:56,(anonymous_2)
FN:59,(anonymous_3)
FNF:4
FNH:0
FNDA:0,LoginScreen
FNDA:0,(anonymous_1)
FNDA:0,(anonymous_2)
FNDA:0,(anonymous_3)
DA:12,0
DA:13,0
DA:14,0
DA:16,0
DA:17,0
DA:18,0
DA:19,0
DA:20,0
DA:25,0
DA:27,0
DA:31,0
DA:56,0
DA:59,0
DA:67,0
LF:14
LH:0
BRDA:25,0,0,0
BRDA:25,0,1,0
BRDA:56,1,0,0
BRDA:56,1,1,0
BRDA:56,1,2,0
BRDA:57,2,0,0
BRDA:57,2,1,0
BRF:7
BRH:0
end_of_record
TN:
SF:src\screens\manager-conversation-screen.tsx
FN:20,ManagerConversationScreen
FN:29,(anonymous_1)
FN:31,(anonymous_2)
FN:36,(anonymous_3)
FN:42,(anonymous_4)
FN:43,(anonymous_5)
FN:72,(anonymous_6)
FN:97,(anonymous_7)
FN:116,(anonymous_8)
FN:124,(anonymous_9)
FNF:10
FNH:0
FNDA:0,ManagerConversationScreen
FNDA:0,(anonymous_1)
FNDA:0,(anonymous_2)
FNDA:0,(anonymous_3)
FNDA:0,(anonymous_4)
FNDA:0,(anonymous_5)
FNDA:0,(anonymous_6)
FNDA:0,(anonymous_7)
FNDA:0,(anonymous_8)
FNDA:0,(anonymous_9)
DA:23,0
DA:24,0
DA:25,0
DA:26,0
DA:28,0
DA:30,0
DA:31,0
DA:36,0
DA:37,0
DA:38,0
DA:41,0
DA:42,0
DA:43,0
DA:45,0
DA:46,0
DA:50,0
DA:51,0
DA:61,0
DA:62,0
DA:65,0
DA:66,0
DA:73,0
DA:81,0
DA:82,0
DA:92,0
DA:98,0
DA:117,0
DA:125,0
DA:144,0
LF:29
LH:0
BRDA:30,0,0,0
BRDA:30,0,1,0
BRDA:37,1,0,0
BRDA:37,1,1,0
BRDA:37,2,0,0
BRDA:37,2,1,0
BRDA:42,3,0,0
BRDA:42,3,1,0
BRDA:45,4,0,0
BRDA:45,4,1,0
BRDA:50,5,0,0
BRDA:50,5,1,0
BRDA:61,6,0,0
BRDA:61,6,1,0
BRDA:65,7,0,0
BRDA:65,7,1,0
BRDA:70,8,0,0
BRDA:70,8,1,0
BRDA:81,9,0,0
BRDA:81,9,1,0
BRDA:108,10,0,0
BRDA:108,10,1,0
BRDA:133,11,0,0
BRDA:133,11,1,0
BRDA:135,12,0,0
BRDA:135,12,1,0
BRF:26
BRH:0
end_of_record
TN:
SF:src\screens\manager-create-property-screen.tsx
FN:51,ManagerCreatePropertyScreen
FN:86,(anonymous_1)
FN:98,(anonymous_2)
FN:115,(anonymous_3)
FN:124,(anonymous_4)
FN:124,(anonymous_5)
FN:129,(anonymous_6)
FN:129,(anonymous_7)
FN:134,(anonymous_8)
FN:134,(anonymous_9)
FN:139,(anonymous_10)
FN:139,(anonymous_11)
FN:144,(anonymous_12)
FN:144,(anonymous_13)
FN:152,(anonymous_14)
FN:152,(anonymous_15)
FN:153,(anonymous_16)
FN:162,(anonymous_17)
FN:162,(anonymous_18)
FN:163,(anonymous_19)
FN:172,(anonymous_20)
FN:173,(anonymous_21)
FN:180,(anonymous_22)
FN:180,(anonymous_23)
FN:186,(anonymous_24)
FN:186,(anonymous_25)
FN:192,(anonymous_26)
FN:193,(anonymous_27)
FN:200,(anonymous_28)
FN:200,(anonymous_29)
FN:205,(anonymous_30)
FN:206,(anonymous_31)
FN:213,(anonymous_32)
FN:214,(anonymous_33)
FN:221,(anonymous_34)
FN:222,(anonymous_35)
FN:229,(anonymous_36)
FN:232,(anonymous_37)
FN:233,(anonymous_38)
FN:235,(anonymous_39)
FN:248,(anonymous_40)
FN:280,(anonymous_41)
FN:295,(anonymous_42)
FNF:43
FNH:0
FNDA:0,ManagerCreatePropertyScreen
FNDA:0,(anonymous_1)
FNDA:0,(anonymous_2)
FNDA:0,(anonymous_3)
FNDA:0,(anonymous_4)
FNDA:0,(anonymous_5)
FNDA:0,(anonymous_6)
FNDA:0,(anonymous_7)
FNDA:0,(anonymous_8)
FNDA:0,(anonymous_9)
FNDA:0,(anonymous_10)
FNDA:0,(anonymous_11)
FNDA:0,(anonymous_12)
FNDA:0,(anonymous_13)
FNDA:0,(anonymous_14)
FNDA:0,(anonymous_15)
FNDA:0,(anonymous_16)
FNDA:0,(anonymous_17)
FNDA:0,(anonymous_18)
FNDA:0,(anonymous_19)
FNDA:0,(anonymous_20)
FNDA:0,(anonymous_21)
FNDA:0,(anonymous_22)
FNDA:0,(anonymous_23)
FNDA:0,(anonymous_24)
FNDA:0,(anonymous_25)
FNDA:0,(anonymous_26)
FNDA:0,(anonymous_27)
FNDA:0,(anonymous_28)
FNDA:0,(anonymous_29)
FNDA:0,(anonymous_30)
FNDA:0,(anonymous_31)
FNDA:0,(anonymous_32)
FNDA:0,(anonymous_33)
FNDA:0,(anonymous_34)
FNDA:0,(anonymous_35)
FNDA:0,(anonymous_36)
FNDA:0,(anonymous_37)
FNDA:0,(anonymous_38)
FNDA:0,(anonymous_39)
FNDA:0,(anonymous_40)
FNDA:0,(anonymous_41)
FNDA:0,(anonymous_42)
DA:18,0
DA:27,0
DA:33,0
DA:54,0
DA:55,0
DA:56,0
DA:57,0
DA:58,0
DA:62,0
DA:63,0
DA:72,0
DA:87,0
DA:93,0
DA:94,0
DA:97,0
DA:98,0
DA:116,0
DA:124,0
DA:129,0
DA:134,0
DA:139,0
DA:144,0
DA:152,0
DA:153,0
DA:162,0
DA:163,0
DA:173,0
DA:180,0
DA:186,0
DA:193,0
DA:200,0
DA:206,0
DA:214,0
DA:222,0
DA:230,0
DA:233,0
DA:234,0
DA:235,0
DA:249,0
DA:250,0
DA:252,0
DA:256,0
DA:277,0
DA:280,0
DA:284,0
DA:289,0
DA:295,0
DA:303,0
LF:48
LH:0
BRDA:62,0,0,0
BRDA:62,0,1,0
BRDA:93,1,0,0
BRDA:93,1,1,0
BRDA:99,2,0,0
BRDA:99,2,1,0
BRDA:107,3,0,0
BRDA:107,3,1,0
BRDA:109,4,0,0
BRDA:109,4,1,0
BRDA:112,5,0,0
BRDA:112,5,1,0
BRDA:154,6,0,0
BRDA:154,6,1,0
BRDA:164,7,0,0
BRDA:164,7,1,0
BRDA:234,8,0,0
BRDA:234,8,1,0
BRDA:239,9,0,0
BRDA:239,9,1,0
BRDA:252,10,0,0
BRDA:252,10,1,0
BRDA:257,11,0,0
BRDA:257,11,1,0
BRDA:259,12,0,0
BRDA:259,12,1,0
BRDA:262,13,0,0
BRDA:262,13,1,0
BRDA:263,14,0,0
BRDA:263,14,1,0
BRDA:267,15,0,0
BRDA:267,15,1,0
BRDA:269,16,0,0
BRDA:269,16,1,0
BRDA:286,17,0,0
BRDA:286,17,1,0
BRDA:293,18,0,0
BRDA:293,18,1,0
BRF:38
BRH:0
end_of_record
TN:
SF:src\screens\manager-create-tenancy-screen.tsx
FN:17,ManagerCreateTenancyScreen
FN:33,(anonymous_1)
FN:60,(anonymous_2)
FN:63,(anonymous_3)
FN:64,(anonymous_4)
FN:86,(anonymous_5)
FN:87,(anonymous_6)
FN:94,(anonymous_7)
FN:95,(anonymous_8)
FN:101,(anonymous_9)
FN:102,(anonymous_10)
FN:108,(anonymous_11)
FN:109,(anonymous_12)
FN:116,(anonymous_13)
FN:117,(anonymous_14)
FN:122,(anonymous_15)
FN:122,(anonymous_16)
FN:123,(anonymous_17)
FN:132,(anonymous_18)
FN:136,(anonymous_19)
FN:158,(anonymous_20)
FN:173,(anonymous_21)
FNF:22
FNH:0
FNDA:0,ManagerCreateTenancyScreen
FNDA:0,(anonymous_1)
FNDA:0,(anonymous_2)
FNDA:0,(anonymous_3)
FNDA:0,(anonymous_4)
FNDA:0,(anonymous_5)
FNDA:0,(anonymous_6)
FNDA:0,(anonymous_7)
FNDA:0,(anonymous_8)
FNDA:0,(anonymous_9)
FNDA:0,(anonymous_10)
FNDA:0,(anonymous_11)
FNDA:0,(anonymous_12)
FNDA:0,(anonymous_13)
FNDA:0,(anonymous_14)
FNDA:0,(anonymous_15)
FNDA:0,(anonymous_16)
FNDA:0,(anonymous_17)
FNDA:0,(anonymous_18)
FNDA:0,(anonymous_19)
FNDA:0,(anonymous_20)
FNDA:0,(anonymous_21)
DA:20,0
DA:21,0
DA:22,0
DA:23,0
DA:32,0
DA:33,0
DA:37,0
DA:38,0
DA:47,0
DA:61,0
DA:64,0
DA:87,0
DA:95,0
DA:102,0
DA:109,0
DA:117,0
DA:122,0
DA:123,0
DA:133,0
DA:134,0
DA:135,0
DA:136,0
DA:139,0
DA:155,0
DA:158,0
DA:162,0
DA:167,0
DA:173,0
DA:181,0
LF:29
LH:0
BRDA:33,0,0,0
BRDA:33,0,1,0
BRDA:37,1,0,0
BRDA:37,1,1,0
BRDA:56,2,0,0
BRDA:56,2,1,0
BRDA:67,3,0,0
BRDA:67,3,1,0
BRDA:71,4,0,0
BRDA:71,4,1,0
BRDA:140,5,0,0
BRDA:140,5,1,0
BRDA:140,5,2,0
BRDA:164,6,0,0
BRDA:164,6,1,0
BRDA:171,7,0,0
BRDA:171,7,1,0
BRF:17
BRH:0
end_of_record
TN:
SF:src\screens\manager-dashboard-screen.tsx
FN:52,ManagerDashboardScreen
FN:75,(anonymous_1)
FN:82,(anonymous_2)
FN:89,(anonymous_3)
FN:90,(anonymous_4)
FN:92,(anonymous_5)
FN:93,(anonymous_6)
FN:94,(anonymous_7)
FN:95,(anonymous_8)
FN:124,(anonymous_9)
FN:133,(anonymous_10)
FN:145,(anonymous_11)
FN:203,(anonymous_12)
FN:206,(anonymous_13)
FN:217,(anonymous_14)
FN:221,(anonymous_15)
FN:246,(anonymous_16)
FN:247,(anonymous_17)
FN:253,(anonymous_18)
FN:254,(anonymous_19)
FN:260,(anonymous_20)
FN:261,(anonymous_21)
FN:267,(anonymous_22)
FN:268,(anonymous_23)
FN:274,(anonymous_24)
FN:275,(anonymous_25)
FN:280,(anonymous_26)
FN:281,(anonymous_27)
FN:283,(anonymous_28)
FN:290,(anonymous_29)
FN:291,(anonymous_30)
FN:293,(anonymous_31)
FN:302,(anonymous_32)
FN:303,(anonymous_33)
FN:310,(anonymous_34)
FN:311,(anonymous_35)
FN:318,(anonymous_36)
FN:319,(anonymous_37)
FN:326,(anonymous_38)
FN:327,(anonymous_39)
FN:334,(anonymous_40)
FN:335,(anonymous_41)
FN:341,(anonymous_42)
FN:342,(anonymous_43)
FN:349,(anonymous_44)
FN:350,(anonymous_45)
FN:357,(anonymous_46)
FN:358,(anonymous_47)
FN:365,(anonymous_48)
FN:368,(anonymous_49)
FN:369,(anonymous_50)
FN:371,(anonymous_51)
FN:384,(anonymous_52)
FN:438,(anonymous_53)
FN:439,(anonymous_54)
FN:446,(anonymous_55)
FN:447,(anonymous_56)
FN:453,(anonymous_57)
FN:454,(anonymous_58)
FN:461,(anonymous_59)
FN:461,(anonymous_60)
FN:467,(anonymous_61)
FN:467,(anonymous_62)
FN:473,(anonymous_63)
FN:474,(anonymous_64)
FN:481,(anonymous_65)
FN:481,(anonymous_66)
FN:487,(anonymous_67)
FN:488,(anonymous_68)
FN:494,(anonymous_69)
FN:532,(anonymous_70)
FN:534,(anonymous_71)
FN:538,(anonymous_72)
FN:565,(anonymous_73)
FN:571,(anonymous_74)
FN:591,(anonymous_75)
FN:596,(anonymous_76)
FN:617,(anonymous_77)
FN:653,(anonymous_78)
FN:664,(anonymous_79)
FN:681,(anonymous_80)
FN:696,(anonymous_81)
FNF:82
FNH:0
FNDA:0,ManagerDashboardScreen
FNDA:0,(anonymous_1)
FNDA:0,(anonymous_2)
FNDA:0,(anonymous_3)
FNDA:0,(anonymous_4)
FNDA:0,(anonymous_5)
FNDA:0,(anonymous_6)
FNDA:0,(anonymous_7)
FNDA:0,(anonymous_8)
FNDA:0,(anonymous_9)
FNDA:0,(anonymous_10)
FNDA:0,(anonymous_11)
FNDA:0,(anonymous_12)
FNDA:0,(anonymous_13)
FNDA:0,(anonymous_14)
FNDA:0,(anonymous_15)
FNDA:0,(anonymous_16)
FNDA:0,(anonymous_17)
FNDA:0,(anonymous_18)
FNDA:0,(anonymous_19)
FNDA:0,(anonymous_20)
FNDA:0,(anonymous_21)
FNDA:0,(anonymous_22)
FNDA:0,(anonymous_23)
FNDA:0,(anonymous_24)
FNDA:0,(anonymous_25)
FNDA:0,(anonymous_26)
FNDA:0,(anonymous_27)
FNDA:0,(anonymous_28)
FNDA:0,(anonymous_29)
FNDA:0,(anonymous_30)
FNDA:0,(anonymous_31)
FNDA:0,(anonymous_32)
FNDA:0,(anonymous_33)
FNDA:0,(anonymous_34)
FNDA:0,(anonymous_35)
FNDA:0,(anonymous_36)
FNDA:0,(anonymous_37)
FNDA:0,(anonymous_38)
FNDA:0,(anonymous_39)
FNDA:0,(anonymous_40)
FNDA:0,(anonymous_41)
FNDA:0,(anonymous_42)
FNDA:0,(anonymous_43)
FNDA:0,(anonymous_44)
FNDA:0,(anonymous_45)
FNDA:0,(anonymous_46)
FNDA:0,(anonymous_47)
FNDA:0,(anonymous_48)
FNDA:0,(anonymous_49)
FNDA:0,(anonymous_50)
FNDA:0,(anonymous_51)
FNDA:0,(anonymous_52)
FNDA:0,(anonymous_53)
FNDA:0,(anonymous_54)
FNDA:0,(anonymous_55)
FNDA:0,(anonymous_56)
FNDA:0,(anonymous_57)
FNDA:0,(anonymous_58)
FNDA:0,(anonymous_59)
FNDA:0,(anonymous_60)
FNDA:0,(anonymous_61)
FNDA:0,(anonymous_62)
FNDA:0,(anonymous_63)
FNDA:0,(anonymous_64)
FNDA:0,(anonymous_65)
FNDA:0,(anonymous_66)
FNDA:0,(anonymous_67)
FNDA:0,(anonymous_68)
FNDA:0,(anonymous_69)
FNDA:0,(anonymous_70)
FNDA:0,(anonymous_71)
FNDA:0,(anonymous_72)
FNDA:0,(anonymous_73)
FNDA:0,(anonymous_74)
FNDA:0,(anonymous_75)
FNDA:0,(anonymous_76)
FNDA:0,(anonymous_77)
FNDA:0,(anonymous_78)
FNDA:0,(anonymous_79)
FNDA:0,(anonymous_80)
FNDA:0,(anonymous_81)
DA:34,0
DA:53,0
DA:54,0
DA:55,0
DA:56,0
DA:57,0
DA:58,0
DA:59,0
DA:69,0
DA:70,0
DA:71,0
DA:72,0
DA:74,0
DA:76,0
DA:77,0
DA:82,0
DA:83,0
DA:84,0
DA:85,0
DA:86,0
DA:88,0
DA:89,0
DA:90,0
DA:92,0
DA:93,0
DA:94,0
DA:95,0
DA:100,0
DA:101,0
DA:111,0
DA:112,0
DA:115,0
DA:116,0
DA:125,0
DA:133,0
DA:134,0
DA:135,0
DA:136,0
DA:137,0
DA:140,0
DA:146,0
DA:203,0
DA:206,0
DA:217,0
DA:222,0
DA:247,0
DA:254,0
DA:261,0
DA:268,0
DA:275,0
DA:281,0
DA:283,0
DA:291,0
DA:293,0
DA:303,0
DA:311,0
DA:319,0
DA:327,0
DA:335,0
DA:342,0
DA:350,0
DA:358,0
DA:366,0
DA:369,0
DA:370,0
DA:371,0
DA:385,0
DA:386,0
DA:387,0
DA:408,0
DA:409,0
DA:412,0
DA:414,0
DA:415,0
DA:417,0
DA:422,0
DA:439,0
DA:447,0
DA:454,0
DA:461,0
DA:467,0
DA:474,0
DA:481,0
DA:488,0
DA:495,0
DA:496,0
DA:497,0
DA:507,0
DA:517,0
DA:519,0
DA:524,0
DA:533,0
DA:539,0
DA:540,0
DA:557,0
DA:558,0
DA:566,0
DA:572,0
DA:573,0
DA:591,0
DA:597,0
DA:618,0
DA:619,0
DA:620,0
DA:621,0
DA:626,0
DA:631,0
DA:654,0
DA:665,0
DA:667,0
DA:668,0
DA:671,0
DA:682,0
DA:683,0
DA:684,0
DA:686,0
DA:697,0
DA:698,0
DA:699,0
DA:701,0
DA:722,0
LF:121
LH:0
BRDA:76,0,0,0
BRDA:76,0,1,0
BRDA:83,1,0,0
BRDA:83,1,1,0
BRDA:84,2,0,0
BRDA:84,2,1,0
BRDA:85,3,0,0
BRDA:85,3,1,0
BRDA:86,4,0,0
BRDA:86,4,1,0
BRDA:95,5,0,0
BRDA:95,5,1,0
BRDA:100,6,0,0
BRDA:100,6,1,0
BRDA:111,7,0,0
BRDA:111,7,1,0
BRDA:115,8,0,0
BRDA:115,8,1,0
BRDA:120,9,0,0
BRDA:120,9,1,0
BRDA:155,10,0,0
BRDA:155,10,1,0
BRDA:170,11,0,0
BRDA:170,11,1,0
BRDA:214,12,0,0
BRDA:214,12,1,0
BRDA:227,13,0,0
BRDA:227,13,1,0
BRDA:239,14,0,0
BRDA:239,14,1,0
BRDA:242,15,0,0
BRDA:242,15,1,0
BRDA:370,16,0,0
BRDA:370,16,1,0
BRDA:375,17,0,0
BRDA:375,17,1,0
BRDA:388,18,0,0
BRDA:388,18,1,0
BRDA:390,19,0,0
BRDA:390,19,1,0
BRDA:393,20,0,0
BRDA:393,20,1,0
BRDA:394,21,0,0
BRDA:394,21,1,0
BRDA:396,22,0,0
BRDA:396,22,1,0
BRDA:398,23,0,0
BRDA:398,23,1,0
BRDA:400,24,0,0
BRDA:400,24,1,0
BRDA:408,25,0,0
BRDA:408,25,1,0
BRDA:419,26,0,0
BRDA:419,26,1,0
BRDA:426,27,0,0
BRDA:426,27,1,0
BRDA:493,28,0,0
BRDA:493,28,1,0
BRDA:493,28,2,0
BRDA:500,29,0,0
BRDA:500,29,1,0
BRDA:521,30,0,0
BRDA:521,30,1,0
BRDA:532,31,0,0
BRDA:532,31,1,0
BRDA:541,32,0,0
BRDA:541,32,1,0
BRDA:542,33,0,0
BRDA:542,33,1,0
BRDA:545,34,0,0
BRDA:545,34,1,0
BRDA:546,35,0,0
BRDA:546,35,1,0
BRDA:549,36,0,0
BRDA:549,36,1,0
BRDA:550,37,0,0
BRDA:550,37,1,0
BRDA:557,38,0,0
BRDA:557,38,1,0
BRDA:588,39,0,0
BRDA:588,39,1,0
BRDA:596,40,0,0
BRDA:596,40,1,0
BRDA:598,41,0,0
BRDA:598,41,1,0
BRDA:600,42,0,0
BRDA:600,42,1,0
BRDA:603,43,0,0
BRDA:603,43,1,0
BRDA:610,44,0,0
BRDA:610,44,1,0
BRDA:613,45,0,0
BRDA:613,45,1,0
BRDA:616,46,0,0
BRDA:616,46,1,0
BRDA:620,47,0,0
BRDA:620,47,1,0
BRDA:620,47,2,0
BRDA:623,48,0,0
BRDA:623,48,1,0
BRDA:628,49,0,0
BRDA:628,49,1,0
BRDA:645,50,0,0
BRDA:645,50,1,0
BRDA:647,51,0,0
BRDA:647,51,1,0
BRDA:647,52,0,0
BRDA:647,52,1,0
BRDA:653,53,0,0
BRDA:653,53,1,0
BRDA:655,54,0,0
BRDA:655,54,1,0
BRDA:657,55,0,0
BRDA:657,55,1,0
BRDA:661,56,0,0
BRDA:661,56,1,0
BRDA:662,57,0,0
BRDA:662,57,1,0
BRDA:667,58,0,0
BRDA:667,58,1,0
BRDA:678,59,0,0
BRDA:678,59,1,0
BRDA:678,60,0,0
BRDA:678,60,1,0
BRDA:688,61,0,0
BRDA:688,61,1,0
BRDA:703,62,0,0
BRDA:703,62,1,0
BRF:128
BRH:0
end_of_record
TN:
SF:src\screens\manager-messages-screen.tsx
FN:17,ManagerMessagesScreen
FN:44,(anonymous_1)
FN:58,(anonymous_2)
FN:80,(anonymous_3)
FN:105,(anonymous_4)
FNF:5
FNH:0
FNDA:0,ManagerMessagesScreen
FNDA:0,(anonymous_1)
FNDA:0,(anonymous_2)
FNDA:0,(anonymous_3)
FNDA:0,(anonymous_4)
DA:18,0
DA:19,0
DA:20,0
DA:22,0
DA:23,0
DA:33,0
DA:34,0
DA:37,0
DA:38,0
DA:45,0
DA:53,0
DA:59,0
DA:81,0
DA:106,0
DA:121,0
LF:15
LH:0
BRDA:22,0,0,0
BRDA:22,0,1,0
BRDA:33,1,0,0
BRDA:33,1,1,0
BRDA:37,2,0,0
BRDA:37,2,1,0
BRDA:42,3,0,0
BRDA:42,3,1,0
BRDA:72,4,0,0
BRDA:72,4,1,0
BRDA:83,5,0,0
BRDA:83,5,1,0
BRDA:88,6,0,0
BRDA:88,6,1,0
BRDA:92,7,0,0
BRDA:92,7,1,0
BRF:16
BRH:0
end_of_record
TN:
SF:src\screens\manager-properties-screen.tsx
FN:17,ManagerPropertiesScreen
FN:46,(anonymous_1)
FN:60,(anonymous_2)
FN:79,(anonymous_3)
FN:90,(anonymous_4)
FN:94,(anonymous_5)
FNF:6
FNH:0
FNDA:0,ManagerPropertiesScreen
FNDA:0,(anonymous_1)
FNDA:0,(anonymous_2)
FNDA:0,(anonymous_3)
FNDA:0,(anonymous_4)
FNDA:0,(anonymous_5)
DA:18,0
DA:19,0
DA:20,0
DA:22,0
DA:23,0
DA:33,0
DA:34,0
DA:37,0
DA:38,0
DA:47,0
DA:55,0
DA:61,0
DA:79,0
DA:91,0
DA:95,0
DA:108,0
LF:16
LH:0
BRDA:22,0,0,0
BRDA:22,0,1,0
BRDA:33,1,0,0
BRDA:33,1,1,0
BRDA:37,2,0,0
BRDA:37,2,1,0
BRDA:42,3,0,0
BRDA:42,3,1,0
BRDA:77,4,0,0
BRDA:77,4,1,0
BRDA:84,5,0,0
BRDA:84,5,1,0
BRF:12
BRH:0
end_of_record
TN:
SF:src\screens\manager-property-details-screen.tsx
FN:17,ManagerPropertyDetailsScreen
FN:46,(anonymous_1)
FN:96,(anonymous_2)
FN:102,(anonymous_3)
FN:117,(anonymous_4)
FN:123,(anonymous_5)
FNF:6
FNH:0
FNDA:0,ManagerPropertyDetailsScreen
FNDA:0,(anonymous_1)
FNDA:0,(anonymous_2)
FNDA:0,(anonymous_3)
FNDA:0,(anonymous_4)
FNDA:0,(anonymous_5)
DA:21,0
DA:22,0
DA:24,0
DA:25,0
DA:35,0
DA:36,0
DA:39,0
DA:40,0
DA:47,0
DA:55,0
DA:57,0
DA:58,0
DA:68,0
DA:96,0
DA:102,0
DA:118,0
DA:124,0
DA:125,0
DA:139,0
LF:19
LH:0
BRDA:24,0,0,0
BRDA:24,0,1,0
BRDA:35,1,0,0
BRDA:35,1,1,0
BRDA:39,2,0,0
BRDA:39,2,1,0
BRDA:44,3,0,0
BRDA:44,3,1,0
BRDA:57,4,0,0
BRDA:57,4,1,0
BRDA:87,5,0,0
BRDA:87,5,1,0
BRDA:92,6,0,0
BRDA:92,6,1,0
BRDA:93,7,0,0
BRDA:93,7,1,0
BRDA:95,8,0,0
BRDA:95,8,1,0
BRDA:100,9,0,0
BRDA:100,9,1,0
BRF:20
BRH:0
end_of_record
TN:
SF:src\screens\manager-tenancies-screen.tsx
FN:17,ManagerTenanciesScreen
FN:46,(anonymous_1)
FN:60,(anonymous_2)
FN:79,(anonymous_3)
FN:88,(anonymous_4)
FN:97,(anonymous_5)
FNF:6
FNH:0
FNDA:0,ManagerTenanciesScreen
FNDA:0,(anonymous_1)
FNDA:0,(anonymous_2)
FNDA:0,(anonymous_3)
FNDA:0,(anonymous_4)
FNDA:0,(anonymous_5)
DA:18,0
DA:19,0
DA:20,0
DA:22,0
DA:23,0
DA:33,0
DA:34,0
DA:37,0
DA:38,0
DA:47,0
DA:55,0
DA:61,0
DA:79,0
DA:89,0
DA:98,0
DA:113,0
LF:16
LH:0
BRDA:22,0,0,0
BRDA:22,0,1,0
BRDA:33,1,0,0
BRDA:33,1,1,0
BRDA:37,2,0,0
BRDA:37,2,1,0
BRDA:42,3,0,0
BRDA:42,3,1,0
BRDA:77,4,0,0
BRDA:77,4,1,0
BRDA:82,5,0,0
BRDA:82,5,1,0
BRDA:90,6,0,0
BRDA:90,6,1,0
BRDA:91,7,0,0
BRDA:91,7,1,0
BRF:16
BRH:0
end_of_record
TN:
SF:src\screens\manager-tenancy-details-screen.tsx
FN:17,ManagerTenancyDetailsScreen
FN:46,(anonymous_1)
FN:90,(anonymous_2)
FN:109,(anonymous_3)
FNF:4
FNH:0
FNDA:0,ManagerTenancyDetailsScreen
FNDA:0,(anonymous_1)
FNDA:0,(anonymous_2)
FNDA:0,(anonymous_3)
DA:20,0
DA:21,0
DA:22,0
DA:24,0
DA:25,0
DA:35,0
DA:36,0
DA:39,0
DA:40,0
DA:47,0
DA:55,0
DA:57,0
DA:58,0
DA:68,0
DA:91,0
DA:92,0
DA:93,0
DA:94,0
DA:96,0
DA:101,0
DA:109,0
DA:121,0
LF:22
LH:0
BRDA:24,0,0,0
BRDA:24,0,1,0
BRDA:35,1,0,0
BRDA:35,1,1,0
BRDA:39,2,0,0
BRDA:39,2,1,0
BRDA:44,3,0,0
BRDA:44,3,1,0
BRDA:57,4,0,0
BRDA:57,4,1,0
BRDA:72,5,0,0
BRDA:72,5,1,0
BRDA:73,6,0,0
BRDA:73,6,1,0
BRDA:78,7,0,0
BRDA:78,7,1,0
BRDA:79,8,0,0
BRDA:79,8,1,0
BRDA:89,9,0,0
BRDA:89,9,1,0
BRDA:93,10,0,0
BRDA:93,10,1,0
BRDA:93,10,2,0
BRDA:98,11,0,0
BRDA:98,11,1,0
BRDA:105,12,0,0
BRDA:105,12,1,0
BRDA:107,13,0,0
BRDA:107,13,1,0
BRF:29
BRH:0
end_of_record
TN:
SF:src\screens\onboarding-screen.tsx
FN:32,OnboardingScreen
FN:40,(anonymous_1)
FN:41,(anonymous_2)
FN:43,(anonymous_3)
FN:78,(anonymous_4)
FN:88,(anonymous_5)
FN:91,(anonymous_6)
FN:94,(anonymous_7)
FN:102,(anonymous_8)
FN:102,(anonymous_9)
FN:103,(anonymous_10)
FNF:11
FNH:0
FNDA:0,OnboardingScreen
FNDA:0,(anonymous_1)
FNDA:0,(anonymous_2)
FNDA:0,(anonymous_3)
FNDA:0,(anonymous_4)
FNDA:0,(anonymous_5)
FNDA:0,(anonymous_6)
FNDA:0,(anonymous_7)
FNDA:0,(anonymous_8)
FNDA:0,(anonymous_9)
FNDA:0,(anonymous_10)
DA:11,0
DA:35,0
DA:36,0
DA:37,0
DA:38,0
DA:40,0
DA:41,0
DA:43,0
DA:44,0
DA:46,0
DA:47,0
DA:51,0
DA:54,0
DA:60,0
DA:79,0
DA:88,0
DA:91,0
DA:94,0
DA:102,0
DA:103,0
DA:114,0
LF:21
LH:0
BRDA:46,0,0,0
BRDA:46,0,1,0
BRDA:81,1,0,0
BRDA:81,1,1,0
BRDA:86,2,0,0
BRDA:86,2,1,0
BRDA:89,3,0,0
BRDA:89,3,1,0
BRF:8
BRH:0
end_of_record
TN:
SF:src\screens\privacy-screen.tsx
FN:59,PrivacyScreen
FN:74,(anonymous_1)
FNF:2
FNH:0
FNDA:0,PrivacyScreen
FNDA:0,(anonymous_1)
DA:6,0
DA:60,0
DA:75,0
DA:84,0
LF:4
LH:0
BRF:0
BRH:0
end_of_record
TN:
SF:src\screens\property-details-screen.tsx
FN:27,PropertyDetailsScreen
FN:35,(anonymous_1)
FN:42,(anonymous_2)
FN:77,(anonymous_3)
FN:123,(anonymous_4)
FN:135,(anonymous_5)
FN:152,(anonymous_6)
FN:158,(anonymous_7)
FN:165,(anonymous_8)
FN:179,(anonymous_9)
FN:198,(anonymous_10)
FN:199,(anonymous_11)
FN:216,(anonymous_12)
FNF:13
FNH:0
FNDA:0,PropertyDetailsScreen
FNDA:0,(anonymous_1)
FNDA:0,(anonymous_2)
FNDA:0,(anonymous_3)
FNDA:0,(anonymous_4)
FNDA:0,(anonymous_5)
FNDA:0,(anonymous_6)
FNDA:0,(anonymous_7)
FNDA:0,(anonymous_8)
FNDA:0,(anonymous_9)
FNDA:0,(anonymous_10)
FNDA:0,(anonymous_11)
FNDA:0,(anonymous_12)
DA:21,0
DA:28,0
DA:29,0
DA:30,0
DA:31,0
DA:32,0
DA:34,0
DA:35,0
DA:39,0
DA:40,0
DA:42,0
DA:44,0
DA:45,0
DA:54,0
DA:55,0
DA:65,0
DA:69,0
DA:78,0
DA:124,0
DA:136,0
DA:152,0
DA:158,0
DA:166,0
DA:180,0
DA:198,0
DA:199,0
DA:217,0
DA:218,0
DA:219,0
DA:225,0
DA:226,0
DA:231,0
DA:236,0
DA:258,0
LF:34
LH:0
BRDA:39,0,0,0
BRDA:39,0,1,0
BRDA:40,1,0,0
BRDA:40,1,1,0
BRDA:42,2,0,0
BRDA:42,2,1,0
BRDA:44,3,0,0
BRDA:44,3,1,0
BRDA:54,4,0,0
BRDA:54,4,1,0
BRDA:77,5,0,0
BRDA:77,5,1,0
BRDA:78,6,0,0
BRDA:78,6,1,0
BRDA:89,7,0,0
BRDA:89,7,1,0
BRDA:90,8,0,0
BRDA:90,8,1,0
BRDA:94,9,0,0
BRDA:94,9,1,0
BRDA:112,10,0,0
BRDA:112,10,1,0
BRDA:119,11,0,0
BRDA:119,11,1,0
BRDA:132,12,0,0
BRDA:132,12,1,0
BRDA:151,13,0,0
BRDA:151,13,1,0
BRDA:156,14,0,0
BRDA:156,14,1,0
BRDA:193,15,0,0
BRDA:193,15,1,0
BRDA:203,16,0,0
BRDA:203,16,1,0
BRDA:215,17,0,0
BRDA:215,17,1,0
BRDA:233,18,0,0
BRDA:233,18,1,0
BRDA:240,19,0,0
BRDA:240,19,1,0
BRDA:249,20,0,0
BRDA:249,20,1,0
BRF:42
BRH:0
end_of_record
TN:
SF:src\screens\register-screen.tsx
FN:14,RegisterScreen
FN:89,(anonymous_1)
FN:125,(anonymous_2)
FNF:3
FNH:0
FNDA:0,RegisterScreen
FNDA:0,(anonymous_1)
FNDA:0,(anonymous_2)
DA:15,0
DA:16,0
DA:17,0
DA:18,0
DA:19,0
DA:20,0
DA:21,0
DA:23,0
DA:90,0
DA:91,0
DA:92,0
DA:95,0
DA:96,0
DA:100,0
DA:103,0
DA:104,0
DA:105,0
DA:112,0
DA:114,0
DA:119,0
DA:125,0
DA:133,0
LF:22
LH:0
BRDA:43,0,0,0
BRDA:43,0,1,0
BRDA:90,1,0,0
BRDA:90,1,1,0
BRDA:95,2,0,0
BRDA:95,2,1,0
BRDA:116,3,0,0
BRDA:116,3,1,0
BRDA:123,4,0,0
BRDA:123,4,1,0
BRF:10
BRH:0
end_of_record
TN:
SF:src\screens\role-unavailable-screen.tsx
FN:9,RoleUnavailableScreen
FN:27,(anonymous_1)
FNF:2
FNH:0
FNDA:0,RoleUnavailableScreen
FNDA:0,(anonymous_1)
DA:10,0
DA:12,0
DA:27,0
DA:35,0
LF:4
LH:0
BRDA:21,0,0,0
BRDA:21,0,1,0
BRF:2
BRH:0
end_of_record
TN:
SF:src\screens\tenant-dashboard-screen.tsx
FN:51,TenantDashboardScreen
FN:61,(anonymous_1)
FN:61,(anonymous_2)
FN:66,(anonymous_3)
FN:67,(anonymous_4)
FN:72,(anonymous_5)
FN:112,(anonymous_6)
FN:140,(anonymous_7)
FN:149,(anonymous_8)
FN:197,(anonymous_9)
FN:262,(anonymous_10)
FN:278,(anonymous_11)
FN:284,(anonymous_12)
FN:329,(anonymous_13)
FN:341,(anonymous_14)
FN:366,(anonymous_15)
FN:371,(anonymous_16)
FN:408,(anonymous_17)
FN:429,(anonymous_18)
FN:441,(anonymous_19)
FN:451,(anonymous_20)
FN:483,(anonymous_21)
FN:496,(anonymous_22)
FN:522,(anonymous_23)
FN:526,(anonymous_24)
FN:527,(anonymous_25)
FN:540,(anonymous_26)
FN:547,(anonymous_27)
FNF:28
FNH:0
FNDA:0,TenantDashboardScreen
FNDA:0,(anonymous_1)
FNDA:0,(anonymous_2)
FNDA:0,(anonymous_3)
FNDA:0,(anonymous_4)
FNDA:0,(anonymous_5)
FNDA:0,(anonymous_6)
FNDA:0,(anonymous_7)
FNDA:0,(anonymous_8)
FNDA:0,(anonymous_9)
FNDA:0,(anonymous_10)
FNDA:0,(anonymous_11)
FNDA:0,(anonymous_12)
FNDA:0,(anonymous_13)
FNDA:0,(anonymous_14)
FNDA:0,(anonymous_15)
FNDA:0,(anonymous_16)
FNDA:0,(anonymous_17)
FNDA:0,(anonymous_18)
FNDA:0,(anonymous_19)
FNDA:0,(anonymous_20)
FNDA:0,(anonymous_21)
FNDA:0,(anonymous_22)
FNDA:0,(anonymous_23)
FNDA:0,(anonymous_24)
FNDA:0,(anonymous_25)
FNDA:0,(anonymous_26)
FNDA:0,(anonymous_27)
DA:38,0
DA:52,0
DA:53,0
DA:54,0
DA:55,0
DA:56,0
DA:57,0
DA:58,0
DA:60,0
DA:61,0
DA:64,0
DA:65,0
DA:66,0
DA:67,0
DA:68,0
DA:71,0
DA:72,0
DA:74,0
DA:75,0
DA:77,0
DA:112,0
DA:113,0
DA:116,0
DA:117,0
DA:127,0
DA:128,0
DA:131,0
DA:132,0
DA:141,0
DA:149,0
DA:150,0
DA:151,0
DA:152,0
DA:155,0
DA:156,0
DA:157,0
DA:163,0
DA:164,0
DA:167,0
DA:168,0
DA:174,0
DA:187,0
DA:188,0
DA:189,0
DA:191,0
DA:193,0
DA:197,0
DA:198,0
DA:199,0
DA:200,0
DA:203,0
DA:204,0
DA:205,0
DA:206,0
DA:216,0
DA:217,0
DA:229,0
DA:230,0
DA:232,0
DA:238,0
DA:240,0
DA:245,0
DA:257,0
DA:263,0
DA:278,0
DA:284,0
DA:329,0
DA:342,0
DA:366,0
DA:371,0
DA:409,0
DA:429,0
DA:441,0
DA:452,0
DA:483,0
DA:497,0
DA:522,0
DA:526,0
DA:541,0
DA:542,0
DA:547,0
DA:558,0
LF:82
LH:0
BRDA:61,0,0,0
BRDA:61,0,1,0
BRDA:64,1,0,0
BRDA:64,1,1,0
BRDA:65,2,0,0
BRDA:65,2,1,0
BRDA:68,3,0,0
BRDA:68,3,1,0
BRDA:72,4,0,0
BRDA:72,4,1,0
BRDA:74,5,0,0
BRDA:74,5,1,0
BRDA:75,6,0,0
BRDA:75,6,1,0
BRDA:75,6,2,0
BRDA:79,7,0,0
BRDA:79,7,1,0
BRDA:83,8,0,0
BRDA:83,8,1,0
BRDA:84,9,0,0
BRDA:84,9,1,0
BRDA:87,10,0,0
BRDA:87,10,1,0
BRDA:91,11,0,0
BRDA:91,11,1,0
BRDA:91,12,0,0
BRDA:91,12,1,0
BRDA:92,13,0,0
BRDA:92,13,1,0
BRDA:92,14,0,0
BRDA:92,14,1,0
BRDA:107,15,0,0
BRDA:107,15,1,0
BRDA:116,16,0,0
BRDA:116,16,1,0
BRDA:127,17,0,0
BRDA:127,17,1,0
BRDA:131,18,0,0
BRDA:131,18,1,0
BRDA:136,19,0,0
BRDA:136,19,1,0
BRDA:150,20,0,0
BRDA:150,20,1,0
BRDA:163,21,0,0
BRDA:163,21,1,0
BRDA:178,22,0,0
BRDA:178,22,1,0
BRDA:191,23,0,0
BRDA:191,23,1,0
BRDA:198,24,0,0
BRDA:198,24,1,0
BRDA:205,25,0,0
BRDA:205,25,1,0
BRDA:208,26,0,0
BRDA:208,26,1,0
BRDA:210,27,0,0
BRDA:210,27,1,0
BRDA:213,28,0,0
BRDA:213,28,1,0
BRDA:216,29,0,0
BRDA:216,29,1,0
BRDA:216,30,0,0
BRDA:216,30,1,0
BRDA:234,31,0,0
BRDA:234,31,1,0
BRDA:238,32,0,0
BRDA:238,32,1,0
BRDA:245,33,0,0
BRDA:245,33,1,0
BRDA:279,34,0,0
BRDA:279,34,1,0
BRDA:285,35,0,0
BRDA:285,35,1,0
BRDA:291,36,0,0
BRDA:291,36,1,0
BRDA:293,37,0,0
BRDA:293,37,1,0
BRDA:299,38,0,0
BRDA:299,38,1,0
BRDA:308,39,0,0
BRDA:308,39,1,0
BRDA:312,40,0,0
BRDA:312,40,1,0
BRDA:316,41,0,0
BRDA:316,41,1,0
BRDA:328,42,0,0
BRDA:328,42,1,0
BRDA:332,43,0,0
BRDA:332,43,1,0
BRDA:379,44,0,0
BRDA:379,44,1,0
BRDA:388,45,0,0
BRDA:388,45,1,0
BRDA:391,46,0,0
BRDA:391,46,1,0
BRDA:393,47,0,0
BRDA:393,47,1,0
BRDA:401,48,0,0
BRDA:401,48,1,0
BRDA:401,49,0,0
BRDA:401,49,1,0
BRDA:402,50,0,0
BRDA:402,50,1,0
BRDA:406,51,0,0
BRDA:406,51,1,0
BRDA:445,52,0,0
BRDA:445,52,1,0
BRDA:456,53,0,0
BRDA:456,53,1,0
BRDA:460,54,0,0
BRDA:460,54,1,0
BRDA:462,55,0,0
BRDA:462,55,1,0
BRDA:493,56,0,0
BRDA:493,56,1,0
BRDA:501,57,0,0
BRDA:501,57,1,0
BRDA:505,58,0,0
BRDA:505,58,1,0
BRDA:507,59,0,0
BRDA:507,59,1,0
BRF:121
BRH:0
end_of_record
TN:
SF:src\screens\tenant-messages-screen.tsx
FN:18,TenantMessagesScreen
FN:24,(anonymous_1)
FN:26,(anonymous_2)
FN:28,(anonymous_3)
FN:34,(anonymous_4)
FN:37,(anonymous_5)
FN:64,(anonymous_6)
FN:78,(anonymous_7)
FN:102,(anonymous_8)
FN:114,(anonymous_9)
FNF:10
FNH:0
FNDA:0,TenantMessagesScreen
FNDA:0,(anonymous_1)
FNDA:0,(anonymous_2)
FNDA:0,(anonymous_3)
FNDA:0,(anonymous_4)
FNDA:0,(anonymous_5)
FNDA:0,(anonymous_6)
FNDA:0,(anonymous_7)
FNDA:0,(anonymous_8)
FNDA:0,(anonymous_9)
DA:19,0
DA:20,0
DA:21,0
DA:22,0
DA:24,0
DA:26,0
DA:28,0
DA:29,0
DA:30,0
DA:33,0
DA:34,0
DA:37,0
DA:38,0
DA:42,0
DA:43,0
DA:53,0
DA:54,0
DA:57,0
DA:58,0
DA:65,0
DA:73,0
DA:79,0
DA:102,0
DA:115,0
DA:116,0
DA:119,0
DA:139,0
LF:27
LH:0
BRDA:24,0,0,0
BRDA:24,0,1,0
BRDA:26,1,0,0
BRDA:26,1,1,0
BRDA:29,2,0,0
BRDA:29,2,1,0
BRDA:29,3,0,0
BRDA:29,3,1,0
BRDA:34,4,0,0
BRDA:34,4,1,0
BRDA:42,5,0,0
BRDA:42,5,1,0
BRDA:53,6,0,0
BRDA:53,6,1,0
BRDA:57,7,0,0
BRDA:57,7,1,0
BRDA:62,8,0,0
BRDA:62,8,1,0
BRDA:93,9,0,0
BRDA:93,9,1,0
BRDA:109,10,0,0
BRDA:109,10,1,0
BRDA:115,11,0,0
BRDA:115,11,1,0
BRDA:128,12,0,0
BRDA:128,12,1,0
BRDA:130,13,0,0
BRDA:130,13,1,0
BRF:28
BRH:0
end_of_record
TN:
SF:src\screens\tenant-payments-screen.tsx
FN:30,TenantPaymentsScreen
FN:36,(anonymous_1)
FN:36,(anonymous_2)
FN:62,(anonymous_3)
FN:71,(anonymous_4)
FN:121,(anonymous_5)
FN:199,(anonymous_6)
FN:202,(anonymous_7)
FN:209,(anonymous_8)
FN:212,(anonymous_9)
FN:227,(anonymous_10)
FN:255,(anonymous_11)
FNF:12
FNH:0
FNDA:0,TenantPaymentsScreen
FNDA:0,(anonymous_1)
FNDA:0,(anonymous_2)
FNDA:0,(anonymous_3)
FNDA:0,(anonymous_4)
FNDA:0,(anonymous_5)
FNDA:0,(anonymous_6)
FNDA:0,(anonymous_7)
FNDA:0,(anonymous_8)
FNDA:0,(anonymous_9)
FNDA:0,(anonymous_10)
FNDA:0,(anonymous_11)
DA:22,0
DA:31,0
DA:32,0
DA:33,0
DA:35,0
DA:36,0
DA:40,0
DA:41,0
DA:51,0
DA:52,0
DA:55,0
DA:56,0
DA:63,0
DA:71,0
DA:72,0
DA:73,0
DA:77,0
DA:80,0
DA:81,0
DA:82,0
DA:88,0
DA:89,0
DA:92,0
DA:93,0
DA:99,0
DA:112,0
DA:113,0
DA:115,0
DA:117,0
DA:121,0
DA:122,0
DA:123,0
DA:127,0
DA:130,0
DA:131,0
DA:132,0
DA:133,0
DA:143,0
DA:144,0
DA:147,0
DA:159,0
DA:160,0
DA:162,0
DA:167,0
DA:171,0
DA:199,0
DA:202,0
DA:210,0
DA:212,0
DA:228,0
DA:230,0
DA:255,0
DA:268,0
LF:53
LH:0
BRDA:36,0,0,0
BRDA:36,0,1,0
BRDA:40,1,0,0
BRDA:40,1,1,0
BRDA:51,2,0,0
BRDA:51,2,1,0
BRDA:55,3,0,0
BRDA:55,3,1,0
BRDA:60,4,0,0
BRDA:60,4,1,0
BRDA:72,5,0,0
BRDA:72,5,1,0
BRDA:88,6,0,0
BRDA:88,6,1,0
BRDA:115,7,0,0
BRDA:115,7,1,0
BRDA:122,8,0,0
BRDA:122,8,1,0
BRDA:132,9,0,0
BRDA:132,9,1,0
BRDA:135,10,0,0
BRDA:135,10,1,0
BRDA:137,11,0,0
BRDA:137,11,1,0
BRDA:140,12,0,0
BRDA:140,12,1,0
BRDA:143,13,0,0
BRDA:143,13,1,0
BRDA:143,14,0,0
BRDA:143,14,1,0
BRDA:144,15,0,0
BRDA:144,15,1,0
BRDA:164,16,0,0
BRDA:164,16,1,0
BRDA:194,17,0,0
BRDA:194,17,1,0
BRDA:195,18,0,0
BRDA:195,18,1,0
BRDA:213,19,0,0
BRDA:213,19,1,0
BRDA:221,20,0,0
BRDA:221,20,1,0
BRDA:237,21,0,0
BRDA:237,21,1,0
BRDA:243,22,0,0
BRDA:243,22,1,0
BRDA:245,23,0,0
BRDA:245,23,1,0
BRDA:254,24,0,0
BRDA:254,24,1,0
BRF:50
BRH:0
end_of_record
TN:
SF:src\screens\terms-screen.tsx
FN:64,TermsScreen
FN:79,(anonymous_1)
FNF:2
FNH:0
FNDA:0,TermsScreen
FNDA:0,(anonymous_1)
DA:6,0
DA:65,0
DA:80,0
DA:89,0
LF:4
LH:0
BRF:0
BRH:0
end_of_record
TN:
SF:src\services\admin.ts
FN:20,fetchAdminDashboard
FN:49,activateProperty
FN:54,deactivateProperty
FN:59,saveAdminProperty
FN:68,deleteAdminProperty
FN:73,confirmAdminPayment
FN:78,rejectAdminPayment
FN:83,terminateTenancy
FNF:8
FNH:0
FNDA:0,fetchAdminDashboard
FNDA:0,activateProperty
FNDA:0,deactivateProperty
FNDA:0,saveAdminProperty
FNDA:0,deleteAdminProperty
FNDA:0,confirmAdminPayment
FNDA:0,rejectAdminPayment
FNDA:0,terminateTenancy
DA:21,0
DA:30,0
DA:50,0
DA:51,0
DA:55,0
DA:56,0
DA:63,0
DA:64,0
DA:65,0
DA:69,0
DA:70,0
DA:74,0
DA:75,0
DA:79,0
DA:80,0
DA:84,0
DA:85,0
LF:17
LH:0
BRDA:39,0,0,0
BRDA:39,0,1,0
BRF:2
BRH:0
end_of_record
TN:
SF:src\services\auth-storage.ts
FN:11,emit
FN:12,(anonymous_1)
FN:15,getStoredAuthSession
FN:30,setStoredAuthSession
FN:35,clearStoredAuthSession
FN:40,getAccessToken
FN:45,refreshStoredAuthSession
FN:65,(anonymous_7)
FN:117,subscribeToAuthSession
FN:120,(anonymous_9)
FNF:10
FNH:0
FNDA:0,emit
FNDA:0,(anonymous_1)
FNDA:0,getStoredAuthSession
FNDA:0,setStoredAuthSession
FNDA:0,clearStoredAuthSession
FNDA:0,getAccessToken
FNDA:0,refreshStoredAuthSession
FNDA:0,(anonymous_7)
FNDA:0,subscribeToAuthSession
FNDA:0,(anonymous_9)
DA:5,0
DA:9,0
DA:12,0
DA:16,0
DA:18,0
DA:19,0
DA:22,0
DA:23,0
DA:25,0
DA:26,0
DA:31,0
DA:32,0
DA:36,0
DA:37,0
DA:41,0
DA:42,0
DA:46,0
DA:48,0
DA:49,0
DA:50,0
DA:53,0
DA:54,0
DA:65,0
DA:67,0
DA:68,0
DA:69,0
DA:72,0
DA:113,0
DA:114,0
DA:118,0
DA:120,0
DA:121,0
LF:32
LH:0
BRDA:18,0,0,0
BRDA:18,0,1,0
BRDA:42,1,0,0
BRDA:42,1,1,0
BRDA:48,2,0,0
BRDA:48,2,1,0
BRDA:67,3,0,0
BRDA:67,3,1,0
BRDA:67,4,0,0
BRDA:67,4,1,0
BRDA:67,4,2,0
BRDA:74,5,0,0
BRDA:74,5,1,0
BRDA:74,6,0,0
BRDA:74,6,1,0
BRDA:78,7,0,0
BRDA:78,7,1,0
BRDA:78,8,0,0
BRDA:78,8,1,0
BRDA:82,9,0,0
BRDA:82,9,1,0
BRDA:82,10,0,0
BRDA:82,10,1,0
BRDA:82,10,2,0
BRDA:82,10,3,0
BRDA:85,11,0,0
BRDA:85,11,1,0
BRDA:88,12,0,0
BRDA:88,12,1,0
BRDA:88,13,0,0
BRDA:88,13,1,0
BRDA:88,13,2,0
BRDA:88,13,3,0
BRDA:88,13,4,0
BRDA:96,14,0,0
BRDA:96,14,1,0
BRDA:96,15,0,0
BRDA:96,15,1,0
BRDA:96,15,2,0
BRDA:96,15,3,0
BRDA:96,15,4,0
BRDA:104,16,0,0
BRDA:104,16,1,0
BRDA:104,17,0,0
BRDA:104,17,1,0
BRDA:104,17,2,0
BRDA:104,17,3,0
BRDA:109,18,0,0
BRDA:109,18,1,0
BRF:49
BRH:0
end_of_record
TN:
SF:src\services\auth.ts
FN:10,isKnownRole
FN:35,fetchUserRole
FN:52,fetchProfile
FN:71,fetchAuthSnapshot
FN:106,signInWithPassword
FN:138,registerUser
FN:192,signOutUser
FN:203,updateProfile
FNF:8
FNH:0
FNDA:0,isKnownRole
FNDA:0,fetchUserRole
FNDA:0,fetchProfile
FNDA:0,fetchAuthSnapshot
FNDA:0,signInWithPassword
FNDA:0,registerUser
FNDA:0,signOutUser
FNDA:0,updateProfile
DA:8,0
DA:11,0
DA:36,0
DA:38,0
DA:45,0
DA:46,0
DA:49,0
DA:53,0
DA:54,0
DA:68,0
DA:72,0
DA:73,0
DA:81,0
DA:86,0
DA:87,0
DA:93,0
DA:96,0
DA:98,0
DA:107,0
DA:122,0
DA:133,0
DA:135,0
DA:139,0
DA:160,0
DA:174,0
DA:176,0
DA:177,0
DA:178,0
DA:185,0
DA:189,0
DA:193,0
DA:194,0
DA:199,0
DA:204,0
DA:205,0
DA:207,0
DA:208,0
DA:211,0
DA:213,0
DA:232,0
LF:40
LH:0
BRDA:11,0,0,0
BRDA:11,0,1,0
BRDA:11,0,2,0
BRDA:45,1,0,0
BRDA:45,1,1,0
BRDA:72,2,0,0
BRDA:72,2,1,0
BRDA:86,3,0,0
BRDA:86,3,1,0
BRDA:87,4,0,0
BRDA:87,4,1,0
BRDA:88,5,0,0
BRDA:88,5,1,0
BRDA:93,6,0,0
BRDA:93,6,1,0
BRDA:93,7,0,0
BRDA:93,7,1,0
BRDA:95,8,0,0
BRDA:95,8,1,0
BRDA:95,8,2,0
BRDA:96,9,0,0
BRDA:96,9,1,0
BRDA:124,10,0,0
BRDA:124,10,1,0
BRDA:125,11,0,0
BRDA:125,11,1,0
BRDA:129,12,0,0
BRDA:129,12,1,0
BRDA:154,13,0,0
BRDA:154,13,1,0
BRDA:162,14,0,0
BRDA:162,14,1,0
BRDA:163,15,0,0
BRDA:163,15,1,0
BRDA:167,16,0,0
BRDA:167,16,1,0
BRDA:176,17,0,0
BRDA:176,17,1,0
BRDA:181,18,0,0
BRDA:181,18,1,0
BRDA:207,19,0,0
BRDA:207,19,1,0
BRDA:227,20,0,0
BRDA:227,20,1,0
BRF:44
BRH:0
end_of_record
TN:
SF:src\services\backend-api.ts
FN:11,buildUrl
FN:15,(anonymous_1)
FN:26,apiRequest
FN:30,apiRequestInternal
FNF:4
FNH:0
FNDA:0,buildUrl
FNDA:0,(anonymous_1)
FNDA:0,apiRequest
FNDA:0,apiRequestInternal
DA:12,0
DA:13,0
DA:15,0
DA:16,0
DA:17,0
DA:20,0
DA:23,0
DA:27,0
DA:35,0
DA:36,0
DA:37,0
DA:39,0
DA:41,0
DA:42,0
DA:44,0
DA:45,0
DA:48,0
DA:51,0
DA:52,0
DA:57,0
DA:58,0
DA:64,0
DA:65,0
DA:67,0
DA:68,0
DA:73,0
DA:74,0
DA:79,0
DA:82,0
DA:83,0
DA:87,0
DA:88,0
DA:90,0
DA:91,0
DA:95,0
DA:97,0
DA:103,0
DA:106,0
LF:38
LH:0
BRDA:15,0,0,0
BRDA:15,0,1,0
BRDA:16,1,0,0
BRDA:16,1,1,0
BRDA:16,2,0,0
BRDA:16,2,1,0
BRDA:26,3,0,0
BRDA:36,4,0,0
BRDA:36,4,1,0
BRDA:41,5,0,0
BRDA:41,5,1,0
BRDA:44,6,0,0
BRDA:44,6,1,0
BRDA:51,7,0,0
BRDA:51,7,1,0
BRDA:59,8,0,0
BRDA:59,8,1,0
BRDA:67,9,0,0
BRDA:67,9,1,0
BRDA:73,10,0,0
BRDA:73,10,1,0
BRDA:79,11,0,0
BRDA:79,11,1,0
BRDA:82,12,0,0
BRDA:82,12,1,0
BRDA:83,13,0,0
BRDA:83,13,1,0
BRDA:87,14,0,0
BRDA:87,14,1,0
BRDA:87,15,0,0
BRDA:87,15,1,0
BRDA:87,15,2,0
BRDA:90,16,0,0
BRDA:90,16,1,0
BRDA:95,17,0,0
BRDA:95,17,1,0
BRDA:97,18,0,0
BRDA:97,18,1,0
BRDA:97,19,0,0
BRDA:97,19,1,0
BRDA:97,19,2,0
BRDA:99,20,0,0
BRDA:99,20,1,0
BRF:43
BRH:0
end_of_record
TN:
SF:src\services\backend-mappers.ts
FN:117,toNumber
FN:125,toPropertyStatus
FN:133,toPropertyType
FN:150,toTenancyStatus
FN:158,buildPropertyTitle
FN:170,mapBackendPropertyToPropertyRow
FN:198,mapBackendRentalUnitToRentalUnitRow
FN:218,mapBackendLeaseToTenancyRow
FN:235,buildProofNote
FN:245,extractProofUrl
FN:254,mapBackendPaymentToPaymentRow
FN:287,mapBackendMessage
FN:319,mapBackendProfileToProfileRow
FN:331,buildTenantName
FN:335,mapPropertyInsertToBackendPayload
FN:356,mapPropertyUpdateToBackendPayload
FN:375,mapRentalUnitInsertToBackendPayload
FN:392,mapTenancyInsertToBackendPayload
FNF:18
FNH:0
FNDA:0,toNumber
FNDA:0,toPropertyStatus
FNDA:0,toPropertyType
FNDA:0,toTenancyStatus
FNDA:0,buildPropertyTitle
FNDA:0,mapBackendPropertyToPropertyRow
FNDA:0,mapBackendRentalUnitToRentalUnitRow
FNDA:0,mapBackendLeaseToTenancyRow
FNDA:0,buildProofNote
FNDA:0,extractProofUrl
FNDA:0,mapBackendPaymentToPaymentRow
FNDA:0,mapBackendMessage
FNDA:0,mapBackendProfileToProfileRow
FNDA:0,buildTenantName
FNDA:0,mapPropertyInsertToBackendPayload
FNDA:0,mapPropertyUpdateToBackendPayload
FNDA:0,mapRentalUnitInsertToBackendPayload
FNDA:0,mapTenancyInsertToBackendPayload
DA:115,0
DA:118,0
DA:119,0
DA:122,0
DA:126,0
DA:127,0
DA:130,0
DA:134,0
DA:143,0
DA:144,0
DA:147,0
DA:151,0
DA:152,0
DA:155,0
DA:159,0
DA:160,0
DA:163,0
DA:164,0
DA:167,0
DA:171,0
DA:199,0
DA:219,0
DA:236,0
DA:238,0
DA:239,0
DA:242,0
DA:246,0
DA:247,0
DA:250,0
DA:251,0
DA:262,0
DA:264,0
DA:298,0
DA:320,0
DA:332,0
DA:336,0
DA:357,0
DA:376,0
DA:393,0
LF:39
LH:0
BRDA:118,0,0,0
BRDA:118,0,1,0
BRDA:122,1,0,0
BRDA:122,1,1,0
BRDA:126,2,0,0
BRDA:126,2,1,0
BRDA:126,3,0,0
BRDA:126,3,1,0
BRDA:143,4,0,0
BRDA:143,4,1,0
BRDA:143,5,0,0
BRDA:143,5,1,0
BRDA:151,6,0,0
BRDA:151,6,1,0
BRDA:151,7,0,0
BRDA:151,7,1,0
BRDA:159,8,0,0
BRDA:159,8,1,0
BRDA:163,9,0,0
BRDA:163,9,1,0
BRDA:172,10,0,0
BRDA:172,10,1,0
BRDA:173,11,0,0
BRDA:173,11,1,0
BRDA:174,12,0,0
BRDA:174,12,1,0
BRDA:177,13,0,0
BRDA:177,13,1,0
BRDA:179,14,0,0
BRDA:179,14,1,0
BRDA:180,15,0,0
BRDA:180,15,1,0
BRDA:180,15,2,0
BRDA:182,16,0,0
BRDA:182,16,1,0
BRDA:200,17,0,0
BRDA:200,17,1,0
BRDA:204,18,0,0
BRDA:204,18,1,0
BRDA:205,19,0,0
BRDA:205,19,1,0
BRDA:207,20,0,0
BRDA:207,20,1,0
BRDA:210,21,0,0
BRDA:210,21,1,0
BRDA:211,22,0,0
BRDA:211,22,1,0
BRDA:236,23,0,0
BRDA:236,23,1,0
BRDA:238,24,0,0
BRDA:238,24,1,0
BRDA:239,25,0,0
BRDA:239,25,1,0
BRDA:246,26,0,0
BRDA:246,26,1,0
BRDA:251,27,0,0
BRDA:251,27,1,0
BRDA:269,28,0,0
BRDA:269,28,1,0
BRDA:269,28,2,0
BRDA:270,29,0,0
BRDA:270,29,1,0
BRDA:271,30,0,0
BRDA:271,30,1,0
BRDA:272,31,0,0
BRDA:272,31,1,0
BRDA:272,31,2,0
BRDA:273,32,0,0
BRDA:273,32,1,0
BRDA:274,33,0,0
BRDA:274,33,1,0
BRDA:276,34,0,0
BRDA:276,34,1,0
BRDA:276,35,0,0
BRDA:276,35,1,0
BRDA:276,35,2,0
BRDA:299,36,0,0
BRDA:299,36,1,0
BRDA:303,37,0,0
BRDA:303,37,1,0
BRDA:305,38,0,0
BRDA:305,38,1,0
BRDA:307,39,0,0
BRDA:307,39,1,0
BRDA:321,40,0,0
BRDA:321,40,1,0
BRDA:323,41,0,0
BRDA:323,41,1,0
BRDA:325,42,0,0
BRDA:325,42,1,0
BRDA:326,43,0,0
BRDA:326,43,1,0
BRDA:332,44,0,0
BRDA:332,44,1,0
BRDA:337,45,0,0
BRDA:337,45,1,0
BRDA:338,46,0,0
BRDA:338,46,1,0
BRDA:341,47,0,0
BRDA:341,47,1,0
BRDA:343,48,0,0
BRDA:343,48,1,0
BRDA:344,49,0,0
BRDA:344,49,1,0
BRDA:352,50,0,0
BRDA:352,50,1,0
BRDA:358,51,0,0
BRDA:358,51,1,0
BRDA:362,52,0,0
BRDA:362,52,1,0
BRDA:363,53,0,0
BRDA:363,53,1,0
BRDA:365,54,0,0
BRDA:365,54,1,0
BRDA:377,55,0,0
BRDA:377,55,1,0
BRDA:385,56,0,0
BRDA:385,56,1,0
BRDA:399,57,0,0
BRDA:399,57,1,0
BRF:120
BRH:0
end_of_record
TN:
SF:src\services\manager.ts
FN:49,fetchManagerDashboard
FN:136,(anonymous_1)
FN:139,(anonymous_2)
FN:147,(anonymous_3)
FN:148,(anonymous_4)
FN:154,(anonymous_5)
FN:159,(anonymous_6)
FN:163,(anonymous_7)
FN:172,(anonymous_8)
FN:181,createProperty
FN:189,updateProperty
FN:197,deleteProperty
FN:204,addRentalUnit
FN:212,createTenancy
FN:229,createTenancyWorkflow
FN:266,getUserIdByEmail
FN:274,confirmManagerPayment
FN:282,confirmManagerPaymentWorkflow
FN:297,rejectManagerPayment
FN:305,rejectManagerPaymentWorkflow
FN:320,sendManagerMessage
FN:332,markManagerMessageRead
FN:340,sendRentReminder
FNF:23
FNH:0
FNDA:0,fetchManagerDashboard
FNDA:0,(anonymous_1)
FNDA:0,(anonymous_2)
FNDA:0,(anonymous_3)
FNDA:0,(anonymous_4)
FNDA:0,(anonymous_5)
FNDA:0,(anonymous_6)
FNDA:0,(anonymous_7)
FNDA:0,(anonymous_8)
FNDA:0,createProperty
FNDA:0,updateProperty
FNDA:0,deleteProperty
FNDA:0,addRentalUnit
FNDA:0,createTenancy
FNDA:0,createTenancyWorkflow
FNDA:0,getUserIdByEmail
FNDA:0,confirmManagerPayment
FNDA:0,confirmManagerPaymentWorkflow
FNDA:0,rejectManagerPayment
FNDA:0,rejectManagerPaymentWorkflow
FNDA:0,sendManagerMessage
FNDA:0,markManagerMessageRead
FNDA:0,sendRentReminder
DA:50,0
DA:57,0
DA:133,0
DA:134,0
DA:135,0
DA:136,0
DA:138,0
DA:139,0
DA:147,0
DA:148,0
DA:149,0
DA:154,0
DA:155,0
DA:158,0
DA:159,0
DA:163,0
DA:172,0
DA:182,0
DA:190,0
DA:198,0
DA:205,0
DA:213,0
DA:236,0
DA:248,0
DA:253,0
DA:254,0
DA:255,0
DA:256,0
DA:261,0
DA:267,0
DA:271,0
DA:275,0
DA:283,0
DA:285,0
DA:286,0
DA:287,0
DA:292,0
DA:298,0
DA:306,0
DA:308,0
DA:309,0
DA:310,0
DA:315,0
DA:321,0
DA:333,0
DA:344,0
DA:345,0
DA:348,0
DA:352,0
LF:49
LH:0
BRDA:143,0,0,0
BRDA:143,0,1,0
BRDA:151,1,0,0
BRDA:151,1,1,0
BRDA:161,2,0,0
BRDA:161,2,1,0
BRDA:165,3,0,0
BRDA:165,3,1,0
BRDA:221,4,0,0
BRDA:221,4,1,0
BRDA:253,5,0,0
BRDA:253,5,1,0
BRDA:253,5,2,0
BRDA:254,6,0,0
BRDA:254,6,1,0
BRDA:258,7,0,0
BRDA:258,7,1,0
BRDA:258,8,0,0
BRDA:258,8,1,0
BRDA:271,9,0,0
BRDA:271,9,1,0
BRDA:285,10,0,0
BRDA:285,10,1,0
BRDA:308,11,0,0
BRDA:308,11,1,0
BRDA:325,12,0,0
BRDA:325,12,1,0
BRDA:344,13,0,0
BRDA:344,13,1,0
BRDA:354,14,0,0
BRDA:354,14,1,0
BRDA:354,15,0,0
BRDA:354,15,1,0
BRF:33
BRH:0
end_of_record
TN:
SF:src\services\onboarding-storage.ts
FN:5,hasSeenOnboarding
FN:10,markOnboardingSeen
FNF:2
FNH:0
FNDA:0,hasSeenOnboarding
FNDA:0,markOnboardingSeen
DA:3,0
DA:6,0
DA:7,0
DA:11,0
LF:4
LH:0
BRF:0
BRH:0
end_of_record
TN:
SF:src\services\platform.ts
FN:3,resolvePaymentProofUrl
FN:15,extractPaymentProofUrlFromNotes
FN:24,sendSmsMessage
FNF:3
FNH:0
FNDA:0,resolvePaymentProofUrl
FNDA:0,extractPaymentProofUrlFromNotes
FNDA:0,sendSmsMessage
DA:4,0
DA:5,0
DA:8,0
DA:9,0
DA:12,0
DA:16,0
DA:17,0
DA:20,0
DA:21,0
DA:25,0
DA:26,0
DA:29,0
LF:12
LH:0
BRDA:4,0,0,0
BRDA:4,0,1,0
BRDA:8,1,0,0
BRDA:8,1,1,0
BRDA:16,2,0,0
BRDA:16,2,1,0
BRDA:21,3,0,0
BRDA:21,3,1,0
BRDA:25,4,0,0
BRDA:25,4,1,0
BRF:10
BRH:0
end_of_record
TN:
SF:src\services\properties.ts
FN:27,fetchExploreStats
FN:42,fetchProperties
FN:68,(anonymous_2)
FN:72,(anonymous_3)
FN:78,(anonymous_4)
FN:82,(anonymous_5)
FN:86,(anonymous_6)
FN:90,(anonymous_7)
FN:99,fetchPropertyDetails
FNF:9
FNH:0
FNDA:0,fetchExploreStats
FNDA:0,fetchProperties
FNDA:0,(anonymous_2)
FNDA:0,(anonymous_3)
FNDA:0,(anonymous_4)
FNDA:0,(anonymous_5)
FNDA:0,(anonymous_6)
FNDA:0,(anonymous_7)
FNDA:0,fetchPropertyDetails
DA:28,0
DA:35,0
DA:43,0
DA:66,0
DA:68,0
DA:70,0
DA:71,0
DA:72,0
DA:73,0
DA:77,0
DA:78,0
DA:81,0
DA:82,0
DA:85,0
DA:86,0
DA:89,0
DA:90,0
DA:93,0
DA:100,0
DA:143,0
LF:20
LH:0
BRDA:36,0,0,0
BRDA:36,0,1,0
BRDA:42,1,0,0
BRDA:70,2,0,0
BRDA:70,2,1,0
BRDA:77,3,0,0
BRDA:77,3,1,0
BRDA:77,4,0,0
BRDA:77,4,1,0
BRDA:81,5,0,0
BRDA:81,5,1,0
BRDA:81,6,0,0
BRDA:81,6,1,0
BRDA:85,7,0,0
BRDA:85,7,1,0
BRDA:89,8,0,0
BRDA:89,8,1,0
BRF:17
BRH:0
end_of_record
TN:
SF:src\services\session-storage.ts
FN:12,encodeKeySegment
FN:14,(anonymous_1)
FN:18,toStorageKey
FN:22,toChunkMetaKey
FN:26,toChunkValueKey
FN:30,splitValue
FN:40,getWebItem
FN:48,setWebItem
FN:57,removeWebItem
FN:66,getSecureStoreItem
FN:73,setSecureStoreItem
FN:80,removeSecureStoreItem
FN:86,removeChunkedSecureStoreItem
FN:98,(anonymous_13)
FN:105,(anonymous_14)
FN:126,(anonymous_15)
FN:131,(anonymous_16)
FN:137,(anonymous_17)
FN:147,(anonymous_18)
FN:165,(anonymous_19)
FNF:20
FNH:0
FNDA:0,encodeKeySegment
FNDA:0,(anonymous_1)
FNDA:0,toStorageKey
FNDA:0,toChunkMetaKey
FNDA:0,toChunkValueKey
FNDA:0,splitValue
FNDA:0,getWebItem
FNDA:0,setWebItem
FNDA:0,removeWebItem
FNDA:0,getSecureStoreItem
FNDA:0,setSecureStoreItem
FNDA:0,removeSecureStoreItem
FNDA:0,removeChunkedSecureStoreItem
FNDA:0,(anonymous_13)
FNDA:0,(anonymous_14)
FNDA:0,(anonymous_15)
FNDA:0,(anonymous_16)
FNDA:0,(anonymous_17)
FNDA:0,(anonymous_18)
FNDA:0,(anonymous_19)
DA:4,0
DA:5,0
DA:6,0
DA:7,0
DA:8,0
DA:10,0
DA:13,0
DA:14,0
DA:19,0
DA:23,0
DA:27,0
DA:31,0
DA:33,0
DA:34,0
DA:37,0
DA:41,0
DA:42,0
DA:45,0
DA:49,0
DA:50,0
DA:51,0
DA:54,0
DA:58,0
DA:59,0
DA:60,0
DA:63,0
DA:67,0
DA:74,0
DA:81,0
DA:87,0
DA:88,0
DA:90,0
DA:91,0
DA:93,0
DA:94,0
DA:97,0
DA:99,0
DA:104,0
DA:106,0
DA:108,0
DA:109,0
DA:112,0
DA:114,0
DA:115,0
DA:118,0
DA:119,0
DA:121,0
DA:122,0
DA:125,0
DA:127,0
DA:131,0
DA:132,0
DA:135,0
DA:138,0
DA:140,0
DA:141,0
DA:142,0
DA:145,0
DA:148,0
DA:150,0
DA:151,0
DA:152,0
DA:155,0
DA:157,0
DA:158,0
DA:159,0
DA:162,0
DA:164,0
DA:165,0
DA:167,0
LF:70
LH:0
BRDA:14,0,0,0
BRDA:14,0,1,0
BRDA:41,1,0,0
BRDA:41,1,1,0
BRDA:45,2,0,0
BRDA:45,2,1,0
BRDA:49,3,0,0
BRDA:49,3,1,0
BRDA:58,4,0,0
BRDA:58,4,1,0
BRDA:93,5,0,0
BRDA:93,5,1,0
BRDA:93,6,0,0
BRDA:93,6,1,0
BRDA:108,7,0,0
BRDA:108,7,1,0
BRDA:114,8,0,0
BRDA:114,8,1,0
BRDA:121,9,0,0
BRDA:121,9,1,0
BRDA:121,10,0,0
BRDA:121,10,1,0
BRDA:131,11,0,0
BRDA:131,11,1,0
BRDA:140,12,0,0
BRDA:140,12,1,0
BRDA:150,13,0,0
BRDA:150,13,1,0
BRDA:157,14,0,0
BRDA:157,14,1,0
BRF:30
BRH:0
end_of_record
TN:
SF:src\services\tenant.ts
FN:29,fetchTenantDashboard
FN:87,(anonymous_1)
FN:89,(anonymous_2)
FN:111,(anonymous_3)
FN:125,(anonymous_4)
FN:126,(anonymous_5)
FN:127,(anonymous_6)
FN:133,(anonymous_7)
FN:142,createTenantPayment
FN:161,sendTenantMessage
FN:179,markMessageRead
FN:187,initiatePesapalPayment
FN:219,buildTenantPaymentProofNote
FNF:13
FNH:0
FNDA:0,fetchTenantDashboard
FNDA:0,(anonymous_1)
FNDA:0,(anonymous_2)
FNDA:0,(anonymous_3)
FNDA:0,(anonymous_4)
FNDA:0,(anonymous_5)
FNDA:0,(anonymous_6)
FNDA:0,(anonymous_7)
FNDA:0,createTenantPayment
FNDA:0,sendTenantMessage
FNDA:0,markMessageRead
FNDA:0,initiatePesapalPayment
FNDA:0,buildTenantPaymentProofNote
DA:30,0
DA:31,0
DA:86,0
DA:87,0
DA:88,0
DA:90,0
DA:111,0
DA:112,0
DA:113,0
DA:116,0
DA:117,0
DA:118,0
DA:121,0
DA:125,0
DA:127,0
DA:128,0
DA:133,0
DA:143,0
DA:167,0
DA:168,0
DA:180,0
DA:196,0
DA:223,0
LF:23
LH:0
BRDA:112,0,0,0
BRDA:112,0,1,0
BRDA:127,1,0,0
BRDA:127,1,1,0
BRDA:172,2,0,0
BRDA:172,2,1,0
BRF:6
BRH:0
end_of_record
TN:
SF:src\services\uploads.ts
FN:10,uploadPaymentProof
FN:41,uploadPropertyImages
FNF:2
FNH:0
FNDA:0,uploadPaymentProof
FNDA:0,uploadPropertyImages
DA:11,0
DA:12,0
DA:13,0
DA:14,0
DA:17,0
DA:18,0
DA:19,0
DA:25,0
DA:33,0
DA:34,0
DA:35,0
DA:38,0
DA:42,0
DA:43,0
DA:44,0
DA:45,0
DA:48,0
DA:49,0
DA:51,0
DA:52,0
DA:53,0
DA:59,0
DA:67,0
DA:68,0
DA:69,0
DA:72,0
DA:75,0
LF:27
LH:0
BRDA:13,0,0,0
BRDA:13,0,1,0
BRDA:21,1,0,0
BRDA:21,1,1,0
BRDA:34,2,0,0
BRDA:34,2,1,0
BRDA:35,3,0,0
BRDA:35,3,1,0
BRDA:44,4,0,0
BRDA:44,4,1,0
BRDA:55,5,0,0
BRDA:55,5,1,0
BRDA:68,6,0,0
BRDA:68,6,1,0
BRDA:69,7,0,0
BRDA:69,7,1,0
BRF:16
BRH:0
end_of_record
TN:
SF:src\theme\tokens.ts
FNF:0
FNH:0
DA:1,0
DA:26,0
DA:35,0
DA:42,0
DA:59,0
LF:5
LH:0
BRF:0
BRH:0
end_of_record
TN:
SF:src\types\auth.ts
FNF:0
FNH:0
LF:0
LH:0
BRF:0
BRH:0
end_of_record
TN:
SF:src\types\supabase.ts
FNF:0
FNH:0
LF:0
LH:0
BRF:0
BRH:0
end_of_record
TN:
SF:src\utils\constants.ts
FNF:0
FNH:0
DA:3,0
DA:26,0
DA:38,0
DA:44,0
DA:57,0
LF:5
LH:0
BRF:0
BRH:0
end_of_record
TN:
SF:src\utils\env.ts
FN:1,getBackendApiEnv
FNF:1
FNH:0
FNDA:0,getBackendApiEnv
DA:2,0
DA:4,0
DA:5,0
DA:10,0
DA:11,0
DA:16,0
LF:6
LH:0
BRDA:4,0,0,0
BRDA:4,0,1,0
BRDA:10,1,0,0
BRDA:10,1,1,0
BRF:4
BRH:0
end_of_record
TN:
SF:src\utils\format.ts
FN:4,formatUGX
FN:16,formatUGXFull
FN:20,formatDateLabel
FN:24,formatDateTimeLabel
FN:28,propertyTypeLabel
FN:41,rentPeriodSuffix
FN:51,titleCaseRole
FN:56,(anonymous_7)
FNF:8
FNH:0
FNDA:0,formatUGX
FNDA:0,formatUGXFull
FNDA:0,formatDateLabel
FNDA:0,formatDateTimeLabel
FNDA:0,propertyTypeLabel
FNDA:0,rentPeriodSuffix
FNDA:0,titleCaseRole
FNDA:0,(anonymous_7)
DA:5,0
DA:6,0
DA:9,0
DA:10,0
DA:13,0
DA:17,0
DA:21,0
DA:25,0
DA:29,0
DA:42,0
DA:52,0
DA:53,0
DA:56,0
LF:13
LH:0
BRDA:5,0,0,0
BRDA:5,0,1,0
BRDA:9,1,0,0
BRDA:9,1,1,0
BRDA:30,2,0,0
BRDA:30,2,1,0
BRDA:43,3,0,0
BRDA:43,3,1,0
BRDA:52,4,0,0
BRDA:52,4,1,0
BRF:10
BRH:0
end_of_record
TN:
SF:src\utils\math.ts
FN:1,(anonymous_0)
FNF:1
FNH:1
FNDA:1,(anonymous_0)
DA:1,1
LF:1
LH:1
BRF:0
BRH:0
end_of_record
